2025-08-26 15:48:04.628230 - House_2 at 2018-01-01 00:00:00: Initializing House_2 (OCHRE v0.9.1)
WARNING: Properties file weather station (G0800310) may be different from weather file used: /home/deras/.local/lib/python3.12/site-packages/ochre/defaults/Weather/USA_CO_Denver.Intl.AP.725650_TMY3.epw
WARNING: Cooling setpoint is within 1C of heating setpoint. Separating setpoints by at least 1C.
2025-08-26 15:48:07.259651 - PV at 2018-01-01 00:00:00: Running SAM
2025-08-26 15:48:07.783289 - House_2 at 2018-01-01 00:00:00: Running initialization for 1 day, 0:00:00
2025-08-26 15:48:08.028035 - House_2 at 2018-01-01 00:00:00: Dwelling Initialized
House_2 initialized
House_2 sending to agg: {"Battery Electric Power (kW)": 0, "Total Electric Power (kW)": 0}
2018-01-01 00:00:00 house received bad data: -9999999999999999464902769475481793196872414789632.000000
2018-01-01 00:00:00 house sending: {"Total Electric Power (kW)": 7.836147921057193, "Battery Electric Power (kW)": 0}
2018-01-01 00:10:00 house received: {'Battery': {'P Setpoint': 0.0}}
2018-01-01 00:10:00 house sending: {"Total Electric Power (kW)": 7.803046487842737, "Battery Electric Power (kW)": 0}
2018-01-01 00:20:00 house received: {'Battery': {'P Setpoint': -3.227981784376362}}
2018-01-01 00:20:00 house sending: {"Total Electric Power (kW)": 4.773302403679996, "Battery Electric Power (kW)": -3.227981784376362}
2018-01-01 00:30:00 house received: {'Battery': {'P Setpoint': -3.2136596238204334}}
2018-01-01 00:30:00 house sending: {"Total Electric Power (kW)": 4.874530011507092, "Battery Electric Power (kW)": -3.2136596238204334}
2018-01-01 00:40:00 house received: {'Battery': {'P Setpoint': -3.3128548300700578}}
2018-01-01 00:40:00 house sending: {"Total Electric Power (kW)": 4.575974015101567, "Battery Electric Power (kW)": -3.3128548300700578}
2018-01-01 00:50:00 house received: {'Battery': {'P Setpoint': -3.3565403318582865}}
2018-01-01 00:50:00 house sending: {"Total Electric Power (kW)": 4.470583279596345, "Battery Electric Power (kW)": -3.3565403318582865}
2018-01-01 01:00:00 house received: {'Battery': {'P Setpoint': -3.257387153007345}}
2018-01-01 01:00:00 house sending: {"Total Electric Power (kW)": 4.558304131905666, "Battery Electric Power (kW)": -3.257387153007345}
2018-01-01 01:10:00 house received: {'Battery': {'P Setpoint': -3.227042204376108}}
2018-01-01 01:10:00 house sending: {"Total Electric Power (kW)": 4.596140186016206, "Battery Electric Power (kW)": -3.227042204376108}
2018-01-01 01:20:00 house received: {'Battery': {'P Setpoint': -3.2213985250804864}}
2018-01-01 01:20:00 house sending: {"Total Electric Power (kW)": 7.546136121768514, "Battery Electric Power (kW)": -0.6353170106916367}
2018-01-01 01:30:00 house received: {'Battery': {'P Setpoint': -3.225681207899064}}
2018-01-01 01:30:00 house sending: {"Total Electric Power (kW)": 6.66765914177584, "Battery Electric Power (kW)": -0.00010157615931532824}
2018-01-01 01:40:00 house received: {'Battery': {'P Setpoint': -3.40535537124961}}
2018-01-01 01:40:00 house sending: {"Total Electric Power (kW)": 6.410284934207914, "Battery Electric Power (kW)": -2.580341023084409e-12}
2018-01-01 01:50:00 house received: {'Battery': {'P Setpoint': -2.6410703966909392}}
2018-01-01 01:50:00 house sending: {"Total Electric Power (kW)": 6.331817504784188, "Battery Electric Power (kW)": 0.0}
2018-01-01 02:00:00 house received: {'Battery': {'P Setpoint': -2.512878065225542}}
2018-01-01 02:00:00 house sending: {"Total Electric Power (kW)": 6.319196673780344, "Battery Electric Power (kW)": 0.0}
2018-01-01 02:10:00 house received: {'Battery': {'P Setpoint': -2.474220420356624}}
2018-01-01 02:10:00 house sending: {"Total Electric Power (kW)": 6.329333560956652, "Battery Electric Power (kW)": 0.0}
2018-01-01 02:20:00 house received: {'Battery': {'P Setpoint': -2.46806297204344}}
2018-01-01 02:20:00 house sending: {"Total Electric Power (kW)": 6.346936599167448, "Battery Electric Power (kW)": 0.0}
2018-01-01 02:30:00 house received: {'Battery': {'P Setpoint': -2.4737492745730467}}
2018-01-01 02:30:00 house sending: {"Total Electric Power (kW)": 5.9574697704583395, "Battery Electric Power (kW)": 0.0}
2018-01-01 02:40:00 house received: {'Battery': {'P Setpoint': -2.4831609475219425}}
2018-01-01 02:40:00 house sending: {"Total Electric Power (kW)": 5.978983451672181, "Battery Electric Power (kW)": 0.0}
2018-01-01 02:50:00 house received: {'Battery': {'P Setpoint': -2.2819711681352577}}
2018-01-01 02:50:00 house sending: {"Total Electric Power (kW)": 6.002841911468359, "Battery Electric Power (kW)": 0.0}
2018-01-01 03:00:00 house received: {'Battery': {'P Setpoint': -2.29330782284193}}
2018-01-01 03:00:00 house sending: {"Total Electric Power (kW)": 6.0261915094147325, "Battery Electric Power (kW)": 0.0}
2018-01-01 03:10:00 house received: {'Battery': {'P Setpoint': -2.30584230357458}}
2018-01-01 03:10:00 house sending: {"Total Electric Power (kW)": 6.051752876277865, "Battery Electric Power (kW)": 0.0}
2018-01-01 03:20:00 house received: {'Battery': {'P Setpoint': -2.3176662515122386}}
2018-01-01 03:20:00 house sending: {"Total Electric Power (kW)": 6.076608666841377, "Battery Electric Power (kW)": 0.0}
2018-01-01 03:30:00 house received: {'Battery': {'P Setpoint': -2.3310443368491196}}
2018-01-01 03:30:00 house sending: {"Total Electric Power (kW)": 5.817208211365356, "Battery Electric Power (kW)": 0.0}
2018-01-01 03:40:00 house received: {'Battery': {'P Setpoint': -2.3440445326463752}}
2018-01-01 03:40:00 house sending: {"Total Electric Power (kW)": 5.840348775397976, "Battery Electric Power (kW)": 0.0}
2018-01-01 03:50:00 house received: {'Battery': {'P Setpoint': -2.2098575071982633}}
2018-01-01 03:50:00 house sending: {"Total Electric Power (kW)": 5.864332591996088, "Battery Electric Power (kW)": 0.0}
2018-01-01 04:00:00 house received: {'Battery': {'P Setpoint': -2.221948533759451}}
2018-01-01 04:00:00 house sending: {"Total Electric Power (kW)": 5.886212392695938, "Battery Electric Power (kW)": 0.0}
2018-01-01 04:10:00 house received: {'Battery': {'P Setpoint': -2.2344703323060067}}
2018-01-01 04:10:00 house sending: {"Total Electric Power (kW)": 5.91002217264519, "Battery Electric Power (kW)": 0.0}
2018-01-01 04:20:00 house received: {'Battery': {'P Setpoint': -2.24547330734707}}
2018-01-01 04:20:00 house sending: {"Total Electric Power (kW)": 5.931646771524771, "Battery Electric Power (kW)": 0.0}
2018-01-01 04:30:00 house received: {'Battery': {'P Setpoint': -2.257881236301095}}
2018-01-01 04:30:00 house sending: {"Total Electric Power (kW)": 5.529876564566666, "Battery Electric Power (kW)": 0.0}
2018-01-01 04:40:00 house received: {'Battery': {'P Setpoint': -2.269159171827605}}
2018-01-01 04:40:00 house sending: {"Total Electric Power (kW)": 5.5487154259031986, "Battery Electric Power (kW)": 0.0}
2018-01-01 04:50:00 house received: {'Battery': {'P Setpoint': -2.0620113245595104}}
2018-01-01 04:50:00 house sending: {"Total Electric Power (kW)": 5.5674386008765175, "Battery Electric Power (kW)": 0.0}
2018-01-01 05:00:00 house received: {'Battery': {'P Setpoint': -2.0718324966447867}}
2018-01-01 05:00:00 house sending: {"Total Electric Power (kW)": 5.769761618381373, "Battery Electric Power (kW)": 0.0}
2018-01-01 05:10:00 house received: {'Battery': {'P Setpoint': -2.081602675246424}}
2018-01-01 05:10:00 house sending: {"Total Electric Power (kW)": 6.053158722440819, "Battery Electric Power (kW)": 0.0}
2018-01-01 05:20:00 house received: {'Battery': {'P Setpoint': -2.182669422423003}}
2018-01-01 05:20:00 house sending: {"Total Electric Power (kW)": 5.999041477790324, "Battery Electric Power (kW)": 0.0}
2018-01-01 05:30:00 house received: {'Battery': {'P Setpoint': -2.3247597171380305}}
2018-01-01 05:30:00 house sending: {"Total Electric Power (kW)": 5.2218720509711405, "Battery Electric Power (kW)": 0.0}
2018-01-01 05:40:00 house received: {'Battery': {'P Setpoint': -2.2980466959598282}}
2018-01-01 05:40:00 house sending: {"Total Electric Power (kW)": 5.160292051827438, "Battery Electric Power (kW)": 0.0}
2018-01-01 05:50:00 house received: {'Battery': {'P Setpoint': -1.900171716458356}}
2018-01-01 05:50:00 house sending: {"Total Electric Power (kW)": 5.1886196936258795, "Battery Electric Power (kW)": 0.0}
2018-01-01 06:00:00 house received: {'Battery': {'P Setpoint': -1.8696588836484858}}
2018-01-01 06:00:00 house sending: {"Total Electric Power (kW)": 5.1863342283903675, "Battery Electric Power (kW)": 0.0}
2018-01-01 06:10:00 house received: {'Battery': {'P Setpoint': -1.906120723053626}}
2018-01-01 06:10:00 house sending: {"Total Electric Power (kW)": 5.149017536740082, "Battery Electric Power (kW)": 0.0}
2018-01-01 06:20:00 house received: {'Battery': {'P Setpoint': -1.9248325523773042}}
2018-01-01 06:20:00 house sending: {"Total Electric Power (kW)": 5.151648626582311, "Battery Electric Power (kW)": 0.0}
2018-01-01 06:30:00 house received: {'Battery': {'P Setpoint': -1.9057065870341843}}
2018-01-01 06:30:00 house sending: {"Total Electric Power (kW)": 5.0624108476300735, "Battery Electric Power (kW)": 0.0}
2018-01-01 06:40:00 house received: {'Battery': {'P Setpoint': -1.9072087387628582}}
2018-01-01 06:40:00 house sending: {"Total Electric Power (kW)": 4.826074821347221, "Battery Electric Power (kW)": 0.0}
2018-01-01 06:50:00 house received: {'Battery': {'P Setpoint': -2.0232542496400674}}
2018-01-01 06:50:00 house sending: {"Total Electric Power (kW)": 4.821540088474056, "Battery Electric Power (kW)": 0.0}
2018-01-01 07:00:00 house received: {'Battery': {'P Setpoint': -1.9010350799897617}}
2018-01-01 07:00:00 house sending: {"Total Electric Power (kW)": 4.96521809704891, "Battery Electric Power (kW)": 0.0}
2018-01-01 07:10:00 house received: {'Battery': {'P Setpoint': -1.8987727996918857}}
2018-01-01 07:10:00 house sending: {"Total Electric Power (kW)": 4.82490530155373, "Battery Electric Power (kW)": 0.0}
2018-01-01 07:20:00 house received: {'Battery': {'P Setpoint': -2.0437115122423988}}
2018-01-01 07:20:00 house sending: {"Total Electric Power (kW)": 4.819371624920296, "Battery Electric Power (kW)": 0.0}
2018-01-01 07:30:00 house received: {'Battery': {'P Setpoint': -1.9711535907838922}}
2018-01-01 07:30:00 house sending: {"Total Electric Power (kW)": 4.271001079604445, "Battery Electric Power (kW)": 0.0}
2018-01-01 07:40:00 house received: {'Battery': {'P Setpoint': -1.9683431945213195}}
2018-01-01 07:40:00 house sending: {"Total Electric Power (kW)": 4.258952398240457, "Battery Electric Power (kW)": 0.0}
2018-01-01 07:50:00 house received: {'Battery': {'P Setpoint': -1.683528828479095}}
2018-01-01 07:50:00 house sending: {"Total Electric Power (kW)": 4.2504171602421, "Battery Electric Power (kW)": 0.0}
2018-01-01 08:00:00 house received: {'Battery': {'P Setpoint': -1.6776969959257348}}
2018-01-01 08:00:00 house sending: {"Total Electric Power (kW)": 4.25670022304496, "Battery Electric Power (kW)": 0.0}
2018-01-01 08:10:00 house received: {'Battery': {'P Setpoint': -1.6728019346102498}}
2018-01-01 08:10:00 house sending: {"Total Electric Power (kW)": 4.23355770212337, "Battery Electric Power (kW)": 0.0}
2018-01-01 08:20:00 house received: {'Battery': {'P Setpoint': -1.6821392600907332}}
2018-01-01 08:20:00 house sending: {"Total Electric Power (kW)": 4.224322846364157, "Battery Electric Power (kW)": 0.0}
2018-01-01 08:30:00 house received: {'Battery': {'P Setpoint': -1.6695632555466293}}
2018-01-01 08:30:00 house sending: {"Total Electric Power (kW)": 3.493175644103226, "Battery Electric Power (kW)": 0.0}
2018-01-01 08:40:00 house received: {'Battery': {'P Setpoint': -1.6633232086781535}}
2018-01-01 08:40:00 house sending: {"Total Electric Power (kW)": 3.4451552021779706, "Battery Electric Power (kW)": 0.0}
2018-01-01 08:50:00 house received: {'Battery': {'P Setpoint': -1.1377515623442642}}
2018-01-01 08:50:00 house sending: {"Total Electric Power (kW)": 3.412348373976974, "Battery Electric Power (kW)": 0.0}
2018-01-01 09:00:00 house received: {'Battery': {'P Setpoint': -1.1031632541427832}}
2018-01-01 09:00:00 house sending: {"Total Electric Power (kW)": 3.385224586226885, "Battery Electric Power (kW)": 0.0}
2018-01-01 09:10:00 house received: {'Battery': {'P Setpoint': -1.0771839921621216}}
2018-01-01 09:10:00 house sending: {"Total Electric Power (kW)": 3.35682864241061, "Battery Electric Power (kW)": 0.0}
2018-01-01 09:20:00 house received: {'Battery': {'P Setpoint': -1.0559345797331545}}
2018-01-01 09:20:00 house sending: {"Total Electric Power (kW)": 3.3312977858401633, "Battery Electric Power (kW)": 0.0}
2018-01-01 09:30:00 house received: {'Battery': {'P Setpoint': -1.0332854835344758}}
2018-01-01 09:30:00 house sending: {"Total Electric Power (kW)": 1.9544331635675953, "Battery Electric Power (kW)": 0.0}
2018-01-01 09:40:00 house received: {'Battery': {'P Setpoint': -1.0125402488521917}}
2018-01-01 09:40:00 house sending: {"Total Electric Power (kW)": 1.8112908181388823, "Battery Electric Power (kW)": 0.0}
2018-01-01 09:50:00 house received: {'Battery': {'P Setpoint': 0.0}}
2018-01-01 09:50:00 house sending: {"Total Electric Power (kW)": 1.6818769583790874, "Battery Electric Power (kW)": 0}
2018-01-01 10:00:00 house received: {'Battery': {'P Setpoint': 0.0}}
2018-01-01 10:00:00 house sending: {"Total Electric Power (kW)": 1.5581641976521723, "Battery Electric Power (kW)": 0}
2018-01-01 10:10:00 house received: {'Battery': {'P Setpoint': 0.0}}
2018-01-01 10:10:00 house sending: {"Total Electric Power (kW)": 1.448721462230061, "Battery Electric Power (kW)": 0}
2018-01-01 10:20:00 house received: {'Battery': {'P Setpoint': 0.0}}
2018-01-01 10:20:00 house sending: {"Total Electric Power (kW)": 1.3431502090113672, "Battery Electric Power (kW)": 0}
2018-01-01 10:30:00 house received: {'Battery': {'P Setpoint': 0.0}}
2018-01-01 10:30:00 house sending: {"Total Electric Power (kW)": 0.7197935372579655, "Battery Electric Power (kW)": 0}
2018-01-01 10:40:00 house received: {'Battery': {'P Setpoint': 0.0}}
2018-01-01 10:40:00 house sending: {"Total Electric Power (kW)": 0.6697469984917516, "Battery Electric Power (kW)": 0}
2018-01-01 10:50:00 house received: {'Battery': {'P Setpoint': 0.0}}
2018-01-01 10:50:00 house sending: {"Total Electric Power (kW)": 0.5250676410004198, "Battery Electric Power (kW)": 0}
2018-01-01 11:00:00 house received: {'Battery': {'P Setpoint': 0.0}}
2018-01-01 11:00:00 house sending: {"Total Electric Power (kW)": 0.38800407046501223, "Battery Electric Power (kW)": 0}
2018-01-01 11:10:00 house received: {'Battery': {'P Setpoint': 0.0}}
2018-01-01 11:10:00 house sending: {"Total Electric Power (kW)": 0.28203341365149187, "Battery Electric Power (kW)": 0}
2018-01-01 11:20:00 house received: {'Battery': {'P Setpoint': 0.0}}
2018-01-01 11:20:00 house sending: {"Total Electric Power (kW)": 0.26069382474643116, "Battery Electric Power (kW)": 0}
2018-01-01 11:30:00 house received: {'Battery': {'P Setpoint': 0.0}}
2018-01-01 11:30:00 house sending: {"Total Electric Power (kW)": -0.46394889858638494, "Battery Electric Power (kW)": 0}
2018-01-01 11:40:00 house received: {'Battery': {'P Setpoint': 0.0}}
2018-01-01 11:40:00 house sending: {"Total Electric Power (kW)": -0.40954776632426043, "Battery Electric Power (kW)": 0}
2018-01-01 11:50:00 house received: {'Battery': {'P Setpoint': 0.1253976405924888}}
2018-01-01 11:50:00 house sending: {"Total Electric Power (kW)": -0.4248464841359132, "Battery Electric Power (kW)": 0.1253976405924888}
2018-01-01 12:00:00 house received: {'Battery': {'P Setpoint': 0.11865855359628075}}
2018-01-01 12:00:00 house sending: {"Total Electric Power (kW)": -0.5538170552513286, "Battery Electric Power (kW)": 0.11865855359628075}
2018-01-01 12:10:00 house received: {'Battery': {'P Setpoint': 0.21168802175112145}}
2018-01-01 12:10:00 house sending: {"Total Electric Power (kW)": -0.5520628465158042, "Battery Electric Power (kW)": 0.21168802175112145}
2018-01-01 12:20:00 house received: {'Battery': {'P Setpoint': 0.2905875897048906}}
2018-01-01 12:20:00 house sending: {"Total Electric Power (kW)": -0.5452856544622573, "Battery Electric Power (kW)": 0.2905875897048906}
2018-01-01 12:30:00 house received: {'Battery': {'P Setpoint': 0.3553611872580147}}
2018-01-01 12:30:00 house sending: {"Total Electric Power (kW)": -0.05722674532173949, "Battery Electric Power (kW)": 0.3553611872580147}
2018-01-01 12:40:00 house received: {'Battery': {'P Setpoint': 0.4086375241089246}}
2018-01-01 12:40:00 house sending: {"Total Electric Power (kW)": -0.03982920803804807, "Battery Electric Power (kW)": 0.4086375241089246}
2018-01-01 12:50:00 house received: {'Battery': {'P Setpoint': 0.0}}
2018-01-01 12:50:00 house sending: {"Total Electric Power (kW)": -0.48404728444687556, "Battery Electric Power (kW)": 0}
2018-01-01 13:00:00 house received: {'Battery': {'P Setpoint': 0.0}}
2018-01-01 13:00:00 house sending: {"Total Electric Power (kW)": -0.5199833258114372, "Battery Electric Power (kW)": 0}
2018-01-01 13:10:00 house received: {'Battery': {'P Setpoint': 0.01596627808022255}}
2018-01-01 13:10:00 house sending: {"Total Electric Power (kW)": -0.5370945108411507, "Battery Electric Power (kW)": 0.01596627808022255}
2018-01-01 13:20:00 house received: {'Battery': {'P Setpoint': 0.043101114035748456}}
2018-01-01 13:20:00 house sending: {"Total Electric Power (kW)": -0.5419259166987767, "Battery Electric Power (kW)": 0.043101114035748456}
2018-01-01 13:30:00 house received: {'Battery': {'P Setpoint': 0.06723393230726837}}
2018-01-01 13:30:00 house sending: {"Total Electric Power (kW)": -0.6679047532347298, "Battery Electric Power (kW)": 0.06723393230726837}
2018-01-01 13:40:00 house received: {'Battery': {'P Setpoint': 0.08981012223084761}}
2018-01-01 13:40:00 house sending: {"Total Electric Power (kW)": -0.6710124041273688, "Battery Electric Power (kW)": 0.08981012223084761}
2018-01-01 13:50:00 house received: {'Battery': {'P Setpoint': 0.2739363476432908}}
2018-01-01 13:50:00 house sending: {"Total Electric Power (kW)": -0.5084509331885056, "Battery Electric Power (kW)": 0.2739363476432908}
2018-01-01 14:00:00 house received: {'Battery': {'P Setpoint': 0.28886548422881386}}
2018-01-01 14:00:00 house sending: {"Total Electric Power (kW)": -0.44904964802849734, "Battery Electric Power (kW)": 0.28886548422881386}
2018-01-01 14:10:00 house received: {'Battery': {'P Setpoint': 0.2998676061499703}}
2018-01-01 14:10:00 house sending: {"Total Electric Power (kW)": -0.3877694373824341, "Battery Electric Power (kW)": 0.2998676061499703}
2018-01-01 14:20:00 house received: {'Battery': {'P Setpoint': 0.2791492846411636}}
2018-01-01 14:20:00 house sending: {"Total Electric Power (kW)": -0.46272932100795017, "Battery Electric Power (kW)": 0.2791492846411636}
2018-01-01 14:30:00 house received: {'Battery': {'P Setpoint': 0.25030228505455043}}
2018-01-01 14:30:00 house sending: {"Total Electric Power (kW)": 0.026287338002485672, "Battery Electric Power (kW)": 0.25030228505455043}
2018-01-01 14:40:00 house received: {'Battery': {'P Setpoint': 0.27180680666784673}}
2018-01-01 14:40:00 house sending: {"Total Electric Power (kW)": 0.028193960349768676, "Battery Electric Power (kW)": 0.27180680666784673}
2018-01-01 14:50:00 house received: {'Battery': {'P Setpoint': 0.0}}
2018-01-01 14:50:00 house sending: {"Total Electric Power (kW)": -0.25854468455481633, "Battery Electric Power (kW)": 0}
2018-01-01 15:00:00 house received: {'Battery': {'P Setpoint': 0.0}}
2018-01-01 15:00:00 house sending: {"Total Electric Power (kW)": -0.2500376832920171, "Battery Electric Power (kW)": 0}
2018-01-01 15:10:00 house received: {'Battery': {'P Setpoint': 0.0}}
2018-01-01 15:10:00 house sending: {"Total Electric Power (kW)": -0.2818801399430709, "Battery Electric Power (kW)": 0}
2018-01-01 15:20:00 house received: {'Battery': {'P Setpoint': 0.0}}
2018-01-01 15:20:00 house sending: {"Total Electric Power (kW)": -0.3096381610569581, "Battery Electric Power (kW)": 0}
2018-01-01 15:30:00 house received: {'Battery': {'P Setpoint': 0.0}}
2018-01-01 15:30:00 house sending: {"Total Electric Power (kW)": 0.24728969919138793, "Battery Electric Power (kW)": 0}
2018-01-01 15:40:00 house received: {'Battery': {'P Setpoint': 0.0}}
2018-01-01 15:40:00 house sending: {"Total Electric Power (kW)": 0.2792813811992752, "Battery Electric Power (kW)": 0}
2018-01-01 15:50:00 house received: {'Battery': {'P Setpoint': 0.0}}
2018-01-01 15:50:00 house sending: {"Total Electric Power (kW)": 0.31149537002205746, "Battery Electric Power (kW)": 0}
2018-01-01 16:00:00 house received: {'Battery': {'P Setpoint': 0.0}}
2018-01-01 16:00:00 house sending: {"Total Electric Power (kW)": 0.46482200237932864, "Battery Electric Power (kW)": 0}
2018-01-01 16:10:00 house received: {'Battery': {'P Setpoint': 0.0}}
2018-01-01 16:10:00 house sending: {"Total Electric Power (kW)": 0.5863417720899399, "Battery Electric Power (kW)": 0}
2018-01-01 16:20:00 house received: {'Battery': {'P Setpoint': 0.0}}
2018-01-01 16:20:00 house sending: {"Total Electric Power (kW)": 0.7776548197098607, "Battery Electric Power (kW)": 0}
2018-01-01 16:30:00 house received: {'Battery': {'P Setpoint': 0.0}}
2018-01-01 16:30:00 house sending: {"Total Electric Power (kW)": 1.8491504069225497, "Battery Electric Power (kW)": 0}
2018-01-01 16:40:00 house received: {'Battery': {'P Setpoint': 0.0}}
2018-01-01 16:40:00 house sending: {"Total Electric Power (kW)": 2.090935030304564, "Battery Electric Power (kW)": 0}
2018-01-01 16:50:00 house received: {'Battery': {'P Setpoint': -0.10158819352979243}}
2018-01-01 16:50:00 house sending: {"Total Electric Power (kW)": 2.232921621953964, "Battery Electric Power (kW)": -0.10158819352979243}
2018-01-01 17:00:00 house received: {'Battery': {'P Setpoint': -0.2326574573062139}}
2018-01-01 17:00:00 house sending: {"Total Electric Power (kW)": 2.0218455584125654, "Battery Electric Power (kW)": -0.2326574573062139}
2018-01-01 17:10:00 house received: {'Battery': {'P Setpoint': -0.531071560799369}}
2018-01-01 17:10:00 house sending: {"Total Electric Power (kW)": 1.6589122296115368, "Battery Electric Power (kW)": -0.531071560799369}
2018-01-01 17:20:00 house received: {'Battery': {'P Setpoint': -0.5302487486643237}}
2018-01-01 17:20:00 house sending: {"Total Electric Power (kW)": 1.8862804261290416, "Battery Electric Power (kW)": -0.5302487486643237}
2018-01-01 17:30:00 house received: {'Battery': {'P Setpoint': -0.49702504537145975}}
2018-01-01 17:30:00 house sending: {"Total Electric Power (kW)": 2.1323870735889194, "Battery Electric Power (kW)": -0.49702504537145975}
2018-01-01 17:40:00 house received: {'Battery': {'P Setpoint': -0.610610027179272}}
2018-01-01 17:40:00 house sending: {"Total Electric Power (kW)": 1.918251526087452, "Battery Electric Power (kW)": -0.610610027179272}
2018-01-01 17:50:00 house received: {'Battery': {'P Setpoint': -0.7262669339935734}}
2018-01-01 17:50:00 house sending: {"Total Electric Power (kW)": 1.9890731323321522, "Battery Electric Power (kW)": -0.676500141257018}
2018-01-01 18:00:00 house received: {'Battery': {'P Setpoint': -0.6766960817019789}}
2018-01-01 18:00:00 house sending: {"Total Electric Power (kW)": 2.6939555118100946, "Battery Electric Power (kW)": -0.0001152166769627298}
2018-01-01 18:10:00 house received: {'Battery': {'P Setpoint': -0.7456107778834595}}
2018-01-01 18:10:00 house sending: {"Total Electric Power (kW)": 2.846110355648287, "Battery Electric Power (kW)": -3.3208290699859033e-12}
2018-01-01 18:20:00 house received: {'Battery': {'P Setpoint': -0.6792760507916809}}
2018-01-01 18:20:00 house sending: {"Total Electric Power (kW)": 2.711645391352788, "Battery Electric Power (kW)": 0.0}
2018-01-01 18:30:00 house received: {'Battery': {'P Setpoint': -0.7585119070480335}}
2018-01-01 18:30:00 house sending: {"Total Electric Power (kW)": 2.975330293748794, "Battery Electric Power (kW)": 0.0}
2018-01-01 18:40:00 house received: {'Battery': {'P Setpoint': -0.6917884059323463}}
2018-01-01 18:40:00 house sending: {"Total Electric Power (kW)": 3.0202688738103007, "Battery Electric Power (kW)": 0.0}
2018-01-01 18:50:00 house received: {'Battery': {'P Setpoint': -0.8342547009929211}}
2018-01-01 18:50:00 house sending: {"Total Electric Power (kW)": 2.9560254326916193, "Battery Electric Power (kW)": 0.0}
2018-01-01 19:00:00 house received: {'Battery': {'P Setpoint': -0.8572182030060826}}
2018-01-01 19:00:00 house sending: {"Total Electric Power (kW)": 2.8856923291061602, "Battery Electric Power (kW)": 0.0}
2018-01-01 19:10:00 house received: {'Battery': {'P Setpoint': -0.8255677904517242}}
2018-01-01 19:10:00 house sending: {"Total Electric Power (kW)": 2.874653817260592, "Battery Electric Power (kW)": 0.0}
2018-01-01 19:20:00 house received: {'Battery': {'P Setpoint': -0.7857477913678426}}
2018-01-01 19:20:00 house sending: {"Total Electric Power (kW)": 2.958671024100256, "Battery Electric Power (kW)": 0.0}
2018-01-01 19:30:00 house received: {'Battery': {'P Setpoint': -0.7808502922248872}}
2018-01-01 19:30:00 house sending: {"Total Electric Power (kW)": 3.0087463961270684, "Battery Electric Power (kW)": 0.0}
2018-01-01 19:40:00 house received: {'Battery': {'P Setpoint': -0.8233214529870774}}
2018-01-01 19:40:00 house sending: {"Total Electric Power (kW)": 2.971915648277591, "Battery Electric Power (kW)": 0.0}
2018-01-01 19:50:00 house received: {'Battery': {'P Setpoint': -0.8507541697716083}}
2018-01-01 19:50:00 house sending: {"Total Electric Power (kW)": 3.1298700947980844, "Battery Electric Power (kW)": 0.0}
2018-01-01 20:00:00 house received: {'Battery': {'P Setpoint': -0.8328182976869387}}
2018-01-01 20:00:00 house sending: {"Total Electric Power (kW)": 3.0547280327822337, "Battery Electric Power (kW)": 0.0}
2018-01-01 20:10:00 house received: {'Battery': {'P Setpoint': -1.0147651664269413}}
2018-01-01 20:10:00 house sending: {"Total Electric Power (kW)": 3.1644951514328974, "Battery Electric Power (kW)": 0.0}
2018-01-01 20:20:00 house received: {'Battery': {'P Setpoint': -0.9438381307169608}}
2018-01-01 20:20:00 house sending: {"Total Electric Power (kW)": 3.1164628697814543, "Battery Electric Power (kW)": 0.0}
2018-01-01 20:30:00 house received: {'Battery': {'P Setpoint': -1.0001241216081471}}
2018-01-01 20:30:00 house sending: {"Total Electric Power (kW)": 3.1717002508007095, "Battery Electric Power (kW)": 0.0}
2018-01-01 20:40:00 house received: {'Battery': {'P Setpoint': -0.9765450294486777}}
2018-01-01 20:40:00 house sending: {"Total Electric Power (kW)": 3.2368794625811645, "Battery Electric Power (kW)": 0.0}
2018-01-01 20:50:00 house received: {'Battery': {'P Setpoint': -1.004891127343388}}
2018-01-01 20:50:00 house sending: {"Total Electric Power (kW)": 3.183171449847532, "Battery Electric Power (kW)": 0.0}
2018-01-01 21:00:00 house received: {'Battery': {'P Setpoint': -1.037942756339278}}
2018-01-01 21:00:00 house sending: {"Total Electric Power (kW)": 3.067240752786414, "Battery Electric Power (kW)": 0.0}
2018-01-01 21:10:00 house received: {'Battery': {'P Setpoint': -1.0115494757150412}}
2018-01-01 21:10:00 house sending: {"Total Electric Power (kW)": 3.085080816492167, "Battery Electric Power (kW)": 0.0}
2018-01-01 21:20:00 house received: {'Battery': {'P Setpoint': -0.9232596623136455}}
2018-01-01 21:20:00 house sending: {"Total Electric Power (kW)": 3.331881244428463, "Battery Electric Power (kW)": 0.0}
2018-01-01 21:30:00 house received: {'Battery': {'P Setpoint': -0.9336968166386217}}
2018-01-01 21:30:00 house sending: {"Total Electric Power (kW)": 3.3081127369842056, "Battery Electric Power (kW)": 0.0}
2018-01-01 21:40:00 house received: {'Battery': {'P Setpoint': -1.0575879166257587}}
2018-01-01 21:40:00 house sending: {"Total Electric Power (kW)": 3.188689867218189, "Battery Electric Power (kW)": 0.0}
2018-01-01 21:50:00 house received: {'Battery': {'P Setpoint': -1.046387110229018}}
2018-01-01 21:50:00 house sending: {"Total Electric Power (kW)": 3.1537507580366495, "Battery Electric Power (kW)": 0.0}
2018-01-01 22:00:00 house received: {'Battery': {'P Setpoint': -0.9871450383146492}}
2018-01-01 22:00:00 house sending: {"Total Electric Power (kW)": 3.084754338964113, "Battery Electric Power (kW)": 0.0}
2018-01-01 22:10:00 house received: {'Battery': {'P Setpoint': -0.9701356680869808}}
2018-01-01 22:10:00 house sending: {"Total Electric Power (kW)": 3.116783924385774, "Battery Electric Power (kW)": 0.0}
2018-01-01 22:20:00 house received: {'Battery': {'P Setpoint': -0.9048951050000409}}
2018-01-01 22:20:00 house sending: {"Total Electric Power (kW)": 3.1229739521716415, "Battery Electric Power (kW)": 0.0}
2018-01-01 22:30:00 house received: {'Battery': {'P Setpoint': -0.9223937650791603}}
2018-01-01 22:30:00 house sending: {"Total Electric Power (kW)": 3.1372799951028845, "Battery Electric Power (kW)": 0.0}
2018-01-01 22:40:00 house received: {'Battery': {'P Setpoint': -0.9259554515634689}}
2018-01-01 22:40:00 house sending: {"Total Electric Power (kW)": 3.1443348952907852, "Battery Electric Power (kW)": 0.0}
2018-01-01 22:50:00 house received: {'Battery': {'P Setpoint': -0.9344359908725592}}
2018-01-01 22:50:00 house sending: {"Total Electric Power (kW)": 3.1522211273481004, "Battery Electric Power (kW)": 0.0}
2018-01-01 23:00:00 house received: {'Battery': {'P Setpoint': -0.9383976826006915}}
2018-01-01 23:00:00 house sending: {"Total Electric Power (kW)": 3.056374417887314, "Battery Electric Power (kW)": 0.0}
2018-01-01 23:10:00 house received: {'Battery': {'P Setpoint': -0.9427626888699985}}
2018-01-01 23:10:00 house sending: {"Total Electric Power (kW)": 3.114024596908484, "Battery Electric Power (kW)": 0.0}
2018-01-01 23:20:00 house received: {'Battery': {'P Setpoint': -0.8433422991078081}}
2018-01-01 23:20:00 house sending: {"Total Electric Power (kW)": 3.122910129384304, "Battery Electric Power (kW)": 0.0}
2018-01-01 23:30:00 house received: {'Battery': {'P Setpoint': -0.8743407911269816}}
2018-01-01 23:30:00 house sending: {"Total Electric Power (kW)": 3.425177646217275, "Battery Electric Power (kW)": 0.0}
2018-01-01 23:40:00 house received: {'Battery': {'P Setpoint': -0.8792279485718173}}
2018-01-01 23:40:00 house sending: {"Total Electric Power (kW)": 3.7049316018660727, "Battery Electric Power (kW)": 0.0}
2018-01-01 23:50:00 house received: {'Battery': {'P Setpoint': -1.0319453280578585}}
2018-01-01 23:50:00 house sending: {"Total Electric Power (kW)": 3.5231497349599405, "Battery Electric Power (kW)": 0.0}
2025-08-26 15:48:08.413208 - House_2 at 2018-01-02 00:00:00: Simulation complete, time series results saved to: /home/deras/gld-opedss-ochre-helics/ochre_helics_example/cosimulation/bldg0112631/up11/House_2.csv
2025-08-26 15:48:08.415788 - House_2 at 2018-01-02 00:00:00: Post-processing metrics saved to: /home/deras/gld-opedss-ochre-helics/ochre_helics_example/cosimulation/bldg0112631/up11/House_2_metrics.csv
2025-08-26 15:48:08.421101 - House_2 at 2018-01-02 00:00:00: Hourly results saved to: /home/deras/gld-opedss-ochre-helics/ochre_helics_example/cosimulation/bldg0112631/up11/House_2_hourly.csv
