Aggregator initialized
2018-01-01 00:00:00 agg received: {'House_1': {'Battery Electric Power (kW)': 0, 'Total Electric Power (kW)': 0}, 'House_2': {'Battery Electric Power (kW)': 0, 'Total Electric Power (kW)': 0}}
2018-01-01 00:00:00 agg sending: {"Battery": {"P Setpoint": 0.0}}
2018-01-01 00:10:00 agg received: {'House_1': {'Total Electric Power (kW)': 0.6200118022662962, 'Battery Electric Power (kW)': 0}, 'House_2': {'Total Electric Power (kW)': 7.8301681566482335, 'Battery Electric Power (kW)': 0}}
2018-01-01 00:10:00 agg sending: {"Battery": {"P Setpoint": -3.225089979457265}}
2018-01-01 00:20:00 agg received: {'House_1': {'Total Electric Power (kW)': 0.6244661576573309, 'Battery Electric Power (kW)': 0}, 'House_2': {'Total Electric Power (kW)': 7.797152218318962, 'Battery Electric Power (kW)': 0}}
2018-01-01 00:20:00 agg sending: {"Battery": {"P Setpoint": -3.210809187988146}}
2018-01-01 00:30:00 agg received: {'House_1': {'Total Electric Power (kW)': -2.600473817210144, 'Battery Electric Power (kW)': -3.225089979457265}, 'House_2': {'Total Electric Power (kW)': 4.7703837718854025, 'Battery Electric Power (kW)': -3.225089979457265}}
2018-01-01 00:30:00 agg sending: {"Battery": {"P Setpoint": -3.3100449567948944}}
2018-01-01 00:40:00 agg received: {'House_1': {'Total Electric Power (kW)': -2.5857301289550905, 'Battery Electric Power (kW)': -3.210809187988146}, 'House_2': {'Total Electric Power (kW)': 4.871652988208223, 'Battery Electric Power (kW)': -3.210809187988146}}
2018-01-01 00:40:00 agg sending: {"Battery": {"P Setpoint": -3.353770617614712}}
2018-01-01 00:50:00 agg received: {'House_1': {'Total Electric Power (kW)': -2.683914080237803, 'Battery Electric Power (kW)': -3.3100449567948944}, 'House_2': {'Total Electric Power (kW)': 4.573136647413585, 'Battery Electric Power (kW)': -3.3100449567948944}}
2018-01-01 00:50:00 agg sending: {"Battery": {"P Setpoint": -3.2546562403827854}}
2018-01-01 01:00:00 agg received: {'House_1': {'Total Electric Power (kW)': -2.7266269723114114, 'Battery Electric Power (kW)': -3.353770617614712}, 'House_2': {'Total Electric Power (kW)': 4.467785452311498, 'Battery Electric Power (kW)': -3.353770617614712}}
2018-01-01 01:00:00 agg sending: {"Battery": {"P Setpoint": -3.2243498576147553}}
2018-01-01 01:10:00 agg received: {'House_1': {'Total Electric Power (kW)': -2.6273701491518673, 'Battery Electric Power (kW)': -3.2546562403827854}, 'House_2': {'Total Electric Power (kW)': 4.555545659949796, 'Battery Electric Power (kW)': -3.2546562403827854}}
2018-01-01 01:10:00 agg sending: {"Battery": {"P Setpoint": -3.2187439957817494}}
2018-01-01 01:20:00 agg received: {'House_1': {'Total Electric Power (kW)': -2.595991983736467, 'Battery Electric Power (kW)': -3.2243498576147553}, 'House_2': {'Total Electric Power (kW)': 4.593419926920101, 'Battery Electric Power (kW)': -3.2243498576147553}}
2018-01-01 01:20:00 agg sending: {"Battery": {"P Setpoint": -3.2230638292065716}}
2018-01-01 01:30:00 agg received: {'House_1': {'Total Electric Power (kW)': -0.02296814612667608, 'Battery Electric Power (kW)': -0.6524011704957058}, 'House_2': {'Total Electric Power (kW)': 7.523714763917242, 'Battery Electric Power (kW)': -0.6524011704957058}}
2018-01-01 01:30:00 agg sending: {"Battery": {"P Setpoint": -3.402774479390989}}
2018-01-01 01:40:00 agg received: {'House_1': {'Total Electric Power (kW)': 0.6144459663509527, 'Battery Electric Power (kW)': -0.00010712979797341906}, 'House_2': {'Total Electric Power (kW)': 6.662394355295407, 'Battery Electric Power (kW)': -0.00010712979797341906}}
2018-01-01 01:40:00 agg sending: {"Battery": {"P Setpoint": -2.6385272906211537}}
2018-01-01 01:50:00 agg received: {'House_1': {'Total Electric Power (kW)': 0.6156418668551871, 'Battery Electric Power (kW)': -2.8710150590391623e-12}, 'House_2': {'Total Electric Power (kW)': 6.40509875270223, 'Battery Electric Power (kW)': -2.8710150590391623e-12}}
2018-01-01 01:50:00 agg sending: {"Battery": {"P Setpoint": -2.5103703097815795}}
2018-01-01 02:00:00 agg received: {'House_1': {'Total Electric Power (kW)': 0.6167916965320347, 'Battery Electric Power (kW)': 0.0}, 'House_2': {'Total Electric Power (kW)': 6.326702939288621, 'Battery Electric Power (kW)': 0.0}}
2018-01-01 02:00:00 agg sending: {"Battery": {"P Setpoint": -2.471747317910328}}
2018-01-01 02:10:00 agg received: {'House_1': {'Total Electric Power (kW)': 0.6170953602201431, 'Battery Electric Power (kW)': 0.0}, 'House_2': {'Total Electric Power (kW)': 6.314152150301546, 'Battery Electric Power (kW)': 0.0}}
2018-01-01 02:10:00 agg sending: {"Battery": {"P Setpoint": -2.465623755260845}}
2018-01-01 02:20:00 agg received: {'House_1': {'Total Electric Power (kW)': 0.6183288458415893, 'Battery Electric Power (kW)': 0.0}, 'House_2': {'Total Electric Power (kW)': 6.324358019405507, 'Battery Electric Power (kW)': 0.0}}
2018-01-01 02:20:00 agg sending: {"Battery": {"P Setpoint": -2.471343432623548}}
2018-01-01 02:30:00 agg received: {'House_1': {'Total Electric Power (kW)': 0.6195469587995536, 'Battery Electric Power (kW)': 0.0}, 'House_2': {'Total Electric Power (kW)': 6.342029118762066, 'Battery Electric Power (kW)': 0.0}}
2018-01-01 02:30:00 agg sending: {"Battery": {"P Setpoint": -2.4807880387808097}}
2018-01-01 02:40:00 agg received: {'House_1': {'Total Electric Power (kW)': 0.6066320691856836, 'Battery Electric Power (kW)': 0.0}, 'House_2': {'Total Electric Power (kW)': 5.952631398046749, 'Battery Electric Power (kW)': 0.0}}
2018-01-01 02:40:00 agg sending: {"Battery": {"P Setpoint": -2.279631733616216}}
2018-01-01 02:50:00 agg received: {'House_1': {'Total Electric Power (kW)': 0.6077895061580664, 'Battery Electric Power (kW)': 0.0}, 'House_2': {'Total Electric Power (kW)': 5.974212617917133, 'Battery Electric Power (kW)': 0.0}}
2018-01-01 02:50:00 agg sending: {"Battery": {"P Setpoint": -2.2910010620375996}}
2018-01-01 03:00:00 agg received: {'House_1': {'Total Electric Power (kW)': 0.6089980432301728, 'Battery Electric Power (kW)': 0.0}, 'House_2': {'Total Electric Power (kW)': 5.998132052100032, 'Battery Electric Power (kW)': 0.0}}
2018-01-01 03:00:00 agg sending: {"Battery": {"P Setpoint": -2.3035650476651024}}
2018-01-01 03:10:00 agg received: {'House_1': {'Total Electric Power (kW)': 0.6092942522727561, 'Battery Electric Power (kW)': 0.0}, 'House_2': {'Total Electric Power (kW)': 6.021546129023181, 'Battery Electric Power (kW)': 0.0}}
2018-01-01 03:10:00 agg sending: {"Battery": {"P Setpoint": -2.3154201906479686}}
2018-01-01 03:20:00 agg received: {'House_1': {'Total Electric Power (kW)': 0.6104870352158206, 'Battery Electric Power (kW)': 0.0}, 'House_2': {'Total Electric Power (kW)': 6.0471699437296325, 'Battery Electric Power (kW)': 0.0}}
2018-01-01 03:20:00 agg sending: {"Battery": {"P Setpoint": -2.3288284894727265}}
2018-01-01 03:30:00 agg received: {'House_1': {'Total Electric Power (kW)': 0.6116296475498497, 'Battery Electric Power (kW)': 0.0}, 'House_2': {'Total Electric Power (kW)': 6.072087178535853, 'Battery Electric Power (kW)': 0.0}}
2018-01-01 03:30:00 agg sending: {"Battery": {"P Setpoint": -2.3418584130428513}}
2018-01-01 03:40:00 agg received: {'House_1': {'Total Electric Power (kW)': 0.6026540786972455, 'Battery Electric Power (kW)': 0.0}, 'House_2': {'Total Electric Power (kW)': 5.81274982270668, 'Battery Electric Power (kW)': 0.0}}
2018-01-01 03:40:00 agg sending: {"Battery": {"P Setpoint": -2.2077019507019626}}
2018-01-01 03:50:00 agg received: {'House_1': {'Total Electric Power (kW)': 0.6036935814775297, 'Battery Electric Power (kW)': 0.0}, 'House_2': {'Total Electric Power (kW)': 5.835951572986529, 'Battery Electric Power (kW)': 0.0}}
2018-01-01 03:50:00 agg sending: {"Battery": {"P Setpoint": -2.2198225772320295}}
2018-01-01 04:00:00 agg received: {'House_1': {'Total Electric Power (kW)': 0.6047515876625849, 'Battery Electric Power (kW)': 0.0}, 'House_2': {'Total Electric Power (kW)': 5.859990450901077, 'Battery Electric Power (kW)': 0.0}}
2018-01-01 04:00:00 agg sending: {"Battery": {"P Setpoint": -2.232371019281831}}
2018-01-01 04:10:00 agg received: {'House_1': {'Total Electric Power (kW)': 0.6048758408462831, 'Battery Electric Power (kW)': 0.0}, 'House_2': {'Total Electric Power (kW)': 5.881930211508246, 'Battery Electric Power (kW)': 0.0}}
2018-01-01 04:10:00 agg sending: {"Battery": {"P Setpoint": -2.2434030261772646}}
2018-01-01 04:20:00 agg received: {'House_1': {'Total Electric Power (kW)': 0.6058800847382715, 'Battery Electric Power (kW)': 0.0}, 'House_2': {'Total Electric Power (kW)': 5.905794226770221, 'Battery Electric Power (kW)': 0.0}}
2018-01-01 04:20:00 agg sending: {"Battery": {"P Setpoint": -2.255837155754246}}
2018-01-01 04:30:00 agg received: {'House_1': {'Total Electric Power (kW)': 0.6068094913856836, 'Battery Electric Power (kW)': 0.0}, 'House_2': {'Total Electric Power (kW)': 5.927476816654741, 'Battery Electric Power (kW)': 0.0}}
2018-01-01 04:30:00 agg sending: {"Battery": {"P Setpoint": -2.267143154020212}}
2018-01-01 04:40:00 agg received: {'House_1': {'Total Electric Power (kW)': 0.5942822877903065, 'Battery Electric Power (kW)': 0.0}, 'House_2': {'Total Electric Power (kW)': 5.525761214562252, 'Battery Electric Power (kW)': 0.0}}
2018-01-01 04:40:00 agg sending: {"Battery": {"P Setpoint": -2.0600217511762793}}
2018-01-01 04:50:00 agg received: {'House_1': {'Total Electric Power (kW)': 0.5950839523241398, 'Battery Electric Power (kW)': 0.0}, 'House_2': {'Total Electric Power (kW)': 5.544493219450255, 'Battery Electric Power (kW)': 0.0}}
2018-01-01 04:50:00 agg sending: {"Battery": {"P Setpoint": -2.0697885858871974}}
2018-01-01 05:00:00 agg received: {'House_1': {'Total Electric Power (kW)': 0.5958995247988272, 'Battery Electric Power (kW)': 0.0}, 'House_2': {'Total Electric Power (kW)': 5.563786128358777, 'Battery Electric Power (kW)': 0.0}}
2018-01-01 05:00:00 agg sending: {"Battery": {"P Setpoint": -2.079842826578802}}
2018-01-01 05:10:00 agg received: {'House_1': {'Total Electric Power (kW)': 0.5957082236047271, 'Battery Electric Power (kW)': 0.0}, 'House_2': {'Total Electric Power (kW)': 5.765470696521021, 'Battery Electric Power (kW)': 0.0}}
2018-01-01 05:10:00 agg sending: {"Battery": {"P Setpoint": -2.180589460062874}}
2018-01-01 05:20:00 agg received: {'House_1': {'Total Electric Power (kW)': 0.5964901160451438, 'Battery Electric Power (kW)': 0.0}, 'House_2': {'Total Electric Power (kW)': 6.049311521360603, 'Battery Electric Power (kW)': 0.0}}
2018-01-01 05:20:00 agg sending: {"Battery": {"P Setpoint": -2.3229008187028732}}
2018-01-01 05:30:00 agg received: {'House_1': {'Total Electric Power (kW)': 0.5971795971362256, 'Battery Electric Power (kW)': 0.0}, 'House_2': {'Total Electric Power (kW)': 5.995190638140309, 'Battery Electric Power (kW)': 0.0}}
2018-01-01 05:30:00 agg sending: {"Battery": {"P Setpoint": -2.296185117638267}}
2018-01-01 05:40:00 agg received: {'House_1': {'Total Electric Power (kW)': 0.578597496722398, 'Battery Electric Power (kW)': 0.0}, 'House_2': {'Total Electric Power (kW)': 5.218071112279743, 'Battery Electric Power (kW)': 0.0}}
2018-01-01 05:40:00 agg sending: {"Battery": {"P Setpoint": -1.8983343045010703}}
2018-01-01 05:50:00 agg received: {'House_1': {'Total Electric Power (kW)': 0.5791502383687981, 'Battery Electric Power (kW)': 0.0}, 'House_2': {'Total Electric Power (kW)': 5.156535018615335, 'Battery Electric Power (kW)': 0.0}}
2018-01-01 05:50:00 agg sending: {"Battery": {"P Setpoint": -1.8678426284920664}}
2018-01-01 06:00:00 agg received: {'House_1': {'Total Electric Power (kW)': 0.6237447083884116, 'Battery Electric Power (kW)': 0.0}, 'House_2': {'Total Electric Power (kW)': 5.184909182745351, 'Battery Electric Power (kW)': 0.0}}
2018-01-01 06:00:00 agg sending: {"Battery": {"P Setpoint": -1.904326945566881}}
2018-01-01 06:10:00 agg received: {'House_1': {'Total Electric Power (kW)': 0.6634522797806295, 'Battery Electric Power (kW)': 0.0}, 'House_2': {'Total Electric Power (kW)': 5.182671273009108, 'Battery Electric Power (kW)': 0.0}}
2018-01-01 06:10:00 agg sending: {"Battery": {"P Setpoint": -1.9230617763948685}}
2018-01-01 06:20:00 agg received: {'House_1': {'Total Electric Power (kW)': 0.6625155149783497, 'Battery Electric Power (kW)': 0.0}, 'House_2': {'Total Electric Power (kW)': 5.145402105422892, 'Battery Electric Power (kW)': 0.0}}
2018-01-01 06:20:00 agg sending: {"Battery": {"P Setpoint": -1.9039588102006206}}
2018-01-01 06:30:00 agg received: {'House_1': {'Total Electric Power (kW)': 0.6628872260801776, 'Battery Electric Power (kW)': 0.0}, 'House_2': {'Total Electric Power (kW)': 5.148080266795871, 'Battery Electric Power (kW)': 0.0}}
2018-01-01 06:30:00 agg sending: {"Battery": {"P Setpoint": -1.905483746438024}}
2018-01-01 06:40:00 agg received: {'House_1': {'Total Electric Power (kW)': 0.9842145322903475, 'Battery Electric Power (kW)': 0.0}, 'House_2': {'Total Electric Power (kW)': 5.058891709469643, 'Battery Electric Power (kW)': 0.0}}
2018-01-01 06:40:00 agg sending: {"Battery": {"P Setpoint": -2.0215531208799953}}
2018-01-01 06:50:00 agg received: {'House_1': {'Total Electric Power (kW)': 0.976110764409689, 'Battery Electric Power (kW)': 0.0}, 'House_2': {'Total Electric Power (kW)': 4.822602466998096, 'Battery Electric Power (kW)': 0.0}}
2018-01-01 06:50:00 agg sending: {"Battery": {"P Setpoint": -1.8993566157038924}}
2018-01-01 07:00:00 agg received: {'House_1': {'Total Electric Power (kW)': 0.9761195105880359, 'Battery Electric Power (kW)': 0.0}, 'House_2': {'Total Electric Power (kW)': 4.8181125513455925, 'Battery Electric Power (kW)': 0.0}}
2018-01-01 07:00:00 agg sending: {"Battery": {"P Setpoint": -1.897116030966814}}
2018-01-01 07:10:00 agg received: {'House_1': {'Total Electric Power (kW)': 1.122317515687517, 'Battery Electric Power (kW)': 0.0}, 'House_2': {'Total Electric Power (kW)': 4.9618347679730945, 'Battery Electric Power (kW)': 0.0}}
2018-01-01 07:10:00 agg sending: {"Battery": {"P Setpoint": -2.0420761418303055}}
2018-01-01 07:20:00 agg received: {'House_1': {'Total Electric Power (kW)': 1.1175130700058296, 'Battery Electric Power (kW)': 0.0}, 'House_2': {'Total Electric Power (kW)': 4.821566301083156, 'Battery Electric Power (kW)': 0.0}}
2018-01-01 07:20:00 agg sending: {"Battery": {"P Setpoint": -1.9695396855444929}}
2018-01-01 07:30:00 agg received: {'House_1': {'Total Electric Power (kW)': 1.1174245804869682, 'Battery Electric Power (kW)': 0.0}, 'House_2': {'Total Electric Power (kW)': 4.816075432011986, 'Battery Electric Power (kW)': 0.0}}
2018-01-01 07:30:00 agg sending: {"Battery": {"P Setpoint": -1.9667500062494772}}
2018-01-01 07:40:00 agg received: {'House_1': {'Total Electric Power (kW)': 1.0961650247243904, 'Battery Electric Power (kW)': 0.0}, 'House_2': {'Total Electric Power (kW)': 4.268027001047103, 'Battery Electric Power (kW)': 0.0}}
2018-01-01 07:40:00 agg sending: {"Battery": {"P Setpoint": -1.6820960128857467}}
2018-01-01 07:50:00 agg received: {'House_1': {'Total Electric Power (kW)': 1.0965487101015494, 'Battery Electric Power (kW)': 0.0}, 'House_2': {'Total Electric Power (kW)': 4.2560173172184, 'Battery Electric Power (kW)': 0.0}}
2018-01-01 07:50:00 agg sending: {"Battery": {"P Setpoint": -1.6762830136599747}}
2018-01-01 08:00:00 agg received: {'House_1': {'Total Electric Power (kW)': 1.0952925093693906, 'Battery Electric Power (kW)': 0.0}, 'House_2': {'Total Electric Power (kW)': 4.247519413356573, 'Battery Electric Power (kW)': 0.0}}
2018-01-01 08:00:00 agg sending: {"Battery": {"P Setpoint": -1.6714059613629817}}
2018-01-01 08:10:00 agg received: {'House_1': {'Total Electric Power (kW)': 1.1076828060086519, 'Battery Electric Power (kW)': 0.0}, 'House_2': {'Total Electric Power (kW)': 4.253838987347272, 'Battery Electric Power (kW)': 0.0}}
2018-01-01 08:10:00 agg sending: {"Battery": {"P Setpoint": -1.6807608966779624}}
2018-01-01 08:20:00 agg received: {'House_1': {'Total Electric Power (kW)': 1.1056720368398179, 'Battery Electric Power (kW)': 0.0}, 'House_2': {'Total Electric Power (kW)': 4.230732992555384, 'Battery Electric Power (kW)': 0.0}}
2018-01-01 08:20:00 agg sending: {"Battery": {"P Setpoint": -1.668202514697601}}
2018-01-01 08:30:00 agg received: {'House_1': {'Total Electric Power (kW)': 1.1024255289751126, 'Battery Electric Power (kW)': 0.0}, 'House_2': {'Total Electric Power (kW)': 4.221533721442148, 'Battery Electric Power (kW)': 0.0}}
2018-01-01 08:30:00 agg sending: {"Battery": {"P Setpoint": -1.6619796252086303}}
2018-01-01 08:40:00 agg received: {'House_1': {'Total Electric Power (kW)': 0.7824281743455136, 'Battery Electric Power (kW)': 0.0}, 'House_2': {'Total Electric Power (kW)': 3.4916509542449092, 'Battery Electric Power (kW)': 0.0}}
2018-01-01 08:40:00 agg sending: {"Battery": {"P Setpoint": -1.1370395642952116}}
2018-01-01 08:50:00 agg received: {'House_1': {'Total Electric Power (kW)': 0.7612707695048212, 'Battery Electric Power (kW)': 0.0}, 'House_2': {'Total Electric Power (kW)': 3.4437127819191296, 'Battery Electric Power (kW)': 0.0}}
2018-01-01 08:50:00 agg sending: {"Battery": {"P Setpoint": -1.1024917757119752}}
2018-01-01 09:00:00 agg received: {'House_1': {'Total Electric Power (kW)': 0.7421178575661888, 'Battery Electric Power (kW)': 0.0}, 'House_2': {'Total Electric Power (kW)': 3.4109217939568492, 'Battery Electric Power (kW)': 0.0}}
2018-01-01 09:00:00 agg sending: {"Battery": {"P Setpoint": -1.076519825761519}}
2018-01-01 09:10:00 agg received: {'House_1': {'Total Electric Power (kW)': 0.7267416195419839, 'Battery Electric Power (kW)': 0.0}, 'House_2': {'Total Electric Power (kW)': 3.38381342838186, 'Battery Electric Power (kW)': 0.0}}
2018-01-01 09:10:00 agg sending: {"Battery": {"P Setpoint": -1.055277523961922}}
2018-01-01 09:20:00 agg received: {'House_1': {'Total Electric Power (kW)': 0.7098381852686184, 'Battery Electric Power (kW)': 0.0}, 'House_2': {'Total Electric Power (kW)': 3.3554327349134216, 'Battery Electric Power (kW)': 0.0}}
2018-01-01 09:20:00 agg sending: {"Battery": {"P Setpoint": -1.03263546009102}}
2018-01-01 09:30:00 agg received: {'House_1': {'Total Electric Power (kW)': 0.6938774023431615, 'Battery Electric Power (kW)': 0.0}, 'House_2': {'Total Electric Power (kW)': 3.329917287091855, 'Battery Electric Power (kW)': 0.0}}
2018-01-01 09:30:00 agg sending: {"Battery": {"P Setpoint": -1.0118973447175081}}
2018-01-01 09:40:00 agg received: {'House_1': {'Total Electric Power (kW)': -0.14536205458473056, 'Battery Electric Power (kW)': 0.0}, 'House_2': {'Total Electric Power (kW)': 1.9530594907072956, 'Battery Electric Power (kW)': 0.0}}
2018-01-01 09:40:00 agg sending: {"Battery": {"P Setpoint": 0.0}}
2018-01-01 09:50:00 agg received: {'House_1': {'Total Electric Power (kW)': -0.23764549470729213, 'Battery Electric Power (kW)': 0.0}, 'House_2': {'Total Electric Power (kW)': 1.8099286658297526, 'Battery Electric Power (kW)': 0.0}}
2018-01-01 09:50:00 agg sending: {"Battery": {"P Setpoint": 0.0}}
2018-01-01 10:00:00 agg received: {'House_1': {'Total Electric Power (kW)': -0.3256557849103788, 'Battery Electric Power (kW)': 0}, 'House_2': {'Total Electric Power (kW)': 1.6805241846974954, 'Battery Electric Power (kW)': 0}}
2018-01-01 10:00:00 agg sending: {"Battery": {"P Setpoint": 0.0}}
2018-01-01 10:10:00 agg received: {'House_1': {'Total Electric Power (kW)': -0.41380191063082206, 'Battery Electric Power (kW)': 0}, 'House_2': {'Total Electric Power (kW)': 1.556822017145316, 'Battery Electric Power (kW)': 0}}
2018-01-01 10:10:00 agg sending: {"Battery": {"P Setpoint": 0.0}}
2018-01-01 10:20:00 agg received: {'House_1': {'Total Electric Power (kW)': -0.49309093299402934, 'Battery Electric Power (kW)': 0}, 'House_2': {'Total Electric Power (kW)': 1.4473906595851973, 'Battery Electric Power (kW)': 0}}
2018-01-01 10:20:00 agg sending: {"Battery": {"P Setpoint": 0.0}}
2018-01-01 10:30:00 agg received: {'House_1': {'Total Electric Power (kW)': -0.5684742071961996, 'Battery Electric Power (kW)': 0}, 'House_2': {'Total Electric Power (kW)': 1.3418306653528, 'Battery Electric Power (kW)': 0}}
2018-01-01 10:30:00 agg sending: {"Battery": {"P Setpoint": 0.0}}
2018-01-01 10:40:00 agg received: {'House_1': {'Total Electric Power (kW)': -0.8588119213301614, 'Battery Electric Power (kW)': 0}, 'House_2': {'Total Electric Power (kW)': 0.7185146351157553, 'Battery Electric Power (kW)': 0}}
2018-01-01 10:40:00 agg sending: {"Battery": {"P Setpoint": 0.0}}
2018-01-01 10:50:00 agg received: {'House_1': {'Total Electric Power (kW)': -0.9258726781461839, 'Battery Electric Power (kW)': 0}, 'House_2': {'Total Electric Power (kW)': 0.6684858143432026, 'Battery Electric Power (kW)': 0}}
2018-01-01 10:50:00 agg sending: {"Battery": {"P Setpoint": 0.0}}
2018-01-01 11:00:00 agg received: {'House_1': {'Total Electric Power (kW)': -0.9885978499338766, 'Battery Electric Power (kW)': 0}, 'House_2': {'Total Electric Power (kW)': 0.523818955332928, 'Battery Electric Power (kW)': 0}}
2018-01-01 11:00:00 agg sending: {"Battery": {"P Setpoint": 0.0}}
2018-01-01 11:10:00 agg received: {'House_1': {'Total Electric Power (kW)': -1.0452171897002098, 'Battery Electric Power (kW)': 0}, 'House_2': {'Total Electric Power (kW)': 0.3867616630883643, 'Battery Electric Power (kW)': 0}}
2018-01-01 11:10:00 agg sending: {"Battery": {"P Setpoint": 0.0}}
2018-01-01 11:20:00 agg received: {'House_1': {'Total Electric Power (kW)': -1.1012212983107674, 'Battery Electric Power (kW)': 0}, 'House_2': {'Total Electric Power (kW)': 0.28079946348197454, 'Battery Electric Power (kW)': 0}}
2018-01-01 11:20:00 agg sending: {"Battery": {"P Setpoint": 0.0}}
2018-01-01 11:30:00 agg received: {'House_1': {'Total Electric Power (kW)': -1.1537852133924023, 'Battery Electric Power (kW)': 0}, 'House_2': {'Total Electric Power (kW)': 0.25946942333362827, 'Battery Electric Power (kW)': 0}}
2018-01-01 11:30:00 agg sending: {"Battery": {"P Setpoint": 0.0}}
2018-01-01 11:40:00 agg received: {'House_1': {'Total Electric Power (kW)': -1.7867654685790832, 'Battery Electric Power (kW)': 0}, 'House_2': {'Total Electric Power (kW)': -0.4651477497753887, 'Battery Electric Power (kW)': 0}}
2018-01-01 11:40:00 agg sending: {"Battery": {"P Setpoint": 0.12595660917723595}}
2018-01-01 11:50:00 agg received: {'House_1': {'Total Electric Power (kW)': -1.8276893822431375, 'Battery Electric Power (kW)': 0}, 'House_2': {'Total Electric Power (kW)': -0.41071844869098345, 'Battery Electric Power (kW)': 0}}
2018-01-01 11:50:00 agg sending: {"Battery": {"P Setpoint": 0.11920391546706055}}
2018-01-01 12:00:00 agg received: {'House_1': {'Total Electric Power (kW)': -1.7470962942506145, 'Battery Electric Power (kW)': 0.12595660917723595}, 'House_2': {'Total Electric Power (kW)': -0.4254469490795132, 'Battery Electric Power (kW)': 0.12595660917723595}}
2018-01-01 12:00:00 agg sending: {"Battery": {"P Setpoint": 0.2122282308422998}}
2018-01-01 12:10:00 agg received: {'House_1': {'Total Electric Power (kW)': -1.7894175703529263, 'Battery Electric Power (kW)': 0.11920391546706055}, 'House_2': {'Total Electric Power (kW)': -0.5544257374937986, 'Battery Electric Power (kW)': 0.11920391546706055}}
2018-01-01 12:10:00 agg sending: {"Battery": {"P Setpoint": 0.2911255693904229}}
2018-01-01 12:20:00 agg received: {'House_1': {'Total Electric Power (kW)': -1.734666108856438, 'Battery Electric Power (kW)': 0.2122282308422998}, 'House_2': {'Total Electric Power (kW)': -0.5526691393659384, 'Battery Electric Power (kW)': 0.2122282308422998}}
2018-01-01 12:20:00 agg sending: {"Battery": {"P Setpoint": 0.3558958549534881}}
2018-01-01 12:30:00 agg received: {'House_1': {'Total Electric Power (kW)': -1.6901999742307219, 'Battery Electric Power (kW)': 0.2911255693904229}, 'House_2': {'Total Electric Power (kW)': -0.5458852210974452, 'Battery Electric Power (kW)': 0.2911255693904229}}
2018-01-01 12:30:00 agg sending: {"Battery": {"P Setpoint": 0.4091681670545064}}
2018-01-01 12:40:00 agg received: {'House_1': {'Total Electric Power (kW)': -1.151169501775341, 'Battery Electric Power (kW)': 0.3558958549534881}, 'House_2': {'Total Electric Power (kW)': -0.05779765838041745, 'Battery Electric Power (kW)': 0.3558958549534881}}
2018-01-01 12:40:00 agg sending: {"Battery": {"P Setpoint": 0.0}}
2018-01-01 12:50:00 agg received: {'House_1': {'Total Electric Power (kW)': -1.1192591245773649, 'Battery Electric Power (kW)': 0.4091681670545064}, 'House_2': {'Total Electric Power (kW)': -0.04039143223813918, 'Battery Electric Power (kW)': 0.4091681670545064}}
2018-01-01 12:50:00 agg sending: {"Battery": {"P Setpoint": 0.0}}
2018-01-01 13:00:00 agg received: {'House_1': {'Total Electric Power (kW)': -1.5478116598569467, 'Battery Electric Power (kW)': 0}, 'House_2': {'Total Electric Power (kW)': -0.48512914296422, 'Battery Electric Power (kW)': 0}}
2018-01-01 13:00:00 agg sending: {"Battery": {"P Setpoint": 0.016470401410583424}}
2018-01-01 13:10:00 agg received: {'House_1': {'Total Electric Power (kW)': -1.5661461511104722, 'Battery Electric Power (kW)': 0}, 'House_2': {'Total Electric Power (kW)': -0.5210544910037571, 'Battery Electric Power (kW)': 0}}
2018-01-01 13:10:00 agg sending: {"Battery": {"P Setpoint": 0.043600321057114755}}
2018-01-01 13:20:00 agg received: {'House_1': {'Total Electric Power (kW)': -1.5648647732808556, 'Battery Electric Power (kW)': 0.016470401410583424}, 'House_2': {'Total Electric Power (kW)': -0.5376510100872212, 'Battery Electric Power (kW)': 0.016470401410583424}}
2018-01-01 13:20:00 agg sending: {"Battery": {"P Setpoint": 0.0677282930946217}}
2018-01-01 13:30:00 agg received: {'House_1': {'Total Electric Power (kW)': -1.5509218314115905, 'Battery Electric Power (kW)': 0.043600321057114755}, 'House_2': {'Total Electric Power (kW)': -0.5424770125578013, 'Battery Electric Power (kW)': 0.043600321057114755}}
2018-01-01 13:30:00 agg sending: {"Battery": {"P Setpoint": 0.09029974304181065}}
2018-01-01 13:40:00 agg received: {'House_1': {'Total Electric Power (kW)': -1.744935484392469, 'Battery Electric Power (kW)': 0.0677282930946217}, 'House_2': {'Total Electric Power (kW)': -0.6684561908289739, 'Battery Electric Power (kW)': 0.0677282930946217}}
2018-01-01 13:40:00 agg sending: {"Battery": {"P Setpoint": 0.2744241307053432}}
2018-01-01 13:50:00 agg received: {'House_1': {'Total Electric Power (kW)': -1.7265392867941491, 'Battery Electric Power (kW)': 0.09029974304181065}, 'House_2': {'Total Electric Power (kW)': -0.6715594190211569, 'Battery Electric Power (kW)': 0.09029974304181065}}
2018-01-01 13:50:00 agg sending: {"Battery": {"P Setpoint": 0.28934909594946356}}
2018-01-01 14:00:00 agg received: {'House_1': {'Total Electric Power (kW)': -1.5428551996375115, 'Battery Electric Power (kW)': 0.2744241307053432}, 'House_2': {'Total Electric Power (kW)': -0.5089900430504222, 'Battery Electric Power (kW)': 0.2744241307053432}}
2018-01-01 14:00:00 agg sending: {"Battery": {"P Setpoint": 0.30034675204931016}}
2018-01-01 14:10:00 agg received: {'House_1': {'Total Electric Power (kW)': -1.5309665436498179, 'Battery Electric Power (kW)': 0.28934909594946356}, 'House_2': {'Total Electric Power (kW)': -0.44958319753624054, 'Battery Electric Power (kW)': 0.28934909594946356}}
2018-01-01 14:10:00 agg sending: {"Battery": {"P Setpoint": 0.27962396654249266}}
2018-01-01 14:20:00 agg received: {'House_1': {'Total Electric Power (kW)': -1.5125537740819743, 'Battery Electric Power (kW)': 0.30034675204931016}, 'House_2': {'Total Electric Power (kW)': -0.3882935508633236, 'Battery Electric Power (kW)': 0.30034675204931016}}
2018-01-01 14:20:00 agg sending: {"Battery": {"P Setpoint": 0.25077041452195914}}
2018-01-01 14:30:00 agg received: {'House_1': {'Total Electric Power (kW)': -1.5220448313852268, 'Battery Electric Power (kW)': 0.27962396654249266}, 'House_2': {'Total Electric Power (kW)': -0.46324622202109267, 'Battery Electric Power (kW)': 0.27962396654249266}}
2018-01-01 14:30:00 agg sending: {"Battery": {"P Setpoint": 0.2722694932456524}}
2018-01-01 14:40:00 agg received: {'House_1': {'Total Electric Power (kW)': -0.9641169892515904, 'Battery Electric Power (kW)': 0.25077041452195914}, 'House_2': {'Total Electric Power (kW)': 0.02577836552117846, 'Battery Electric Power (kW)': 0.25077041452195914}}
2018-01-01 14:40:00 agg sending: {"Battery": {"P Setpoint": 0.0}}
2018-01-01 14:50:00 agg received: {'House_1': {'Total Electric Power (kW)': -0.9431958194207091, 'Battery Electric Power (kW)': 0.2722694932456524}, 'House_2': {'Total Electric Power (kW)': 0.027690425069401614, 'Battery Electric Power (kW)': 0.2722694932456524}}
2018-01-01 14:50:00 agg sending: {"Battery": {"P Setpoint": 0.0}}
2018-01-01 15:00:00 agg received: {'House_1': {'Total Electric Power (kW)': -1.216889658987637, 'Battery Electric Power (kW)': 0}, 'House_2': {'Total Electric Power (kW)': -0.2595011148130502, 'Battery Electric Power (kW)': 0}}
2018-01-01 15:00:00 agg sending: {"Battery": {"P Setpoint": 0.0}}
2018-01-01 15:10:00 agg received: {'House_1': {'Total Electric Power (kW)': -1.1952279925658273, 'Battery Electric Power (kW)': 0}, 'House_2': {'Total Electric Power (kW)': -0.2509847550984106, 'Battery Electric Power (kW)': 0}}
2018-01-01 15:10:00 agg sending: {"Battery": {"P Setpoint": 0.0}}
2018-01-01 15:20:00 agg received: {'House_1': {'Total Electric Power (kW)': -1.2020016557791713, 'Battery Electric Power (kW)': 0}, 'House_2': {'Total Electric Power (kW)': -0.2828184935935463, 'Battery Electric Power (kW)': 0}}
2018-01-01 15:20:00 agg sending: {"Battery": {"P Setpoint": 0.0}}
2018-01-01 15:30:00 agg received: {'House_1': {'Total Electric Power (kW)': -1.2132202342547547, 'Battery Electric Power (kW)': 0}, 'House_2': {'Total Electric Power (kW)': -0.3105672780024962, 'Battery Electric Power (kW)': 0}}
2018-01-01 15:30:00 agg sending: {"Battery": {"P Setpoint": 0.0}}
2018-01-01 15:40:00 agg received: {'House_1': {'Total Electric Power (kW)': -0.7753962461302322, 'Battery Electric Power (kW)': 0}, 'House_2': {'Total Electric Power (kW)': 0.2463612037702218, 'Battery Electric Power (kW)': 0}}
2018-01-01 15:40:00 agg sending: {"Battery": {"P Setpoint": 0.0}}
2018-01-01 15:50:00 agg received: {'House_1': {'Total Electric Power (kW)': -0.7430762249758971, 'Battery Electric Power (kW)': 0}, 'House_2': {'Total Electric Power (kW)': 0.27836267358526096, 'Battery Electric Power (kW)': 0}}
2018-01-01 15:50:00 agg sending: {"Battery": {"P Setpoint": 0.0}}
2018-01-01 16:00:00 agg received: {'House_1': {'Total Electric Power (kW)': -0.7044876749684416, 'Battery Electric Power (kW)': 0}, 'House_2': {'Total Electric Power (kW)': 0.31058671742999616, 'Battery Electric Power (kW)': 0}}
2018-01-01 16:00:00 agg sending: {"Battery": {"P Setpoint": 0.0}}
2018-01-01 16:10:00 agg received: {'House_1': {'Total Electric Power (kW)': -0.6091404076455758, 'Battery Electric Power (kW)': 0}, 'House_2': {'Total Electric Power (kW)': 0.46392349495795376, 'Battery Electric Power (kW)': 0}}
2018-01-01 16:10:00 agg sending: {"Battery": {"P Setpoint": 0.0}}
2018-01-01 16:20:00 agg received: {'House_1': {'Total Electric Power (kW)': -0.5185319243243671, 'Battery Electric Power (kW)': 0}, 'House_2': {'Total Electric Power (kW)': 0.5854539659514659, 'Battery Electric Power (kW)': 0}}
2018-01-01 16:20:00 agg sending: {"Battery": {"P Setpoint": 0.0}}
2018-01-01 16:30:00 agg received: {'House_1': {'Total Electric Power (kW)': -0.28632514794558955, 'Battery Electric Power (kW)': 0}, 'House_2': {'Total Electric Power (kW)': 0.7767793517519184, 'Battery Electric Power (kW)': 0}}
2018-01-01 16:30:00 agg sending: {"Battery": {"P Setpoint": 0.0}}
2018-01-01 16:40:00 agg received: {'House_1': {'Total Electric Power (kW)': 0.3540826840487796, 'Battery Electric Power (kW)': 0}, 'House_2': {'Total Electric Power (kW)': 1.848274246548485, 'Battery Electric Power (kW)': 0}}
2018-01-01 16:40:00 agg sending: {"Battery": {"P Setpoint": -0.10117846529863228}}
2018-01-01 16:50:00 agg received: {'House_1': {'Total Electric Power (kW)': 0.374435922278587, 'Battery Electric Power (kW)': 0}, 'House_2': {'Total Electric Power (kW)': 2.0900848825808174, 'Battery Electric Power (kW)': 0}}
2018-01-01 16:50:00 agg sending: {"Battery": {"P Setpoint": -0.23226040242970214}}
2018-01-01 17:00:00 agg received: {'House_1': {'Total Electric Power (kW)': 0.6265102366265489, 'Battery Electric Power (kW)': -0.10117846529863228}, 'House_2': {'Total Electric Power (kW)': 2.2324946804194, 'Battery Electric Power (kW)': -0.10117846529863228}}
2018-01-01 17:00:00 agg sending: {"Battery": {"P Setpoint": -0.5306809238216068}}
2018-01-01 17:10:00 agg received: {'House_1': {'Total Electric Power (kW)': 0.5737888303891566, 'Battery Electric Power (kW)': -0.23226040242970214}, 'House_2': {'Total Electric Power (kW)': 2.021403840795448, 'Battery Electric Power (kW)': -0.23226040242970214}}
2018-01-01 17:10:00 agg sending: {"Battery": {"P Setpoint": -0.5298567380220045}}
2018-01-01 17:20:00 agg received: {'House_1': {'Total Electric Power (kW)': 0.27343949393641576, 'Battery Electric Power (kW)': -0.5306809238216068}, 'House_2': {'Total Electric Power (kW)': 1.6584684049413283, 'Battery Electric Power (kW)': -0.5306809238216068}}
2018-01-01 17:20:00 agg sending: {"Battery": {"P Setpoint": -0.49663487326047884}}
2018-01-01 17:30:00 agg received: {'House_1': {'Total Electric Power (kW)': 0.2748876346382786, 'Battery Electric Power (kW)': -0.5298567380220045}, 'House_2': {'Total Electric Power (kW)': 1.8858474268213756, 'Battery Electric Power (kW)': -0.5298567380220045}}
2018-01-01 17:30:00 agg sending: {"Battery": {"P Setpoint": -0.6102242687518316}}
2018-01-01 17:40:00 agg received: {'House_1': {'Total Electric Power (kW)': 0.3265397542265107, 'Battery Electric Power (kW)': -0.49663487326047884}, 'House_2': {'Total Electric Power (kW)': 2.1319711443081375, 'Battery Electric Power (kW)': -0.49663487326047884}}
2018-01-01 17:40:00 agg sending: {"Battery": {"P Setpoint": -0.7258903225278028}}
2018-01-01 17:50:00 agg received: {'House_1': {'Total Electric Power (kW)': 0.21435861330788653, 'Battery Electric Power (kW)': -0.6102242687518316}, 'House_2': {'Total Electric Power (kW)': 1.9178351400032705, 'Battery Electric Power (kW)': -0.6102242687518316}}
2018-01-01 17:50:00 agg sending: {"Battery": {"P Setpoint": -0.6763211454074101}}
2018-01-01 18:00:00 agg received: {'House_1': {'Total Electric Power (kW)': 0.13928331376433412, 'Battery Electric Power (kW)': -0.6864166419291358}, 'House_2': {'Total Electric Power (kW)': 1.9783623161400519, 'Battery Electric Power (kW)': -0.6864166419291358}}
2018-01-01 18:00:00 agg sending: {"Battery": {"P Setpoint": -0.7452394568813288}}
2018-01-01 18:10:00 agg received: {'House_1': {'Total Electric Power (kW)': 0.6644138259265706, 'Battery Electric Power (kW)': -0.00011863034643196282}, 'House_2': {'Total Electric Power (kW)': 2.693179134652008, 'Battery Electric Power (kW)': -0.00011863034643196282}}
2018-01-01 18:10:00 agg sending: {"Battery": {"P Setpoint": -0.6789151106357214}}
2018-01-01 18:20:00 agg received: {'House_1': {'Total Electric Power (kW)': 0.6709639594346452, 'Battery Electric Power (kW)': -3.5205659773738055e-12}, 'House_2': {'Total Electric Power (kW)': 2.8453586893189504, 'Battery Electric Power (kW)': -3.5205659773738055e-12}}
2018-01-01 18:20:00 agg sending: {"Battery": {"P Setpoint": -0.7581613243803182}}
2018-01-01 18:30:00 agg received: {'House_1': {'Total Electric Power (kW)': 0.6719813462524994, 'Battery Electric Power (kW)': 0.0}, 'House_2': {'Total Electric Power (kW)': 2.7109058480286627, 'Battery Electric Power (kW)': 0.0}}
2018-01-01 18:30:00 agg sending: {"Battery": {"P Setpoint": -0.691443597140581}}
2018-01-01 18:40:00 agg received: {'House_1': {'Total Electric Power (kW)': 0.6932284669518151, 'Battery Electric Power (kW)': 0.0}, 'House_2': {'Total Electric Power (kW)': 2.9745857093404835, 'Battery Electric Power (kW)': 0.0}}
2018-01-01 18:40:00 agg sending: {"Battery": {"P Setpoint": -0.8339070881461492}}
2018-01-01 18:50:00 agg received: {'House_1': {'Total Electric Power (kW)': 0.694216329814956, 'Battery Electric Power (kW)': 0.0}, 'House_2': {'Total Electric Power (kW)': 3.0195340559045687, 'Battery Electric Power (kW)': 0.0}}
2018-01-01 18:50:00 agg sending: {"Battery": {"P Setpoint": -0.8568751928597624}}
2018-01-01 19:00:00 agg received: {'House_1': {'Total Electric Power (kW)': 0.6951583917325438, 'Battery Electric Power (kW)': 0.0}, 'House_2': {'Total Electric Power (kW)': 2.955300888278386, 'Battery Electric Power (kW)': 0.0}}
2018-01-01 19:00:00 agg sending: {"Battery": {"P Setpoint": -0.8252296400054651}}
2018-01-01 19:10:00 agg received: {'House_1': {'Total Electric Power (kW)': 0.6858509499058102, 'Battery Electric Power (kW)': 0.0}, 'House_2': {'Total Electric Power (kW)': 2.884973063196029, 'Battery Electric Power (kW)': 0.0}}
2018-01-01 19:10:00 agg sending: {"Battery": {"P Setpoint": -0.7854120065509196}}
2018-01-01 19:20:00 agg received: {'House_1': {'Total Electric Power (kW)': 0.6870939229678198, 'Battery Electric Power (kW)': 0.0}, 'House_2': {'Total Electric Power (kW)': 2.873942394700273, 'Battery Electric Power (kW)': 0.0}}
2018-01-01 19:20:00 agg sending: {"Battery": {"P Setpoint": -0.7805181588340464}}
2018-01-01 19:30:00 agg received: {'House_1': {'Total Electric Power (kW)': 0.6880185037370831, 'Battery Electric Power (kW)': 0.0}, 'House_2': {'Total Electric Power (kW)': 2.9579678545014643, 'Battery Electric Power (kW)': 0.0}}
2018-01-01 19:30:00 agg sending: {"Battery": {"P Setpoint": -0.8229931791192737}}
2018-01-01 19:40:00 agg received: {'House_1': {'Total Electric Power (kW)': 0.6928080380786487, 'Battery Electric Power (kW)': 0.0}, 'House_2': {'Total Electric Power (kW)': 3.008055869060577, 'Battery Electric Power (kW)': 0.0}}
2018-01-01 19:40:00 agg sending: {"Battery": {"P Setpoint": -0.8504319535696128}}
2018-01-01 19:50:00 agg received: {'House_1': {'Total Electric Power (kW)': 0.6937665207171955, 'Battery Electric Power (kW)': 0.0}, 'House_2': {'Total Electric Power (kW)': 2.9712313517946383, 'Battery Electric Power (kW)': 0.0}}
2018-01-01 19:50:00 agg sending: {"Battery": {"P Setpoint": -0.832498936255917}}
2018-01-01 20:00:00 agg received: {'House_1': {'Total Electric Power (kW)': 0.8997052969951236, 'Battery Electric Power (kW)': 0.0}, 'House_2': {'Total Electric Power (kW)': 3.129189921529661, 'Battery Electric Power (kW)': 0.0}}
2018-01-01 20:00:00 agg sending: {"Battery": {"P Setpoint": -1.0144476092623922}}
2018-01-01 20:10:00 agg received: {'House_1': {'Total Electric Power (kW)': 0.8329927786648997, 'Battery Electric Power (kW)': 0.0}, 'House_2': {'Total Electric Power (kW)': 3.054047110791893, 'Battery Electric Power (kW)': 0.0}}
2018-01-01 20:10:00 agg sending: {"Battery": {"P Setpoint": -0.9435199447283964}}
2018-01-01 20:20:00 agg received: {'House_1': {'Total Electric Power (kW)': 0.835797139814329, 'Battery Electric Power (kW)': 0.0}, 'House_2': {'Total Electric Power (kW)': 3.163828605018259, 'Battery Electric Power (kW)': 0.0}}
2018-01-01 20:20:00 agg sending: {"Battery": {"P Setpoint": -0.999812872416294}}
2018-01-01 20:30:00 agg received: {'House_1': {'Total Electric Power (kW)': 0.8366707410946604, 'Battery Electric Power (kW)': 0.0}, 'House_2': {'Total Electric Power (kW)': 3.115806527840634, 'Battery Electric Power (kW)': 0.0}}
2018-01-01 20:30:00 agg sending: {"Battery": {"P Setpoint": -0.9762386344676472}}
2018-01-01 20:40:00 agg received: {'House_1': {'Total Electric Power (kW)': 0.838125065975843, 'Battery Electric Power (kW)': 0.0}, 'House_2': {'Total Electric Power (kW)': 3.171046464807564, 'Battery Electric Power (kW)': 0.0}}
2018-01-01 20:40:00 agg sending: {"Battery": {"P Setpoint": -1.0045857653917034}}
2018-01-01 20:50:00 agg received: {'House_1': {'Total Electric Power (kW)': 0.8390486280738391, 'Battery Electric Power (kW)': 0.0}, 'House_2': {'Total Electric Power (kW)': 3.2362363412561126, 'Battery Electric Power (kW)': 0.0}}
2018-01-01 20:50:00 agg sending: {"Battery": {"P Setpoint": -1.0376424846649757}}
2018-01-01 21:00:00 agg received: {'House_1': {'Total Electric Power (kW)': 0.8399696014413517, 'Battery Electric Power (kW)': 0.0}, 'House_2': {'Total Electric Power (kW)': 3.1825378267115028, 'Battery Electric Power (kW)': 0.0}}
2018-01-01 21:00:00 agg sending: {"Battery": {"P Setpoint": -1.0112537140764273}}
2018-01-01 21:10:00 agg received: {'House_1': {'Total Electric Power (kW)': 0.7793201995910353, 'Battery Electric Power (kW)': 0.0}, 'House_2': {'Total Electric Power (kW)': 3.0666119675407746, 'Battery Electric Power (kW)': 0.0}}
2018-01-01 21:10:00 agg sending: {"Battery": {"P Setpoint": -0.922966083565905}}
2018-01-01 21:20:00 agg received: {'House_1': {'Total Electric Power (kW)': 0.7823539785781524, 'Battery Electric Power (kW)': 0.0}, 'House_2': {'Total Electric Power (kW)': 3.0844610845322586, 'Battery Electric Power (kW)': 0.0}}
2018-01-01 21:20:00 agg sending: {"Battery": {"P Setpoint": -0.9334075315552055}}
2018-01-01 21:30:00 agg received: {'House_1': {'Total Electric Power (kW)': 0.783335290467838, 'Battery Electric Power (kW)': 0.0}, 'House_2': {'Total Electric Power (kW)': 3.3312688362066947, 'Battery Electric Power (kW)': 0.0}}
2018-01-01 21:30:00 agg sending: {"Battery": {"P Setpoint": -1.0573020633372665}}
2018-01-01 21:40:00 agg received: {'House_1': {'Total Electric Power (kW)': 0.7847017308859647, 'Battery Electric Power (kW)': 0.0}, 'House_2': {'Total Electric Power (kW)': 3.3075184635772708, 'Battery Electric Power (kW)': 0.0}}
2018-01-01 21:40:00 agg sending: {"Battery": {"P Setpoint": -1.046110097231618}}
2018-01-01 21:50:00 agg received: {'House_1': {'Total Electric Power (kW)': 0.785640011347378, 'Battery Electric Power (kW)': 0.0}, 'House_2': {'Total Electric Power (kW)': 3.1880975562296845, 'Battery Electric Power (kW)': 0.0}}
2018-01-01 21:50:00 agg sending: {"Battery": {"P Setpoint": -0.9868687837885313}}
2018-01-01 22:00:00 agg received: {'House_1': {'Total Electric Power (kW)': 0.7865599383165072, 'Battery Electric Power (kW)': 0.0}, 'House_2': {'Total Electric Power (kW)': 3.15316342570859, 'Battery Electric Power (kW)': 0.0}}
2018-01-01 22:00:00 agg sending: {"Battery": {"P Setpoint": -0.9698616820125485}}
2018-01-01 22:10:00 agg received: {'House_1': {'Total Electric Power (kW)': 0.7250747928291048, 'Battery Electric Power (kW)': 0.0}, 'House_2': {'Total Electric Power (kW)': 3.084173432579598, 'Battery Electric Power (kW)': 0.0}}
2018-01-01 22:10:00 agg sending: {"Battery": {"P Setpoint": -0.9046241127043515}}
2018-01-01 22:20:00 agg received: {'House_1': {'Total Electric Power (kW)': 0.7280420957070346, 'Battery Electric Power (kW)': 0.0}, 'House_2': {'Total Electric Power (kW)': 3.1162120229863035, 'Battery Electric Power (kW)': 0.0}}
2018-01-01 22:20:00 agg sending: {"Battery": {"P Setpoint": -0.922127059346669}}
2018-01-01 22:30:00 agg received: {'House_1': {'Total Electric Power (kW)': 0.7289750140973194, 'Battery Electric Power (kW)': 0.0}, 'House_2': {'Total Electric Power (kW)': 3.122409021310637, 'Battery Electric Power (kW)': 0.0}}
2018-01-01 22:30:00 agg sending: {"Battery": {"P Setpoint": -0.9256920177039782}}
2018-01-01 22:40:00 agg received: {'House_1': {'Total Electric Power (kW)': 0.7316296284809849, 'Battery Electric Power (kW)': 0.0}, 'House_2': {'Total Electric Power (kW)': 3.1367258329331507, 'Battery Electric Power (kW)': 0.0}}
2018-01-01 22:40:00 agg sending: {"Battery": {"P Setpoint": -0.9341777307070678}}
2018-01-01 22:50:00 agg received: {'House_1': {'Total Electric Power (kW)': 0.7324976955940973, 'Battery Electric Power (kW)': 0.0}, 'House_2': {'Total Electric Power (kW)': 3.1437876846797765, 'Battery Electric Power (kW)': 0.0}}
2018-01-01 22:50:00 agg sending: {"Battery": {"P Setpoint": -0.938142690136937}}
2018-01-01 23:00:00 agg received: {'House_1': {'Total Electric Power (kW)': 0.7333410649663964, 'Battery Electric Power (kW)': 0.0}, 'House_2': {'Total Electric Power (kW)': 3.1516805858319605, 'Battery Electric Power (kW)': 0.0}}
2018-01-01 23:00:00 agg sending: {"Battery": {"P Setpoint": -0.9425108253991785}}
2018-01-01 23:10:00 agg received: {'House_1': {'Total Electric Power (kW)': 0.6303465886795103, 'Battery Electric Power (kW)': 0.0}, 'House_2': {'Total Electric Power (kW)': 3.055840457917322, 'Battery Electric Power (kW)': 0.0}}
2018-01-01 23:10:00 agg sending: {"Battery": {"P Setpoint": -0.8430935232984162}}
2018-01-01 23:20:00 agg received: {'House_1': {'Total Electric Power (kW)': 0.6346929925310639, 'Battery Electric Power (kW)': 0.0}, 'House_2': {'Total Electric Power (kW)': 3.1135006005933983, 'Battery Electric Power (kW)': 0.0}}
2018-01-01 23:20:00 agg sending: {"Battery": {"P Setpoint": -0.874096796562231}}
2018-01-01 23:30:00 agg received: {'House_1': {'Total Electric Power (kW)': 0.6355813778892563, 'Battery Electric Power (kW)': 0.0}, 'House_2': {'Total Electric Power (kW)': 3.1223929287286647, 'Battery Electric Power (kW)': 0.0}}
2018-01-01 23:30:00 agg sending: {"Battery": {"P Setpoint": -0.8789871533089606}}
2018-01-01 23:40:00 agg received: {'House_1': {'Total Electric Power (kW)': 0.63874822350991, 'Battery Electric Power (kW)': 0.0}, 'House_2': {'Total Electric Power (kW)': 3.424674902941944, 'Battery Electric Power (kW)': 0.0}}
2018-01-01 23:40:00 agg sending: {"Battery": {"P Setpoint": -1.0317115632259268}}
2018-01-01 23:50:00 agg received: {'House_1': {'Total Electric Power (kW)': 0.6394942670719223, 'Battery Electric Power (kW)': 0.0}, 'House_2': {'Total Electric Power (kW)': 3.7044461132137085, 'Battery Electric Power (kW)': 0.0}}
2018-01-01 23:50:00 agg sending: {"Battery": {"P Setpoint": -1.1719701901428152}}
Saving Aggregator results
