2025-10-17 17:57:51.320684 - House_2 at 2018-01-01 00:00:00: Initializing House_2 (OCHRE v0.9.1)
WARNING: Properties file weather station (G0800310) may be different from weather file used: /home/deras/.local/lib/python3.12/site-packages/ochre/defaults/Weather/USA_CO_Denver.Intl.AP.725650_TMY3.epw
WARNING: Cooling setpoint is within 1C of heating setpoint. Separating setpoints by at least 1C.
2025-10-17 17:57:54.166332 - PV at 2018-01-01 00:00:00: Running SAM
2025-10-17 17:57:54.590553 - House_2 at 2018-01-01 00:00:00: Running initialization for 1 day, 0:00:00
2025-10-17 17:57:54.845964 - House_2 at 2018-01-01 00:00:00: Dwelling Initialized
House_2 initialized
House_2 sending to agg: {"Battery Electric Power (kW)": 0, "Total Electric Power (kW)": 0}
2018-01-01 00:00:00 house received bad data: -9999999999999999464902769475481793196872414789632.000000
2018-01-01 00:00:00 house sending: {"Total Electric Power (kW)": 7.8301681566482335, "Battery Electric Power (kW)": 0}
2018-01-01 00:10:00 house received: {'Battery': {'P Setpoint': 0.0}}
2018-01-01 00:10:00 house sending: {"Total Electric Power (kW)": 7.797152218318962, "Battery Electric Power (kW)": 0}
2018-01-01 00:20:00 house received: {'Battery': {'P Setpoint': -3.225089979457265}}
2018-01-01 00:20:00 house sending: {"Total Electric Power (kW)": 4.7703837718854025, "Battery Electric Power (kW)": -3.225089979457265}
2018-01-01 00:30:00 house received: {'Battery': {'P Setpoint': -3.210809187988146}}
2018-01-01 00:30:00 house sending: {"Total Electric Power (kW)": 4.871652988208223, "Battery Electric Power (kW)": -3.210809187988146}
2018-01-01 00:40:00 house received: {'Battery': {'P Setpoint': -3.3100449567948944}}
2018-01-01 00:40:00 house sending: {"Total Electric Power (kW)": 4.573136647413585, "Battery Electric Power (kW)": -3.3100449567948944}
2018-01-01 00:50:00 house received: {'Battery': {'P Setpoint': -3.353770617614712}}
2018-01-01 00:50:00 house sending: {"Total Electric Power (kW)": 4.467785452311498, "Battery Electric Power (kW)": -3.353770617614712}
2018-01-01 01:00:00 house received: {'Battery': {'P Setpoint': -3.2546562403827854}}
2018-01-01 01:00:00 house sending: {"Total Electric Power (kW)": 4.555545659949796, "Battery Electric Power (kW)": -3.2546562403827854}
2018-01-01 01:10:00 house received: {'Battery': {'P Setpoint': -3.2243498576147553}}
2018-01-01 01:10:00 house sending: {"Total Electric Power (kW)": 4.593419926920101, "Battery Electric Power (kW)": -3.2243498576147553}
2018-01-01 01:20:00 house received: {'Battery': {'P Setpoint': -3.2187439957817494}}
2018-01-01 01:20:00 house sending: {"Total Electric Power (kW)": 7.523714763917242, "Battery Electric Power (kW)": -0.6524011704957058}
2018-01-01 01:30:00 house received: {'Battery': {'P Setpoint': -3.2230638292065716}}
2018-01-01 01:30:00 house sending: {"Total Electric Power (kW)": 6.662394355295407, "Battery Electric Power (kW)": -0.00010712979797341906}
2018-01-01 01:40:00 house received: {'Battery': {'P Setpoint': -3.402774479390989}}
2018-01-01 01:40:00 house sending: {"Total Electric Power (kW)": 6.40509875270223, "Battery Electric Power (kW)": -2.8710150590391623e-12}
2018-01-01 01:50:00 house received: {'Battery': {'P Setpoint': -2.6385272906211537}}
2018-01-01 01:50:00 house sending: {"Total Electric Power (kW)": 6.326702939288621, "Battery Electric Power (kW)": 0.0}
2018-01-01 02:00:00 house received: {'Battery': {'P Setpoint': -2.5103703097815795}}
2018-01-01 02:00:00 house sending: {"Total Electric Power (kW)": 6.314152150301546, "Battery Electric Power (kW)": 0.0}
2018-01-01 02:10:00 house received: {'Battery': {'P Setpoint': -2.471747317910328}}
2018-01-01 02:10:00 house sending: {"Total Electric Power (kW)": 6.324358019405507, "Battery Electric Power (kW)": 0.0}
2018-01-01 02:20:00 house received: {'Battery': {'P Setpoint': -2.465623755260845}}
2018-01-01 02:20:00 house sending: {"Total Electric Power (kW)": 6.342029118762066, "Battery Electric Power (kW)": 0.0}
2018-01-01 02:30:00 house received: {'Battery': {'P Setpoint': -2.471343432623548}}
2018-01-01 02:30:00 house sending: {"Total Electric Power (kW)": 5.952631398046749, "Battery Electric Power (kW)": 0.0}
2018-01-01 02:40:00 house received: {'Battery': {'P Setpoint': -2.4807880387808097}}
2018-01-01 02:40:00 house sending: {"Total Electric Power (kW)": 5.974212617917133, "Battery Electric Power (kW)": 0.0}
2018-01-01 02:50:00 house received: {'Battery': {'P Setpoint': -2.279631733616216}}
2018-01-01 02:50:00 house sending: {"Total Electric Power (kW)": 5.998132052100032, "Battery Electric Power (kW)": 0.0}
2018-01-01 03:00:00 house received: {'Battery': {'P Setpoint': -2.2910010620375996}}
2018-01-01 03:00:00 house sending: {"Total Electric Power (kW)": 6.021546129023181, "Battery Electric Power (kW)": 0.0}
2018-01-01 03:10:00 house received: {'Battery': {'P Setpoint': -2.3035650476651024}}
2018-01-01 03:10:00 house sending: {"Total Electric Power (kW)": 6.0471699437296325, "Battery Electric Power (kW)": 0.0}
2018-01-01 03:20:00 house received: {'Battery': {'P Setpoint': -2.3154201906479686}}
2018-01-01 03:20:00 house sending: {"Total Electric Power (kW)": 6.072087178535853, "Battery Electric Power (kW)": 0.0}
2018-01-01 03:30:00 house received: {'Battery': {'P Setpoint': -2.3288284894727265}}
2018-01-01 03:30:00 house sending: {"Total Electric Power (kW)": 5.81274982270668, "Battery Electric Power (kW)": 0.0}
2018-01-01 03:40:00 house received: {'Battery': {'P Setpoint': -2.3418584130428513}}
2018-01-01 03:40:00 house sending: {"Total Electric Power (kW)": 5.835951572986529, "Battery Electric Power (kW)": 0.0}
2018-01-01 03:50:00 house received: {'Battery': {'P Setpoint': -2.2077019507019626}}
2018-01-01 03:50:00 house sending: {"Total Electric Power (kW)": 5.859990450901077, "Battery Electric Power (kW)": 0.0}
2018-01-01 04:00:00 house received: {'Battery': {'P Setpoint': -2.2198225772320295}}
2018-01-01 04:00:00 house sending: {"Total Electric Power (kW)": 5.881930211508246, "Battery Electric Power (kW)": 0.0}
2018-01-01 04:10:00 house received: {'Battery': {'P Setpoint': -2.232371019281831}}
2018-01-01 04:10:00 house sending: {"Total Electric Power (kW)": 5.905794226770221, "Battery Electric Power (kW)": 0.0}
2018-01-01 04:20:00 house received: {'Battery': {'P Setpoint': -2.2434030261772646}}
2018-01-01 04:20:00 house sending: {"Total Electric Power (kW)": 5.927476816654741, "Battery Electric Power (kW)": 0.0}
2018-01-01 04:30:00 house received: {'Battery': {'P Setpoint': -2.255837155754246}}
2018-01-01 04:30:00 house sending: {"Total Electric Power (kW)": 5.525761214562252, "Battery Electric Power (kW)": 0.0}
2018-01-01 04:40:00 house received: {'Battery': {'P Setpoint': -2.267143154020212}}
2018-01-01 04:40:00 house sending: {"Total Electric Power (kW)": 5.544493219450255, "Battery Electric Power (kW)": 0.0}
2018-01-01 04:50:00 house received: {'Battery': {'P Setpoint': -2.0600217511762793}}
2018-01-01 04:50:00 house sending: {"Total Electric Power (kW)": 5.563786128358777, "Battery Electric Power (kW)": 0.0}
2018-01-01 05:00:00 house received: {'Battery': {'P Setpoint': -2.0697885858871974}}
2018-01-01 05:00:00 house sending: {"Total Electric Power (kW)": 5.765470696521021, "Battery Electric Power (kW)": 0.0}
2018-01-01 05:10:00 house received: {'Battery': {'P Setpoint': -2.079842826578802}}
2018-01-01 05:10:00 house sending: {"Total Electric Power (kW)": 6.049311521360603, "Battery Electric Power (kW)": 0.0}
2018-01-01 05:20:00 house received: {'Battery': {'P Setpoint': -2.180589460062874}}
2018-01-01 05:20:00 house sending: {"Total Electric Power (kW)": 5.995190638140309, "Battery Electric Power (kW)": 0.0}
2018-01-01 05:30:00 house received: {'Battery': {'P Setpoint': -2.3229008187028732}}
2018-01-01 05:30:00 house sending: {"Total Electric Power (kW)": 5.218071112279743, "Battery Electric Power (kW)": 0.0}
2018-01-01 05:40:00 house received: {'Battery': {'P Setpoint': -2.296185117638267}}
2018-01-01 05:40:00 house sending: {"Total Electric Power (kW)": 5.156535018615335, "Battery Electric Power (kW)": 0.0}
2018-01-01 05:50:00 house received: {'Battery': {'P Setpoint': -1.8983343045010703}}
2018-01-01 05:50:00 house sending: {"Total Electric Power (kW)": 5.184909182745351, "Battery Electric Power (kW)": 0.0}
2018-01-01 06:00:00 house received: {'Battery': {'P Setpoint': -1.8678426284920664}}
2018-01-01 06:00:00 house sending: {"Total Electric Power (kW)": 5.182671273009108, "Battery Electric Power (kW)": 0.0}
2018-01-01 06:10:00 house received: {'Battery': {'P Setpoint': -1.904326945566881}}
2018-01-01 06:10:00 house sending: {"Total Electric Power (kW)": 5.145402105422892, "Battery Electric Power (kW)": 0.0}
2018-01-01 06:20:00 house received: {'Battery': {'P Setpoint': -1.9230617763948685}}
2018-01-01 06:20:00 house sending: {"Total Electric Power (kW)": 5.148080266795871, "Battery Electric Power (kW)": 0.0}
2018-01-01 06:30:00 house received: {'Battery': {'P Setpoint': -1.9039588102006206}}
2018-01-01 06:30:00 house sending: {"Total Electric Power (kW)": 5.058891709469643, "Battery Electric Power (kW)": 0.0}
2018-01-01 06:40:00 house received: {'Battery': {'P Setpoint': -1.905483746438024}}
2018-01-01 06:40:00 house sending: {"Total Electric Power (kW)": 4.822602466998096, "Battery Electric Power (kW)": 0.0}
2018-01-01 06:50:00 house received: {'Battery': {'P Setpoint': -2.0215531208799953}}
2018-01-01 06:50:00 house sending: {"Total Electric Power (kW)": 4.8181125513455925, "Battery Electric Power (kW)": 0.0}
2018-01-01 07:00:00 house received: {'Battery': {'P Setpoint': -1.8993566157038924}}
2018-01-01 07:00:00 house sending: {"Total Electric Power (kW)": 4.9618347679730945, "Battery Electric Power (kW)": 0.0}
2018-01-01 07:10:00 house received: {'Battery': {'P Setpoint': -1.897116030966814}}
2018-01-01 07:10:00 house sending: {"Total Electric Power (kW)": 4.821566301083156, "Battery Electric Power (kW)": 0.0}
2018-01-01 07:20:00 house received: {'Battery': {'P Setpoint': -2.0420761418303055}}
2018-01-01 07:20:00 house sending: {"Total Electric Power (kW)": 4.816075432011986, "Battery Electric Power (kW)": 0.0}
2018-01-01 07:30:00 house received: {'Battery': {'P Setpoint': -1.9695396855444929}}
2018-01-01 07:30:00 house sending: {"Total Electric Power (kW)": 4.268027001047103, "Battery Electric Power (kW)": 0.0}
2018-01-01 07:40:00 house received: {'Battery': {'P Setpoint': -1.9667500062494772}}
2018-01-01 07:40:00 house sending: {"Total Electric Power (kW)": 4.2560173172184, "Battery Electric Power (kW)": 0.0}
2018-01-01 07:50:00 house received: {'Battery': {'P Setpoint': -1.6820960128857467}}
2018-01-01 07:50:00 house sending: {"Total Electric Power (kW)": 4.247519413356573, "Battery Electric Power (kW)": 0.0}
2018-01-01 08:00:00 house received: {'Battery': {'P Setpoint': -1.6762830136599747}}
2018-01-01 08:00:00 house sending: {"Total Electric Power (kW)": 4.253838987347272, "Battery Electric Power (kW)": 0.0}
2018-01-01 08:10:00 house received: {'Battery': {'P Setpoint': -1.6714059613629817}}
2018-01-01 08:10:00 house sending: {"Total Electric Power (kW)": 4.230732992555384, "Battery Electric Power (kW)": 0.0}
2018-01-01 08:20:00 house received: {'Battery': {'P Setpoint': -1.6807608966779624}}
2018-01-01 08:20:00 house sending: {"Total Electric Power (kW)": 4.221533721442148, "Battery Electric Power (kW)": 0.0}
2018-01-01 08:30:00 house received: {'Battery': {'P Setpoint': -1.668202514697601}}
2018-01-01 08:30:00 house sending: {"Total Electric Power (kW)": 3.4916509542449092, "Battery Electric Power (kW)": 0.0}
2018-01-01 08:40:00 house received: {'Battery': {'P Setpoint': -1.6619796252086303}}
2018-01-01 08:40:00 house sending: {"Total Electric Power (kW)": 3.4437127819191296, "Battery Electric Power (kW)": 0.0}
2018-01-01 08:50:00 house received: {'Battery': {'P Setpoint': -1.1370395642952116}}
2018-01-01 08:50:00 house sending: {"Total Electric Power (kW)": 3.4109217939568492, "Battery Electric Power (kW)": 0.0}
2018-01-01 09:00:00 house received: {'Battery': {'P Setpoint': -1.1024917757119752}}
2018-01-01 09:00:00 house sending: {"Total Electric Power (kW)": 3.38381342838186, "Battery Electric Power (kW)": 0.0}
2018-01-01 09:10:00 house received: {'Battery': {'P Setpoint': -1.076519825761519}}
2018-01-01 09:10:00 house sending: {"Total Electric Power (kW)": 3.3554327349134216, "Battery Electric Power (kW)": 0.0}
2018-01-01 09:20:00 house received: {'Battery': {'P Setpoint': -1.055277523961922}}
2018-01-01 09:20:00 house sending: {"Total Electric Power (kW)": 3.329917287091855, "Battery Electric Power (kW)": 0.0}
2018-01-01 09:30:00 house received: {'Battery': {'P Setpoint': -1.03263546009102}}
2018-01-01 09:30:00 house sending: {"Total Electric Power (kW)": 1.9530594907072956, "Battery Electric Power (kW)": 0.0}
2018-01-01 09:40:00 house received: {'Battery': {'P Setpoint': -1.0118973447175081}}
2018-01-01 09:40:00 house sending: {"Total Electric Power (kW)": 1.8099286658297526, "Battery Electric Power (kW)": 0.0}
2018-01-01 09:50:00 house received: {'Battery': {'P Setpoint': 0.0}}
2018-01-01 09:50:00 house sending: {"Total Electric Power (kW)": 1.6805241846974954, "Battery Electric Power (kW)": 0}
2018-01-01 10:00:00 house received: {'Battery': {'P Setpoint': 0.0}}
2018-01-01 10:00:00 house sending: {"Total Electric Power (kW)": 1.556822017145316, "Battery Electric Power (kW)": 0}
2018-01-01 10:10:00 house received: {'Battery': {'P Setpoint': 0.0}}
2018-01-01 10:10:00 house sending: {"Total Electric Power (kW)": 1.4473906595851973, "Battery Electric Power (kW)": 0}
2018-01-01 10:20:00 house received: {'Battery': {'P Setpoint': 0.0}}
2018-01-01 10:20:00 house sending: {"Total Electric Power (kW)": 1.3418306653528, "Battery Electric Power (kW)": 0}
2018-01-01 10:30:00 house received: {'Battery': {'P Setpoint': 0.0}}
2018-01-01 10:30:00 house sending: {"Total Electric Power (kW)": 0.7185146351157553, "Battery Electric Power (kW)": 0}
2018-01-01 10:40:00 house received: {'Battery': {'P Setpoint': 0.0}}
2018-01-01 10:40:00 house sending: {"Total Electric Power (kW)": 0.6684858143432026, "Battery Electric Power (kW)": 0}
2018-01-01 10:50:00 house received: {'Battery': {'P Setpoint': 0.0}}
2018-01-01 10:50:00 house sending: {"Total Electric Power (kW)": 0.523818955332928, "Battery Electric Power (kW)": 0}
2018-01-01 11:00:00 house received: {'Battery': {'P Setpoint': 0.0}}
2018-01-01 11:00:00 house sending: {"Total Electric Power (kW)": 0.3867616630883643, "Battery Electric Power (kW)": 0}
2018-01-01 11:10:00 house received: {'Battery': {'P Setpoint': 0.0}}
2018-01-01 11:10:00 house sending: {"Total Electric Power (kW)": 0.28079946348197454, "Battery Electric Power (kW)": 0}
2018-01-01 11:20:00 house received: {'Battery': {'P Setpoint': 0.0}}
2018-01-01 11:20:00 house sending: {"Total Electric Power (kW)": 0.25946942333362827, "Battery Electric Power (kW)": 0}
2018-01-01 11:30:00 house received: {'Battery': {'P Setpoint': 0.0}}
2018-01-01 11:30:00 house sending: {"Total Electric Power (kW)": -0.4651477497753887, "Battery Electric Power (kW)": 0}
2018-01-01 11:40:00 house received: {'Battery': {'P Setpoint': 0.0}}
2018-01-01 11:40:00 house sending: {"Total Electric Power (kW)": -0.41071844869098345, "Battery Electric Power (kW)": 0}
2018-01-01 11:50:00 house received: {'Battery': {'P Setpoint': 0.12595660917723595}}
2018-01-01 11:50:00 house sending: {"Total Electric Power (kW)": -0.4254469490795132, "Battery Electric Power (kW)": 0.12595660917723595}
2018-01-01 12:00:00 house received: {'Battery': {'P Setpoint': 0.11920391546706055}}
2018-01-01 12:00:00 house sending: {"Total Electric Power (kW)": -0.5544257374937986, "Battery Electric Power (kW)": 0.11920391546706055}
2018-01-01 12:10:00 house received: {'Battery': {'P Setpoint': 0.2122282308422998}}
2018-01-01 12:10:00 house sending: {"Total Electric Power (kW)": -0.5526691393659384, "Battery Electric Power (kW)": 0.2122282308422998}
2018-01-01 12:20:00 house received: {'Battery': {'P Setpoint': 0.2911255693904229}}
2018-01-01 12:20:00 house sending: {"Total Electric Power (kW)": -0.5458852210974452, "Battery Electric Power (kW)": 0.2911255693904229}
2018-01-01 12:30:00 house received: {'Battery': {'P Setpoint': 0.3558958549534881}}
2018-01-01 12:30:00 house sending: {"Total Electric Power (kW)": -0.05779765838041745, "Battery Electric Power (kW)": 0.3558958549534881}
2018-01-01 12:40:00 house received: {'Battery': {'P Setpoint': 0.4091681670545064}}
2018-01-01 12:40:00 house sending: {"Total Electric Power (kW)": -0.04039143223813918, "Battery Electric Power (kW)": 0.4091681670545064}
2018-01-01 12:50:00 house received: {'Battery': {'P Setpoint': 0.0}}
2018-01-01 12:50:00 house sending: {"Total Electric Power (kW)": -0.48512914296422, "Battery Electric Power (kW)": 0}
2018-01-01 13:00:00 house received: {'Battery': {'P Setpoint': 0.0}}
2018-01-01 13:00:00 house sending: {"Total Electric Power (kW)": -0.5210544910037571, "Battery Electric Power (kW)": 0}
2018-01-01 13:10:00 house received: {'Battery': {'P Setpoint': 0.016470401410583424}}
2018-01-01 13:10:00 house sending: {"Total Electric Power (kW)": -0.5376510100872212, "Battery Electric Power (kW)": 0.016470401410583424}
2018-01-01 13:20:00 house received: {'Battery': {'P Setpoint': 0.043600321057114755}}
2018-01-01 13:20:00 house sending: {"Total Electric Power (kW)": -0.5424770125578013, "Battery Electric Power (kW)": 0.043600321057114755}
2018-01-01 13:30:00 house received: {'Battery': {'P Setpoint': 0.0677282930946217}}
2018-01-01 13:30:00 house sending: {"Total Electric Power (kW)": -0.6684561908289739, "Battery Electric Power (kW)": 0.0677282930946217}
2018-01-01 13:40:00 house received: {'Battery': {'P Setpoint': 0.09029974304181065}}
2018-01-01 13:40:00 house sending: {"Total Electric Power (kW)": -0.6715594190211569, "Battery Electric Power (kW)": 0.09029974304181065}
2018-01-01 13:50:00 house received: {'Battery': {'P Setpoint': 0.2744241307053432}}
2018-01-01 13:50:00 house sending: {"Total Electric Power (kW)": -0.5089900430504222, "Battery Electric Power (kW)": 0.2744241307053432}
2018-01-01 14:00:00 house received: {'Battery': {'P Setpoint': 0.28934909594946356}}
2018-01-01 14:00:00 house sending: {"Total Electric Power (kW)": -0.44958319753624054, "Battery Electric Power (kW)": 0.28934909594946356}
2018-01-01 14:10:00 house received: {'Battery': {'P Setpoint': 0.30034675204931016}}
2018-01-01 14:10:00 house sending: {"Total Electric Power (kW)": -0.3882935508633236, "Battery Electric Power (kW)": 0.30034675204931016}
2018-01-01 14:20:00 house received: {'Battery': {'P Setpoint': 0.27962396654249266}}
2018-01-01 14:20:00 house sending: {"Total Electric Power (kW)": -0.46324622202109267, "Battery Electric Power (kW)": 0.27962396654249266}
2018-01-01 14:30:00 house received: {'Battery': {'P Setpoint': 0.25077041452195914}}
2018-01-01 14:30:00 house sending: {"Total Electric Power (kW)": 0.02577836552117846, "Battery Electric Power (kW)": 0.25077041452195914}
2018-01-01 14:40:00 house received: {'Battery': {'P Setpoint': 0.2722694932456524}}
2018-01-01 14:40:00 house sending: {"Total Electric Power (kW)": 0.027690425069401614, "Battery Electric Power (kW)": 0.2722694932456524}
2018-01-01 14:50:00 house received: {'Battery': {'P Setpoint': 0.0}}
2018-01-01 14:50:00 house sending: {"Total Electric Power (kW)": -0.2595011148130502, "Battery Electric Power (kW)": 0}
2018-01-01 15:00:00 house received: {'Battery': {'P Setpoint': 0.0}}
2018-01-01 15:00:00 house sending: {"Total Electric Power (kW)": -0.2509847550984106, "Battery Electric Power (kW)": 0}
2018-01-01 15:10:00 house received: {'Battery': {'P Setpoint': 0.0}}
2018-01-01 15:10:00 house sending: {"Total Electric Power (kW)": -0.2828184935935463, "Battery Electric Power (kW)": 0}
2018-01-01 15:20:00 house received: {'Battery': {'P Setpoint': 0.0}}
2018-01-01 15:20:00 house sending: {"Total Electric Power (kW)": -0.3105672780024962, "Battery Electric Power (kW)": 0}
2018-01-01 15:30:00 house received: {'Battery': {'P Setpoint': 0.0}}
2018-01-01 15:30:00 house sending: {"Total Electric Power (kW)": 0.2463612037702218, "Battery Electric Power (kW)": 0}
2018-01-01 15:40:00 house received: {'Battery': {'P Setpoint': 0.0}}
2018-01-01 15:40:00 house sending: {"Total Electric Power (kW)": 0.27836267358526096, "Battery Electric Power (kW)": 0}
2018-01-01 15:50:00 house received: {'Battery': {'P Setpoint': 0.0}}
2018-01-01 15:50:00 house sending: {"Total Electric Power (kW)": 0.31058671742999616, "Battery Electric Power (kW)": 0}
2018-01-01 16:00:00 house received: {'Battery': {'P Setpoint': 0.0}}
2018-01-01 16:00:00 house sending: {"Total Electric Power (kW)": 0.46392349495795376, "Battery Electric Power (kW)": 0}
2018-01-01 16:10:00 house received: {'Battery': {'P Setpoint': 0.0}}
2018-01-01 16:10:00 house sending: {"Total Electric Power (kW)": 0.5854539659514659, "Battery Electric Power (kW)": 0}
2018-01-01 16:20:00 house received: {'Battery': {'P Setpoint': 0.0}}
2018-01-01 16:20:00 house sending: {"Total Electric Power (kW)": 0.7767793517519184, "Battery Electric Power (kW)": 0}
2018-01-01 16:30:00 house received: {'Battery': {'P Setpoint': 0.0}}
2018-01-01 16:30:00 house sending: {"Total Electric Power (kW)": 1.848274246548485, "Battery Electric Power (kW)": 0}
2018-01-01 16:40:00 house received: {'Battery': {'P Setpoint': 0.0}}
2018-01-01 16:40:00 house sending: {"Total Electric Power (kW)": 2.0900848825808174, "Battery Electric Power (kW)": 0}
2018-01-01 16:50:00 house received: {'Battery': {'P Setpoint': -0.10117846529863228}}
2018-01-01 16:50:00 house sending: {"Total Electric Power (kW)": 2.2324946804194, "Battery Electric Power (kW)": -0.10117846529863228}
2018-01-01 17:00:00 house received: {'Battery': {'P Setpoint': -0.23226040242970214}}
2018-01-01 17:00:00 house sending: {"Total Electric Power (kW)": 2.021403840795448, "Battery Electric Power (kW)": -0.23226040242970214}
2018-01-01 17:10:00 house received: {'Battery': {'P Setpoint': -0.5306809238216068}}
2018-01-01 17:10:00 house sending: {"Total Electric Power (kW)": 1.6584684049413283, "Battery Electric Power (kW)": -0.5306809238216068}
2018-01-01 17:20:00 house received: {'Battery': {'P Setpoint': -0.5298567380220045}}
2018-01-01 17:20:00 house sending: {"Total Electric Power (kW)": 1.8858474268213756, "Battery Electric Power (kW)": -0.5298567380220045}
2018-01-01 17:30:00 house received: {'Battery': {'P Setpoint': -0.49663487326047884}}
2018-01-01 17:30:00 house sending: {"Total Electric Power (kW)": 2.1319711443081375, "Battery Electric Power (kW)": -0.49663487326047884}
2018-01-01 17:40:00 house received: {'Battery': {'P Setpoint': -0.6102242687518316}}
2018-01-01 17:40:00 house sending: {"Total Electric Power (kW)": 1.9178351400032705, "Battery Electric Power (kW)": -0.6102242687518316}
2018-01-01 17:50:00 house received: {'Battery': {'P Setpoint': -0.7258903225278028}}
2018-01-01 17:50:00 house sending: {"Total Electric Power (kW)": 1.9783623161400519, "Battery Electric Power (kW)": -0.6864166419291358}
2018-01-01 18:00:00 house received: {'Battery': {'P Setpoint': -0.6763211454074101}}
2018-01-01 18:00:00 house sending: {"Total Electric Power (kW)": 2.693179134652008, "Battery Electric Power (kW)": -0.00011863034643196282}
2018-01-01 18:10:00 house received: {'Battery': {'P Setpoint': -0.7452394568813288}}
2018-01-01 18:10:00 house sending: {"Total Electric Power (kW)": 2.8453586893189504, "Battery Electric Power (kW)": -3.5205659773738055e-12}
2018-01-01 18:20:00 house received: {'Battery': {'P Setpoint': -0.6789151106357214}}
2018-01-01 18:20:00 house sending: {"Total Electric Power (kW)": 2.7109058480286627, "Battery Electric Power (kW)": 0.0}
2018-01-01 18:30:00 house received: {'Battery': {'P Setpoint': -0.7581613243803182}}
2018-01-01 18:30:00 house sending: {"Total Electric Power (kW)": 2.9745857093404835, "Battery Electric Power (kW)": 0.0}
2018-01-01 18:40:00 house received: {'Battery': {'P Setpoint': -0.691443597140581}}
2018-01-01 18:40:00 house sending: {"Total Electric Power (kW)": 3.0195340559045687, "Battery Electric Power (kW)": 0.0}
2018-01-01 18:50:00 house received: {'Battery': {'P Setpoint': -0.8339070881461492}}
2018-01-01 18:50:00 house sending: {"Total Electric Power (kW)": 2.955300888278386, "Battery Electric Power (kW)": 0.0}
2018-01-01 19:00:00 house received: {'Battery': {'P Setpoint': -0.8568751928597624}}
2018-01-01 19:00:00 house sending: {"Total Electric Power (kW)": 2.884973063196029, "Battery Electric Power (kW)": 0.0}
2018-01-01 19:10:00 house received: {'Battery': {'P Setpoint': -0.8252296400054651}}
2018-01-01 19:10:00 house sending: {"Total Electric Power (kW)": 2.873942394700273, "Battery Electric Power (kW)": 0.0}
2018-01-01 19:20:00 house received: {'Battery': {'P Setpoint': -0.7854120065509196}}
2018-01-01 19:20:00 house sending: {"Total Electric Power (kW)": 2.9579678545014643, "Battery Electric Power (kW)": 0.0}
2018-01-01 19:30:00 house received: {'Battery': {'P Setpoint': -0.7805181588340464}}
2018-01-01 19:30:00 house sending: {"Total Electric Power (kW)": 3.008055869060577, "Battery Electric Power (kW)": 0.0}
2018-01-01 19:40:00 house received: {'Battery': {'P Setpoint': -0.8229931791192737}}
2018-01-01 19:40:00 house sending: {"Total Electric Power (kW)": 2.9712313517946383, "Battery Electric Power (kW)": 0.0}
2018-01-01 19:50:00 house received: {'Battery': {'P Setpoint': -0.8504319535696128}}
2018-01-01 19:50:00 house sending: {"Total Electric Power (kW)": 3.129189921529661, "Battery Electric Power (kW)": 0.0}
2018-01-01 20:00:00 house received: {'Battery': {'P Setpoint': -0.832498936255917}}
2018-01-01 20:00:00 house sending: {"Total Electric Power (kW)": 3.054047110791893, "Battery Electric Power (kW)": 0.0}
2018-01-01 20:10:00 house received: {'Battery': {'P Setpoint': -1.0144476092623922}}
2018-01-01 20:10:00 house sending: {"Total Electric Power (kW)": 3.163828605018259, "Battery Electric Power (kW)": 0.0}
2018-01-01 20:20:00 house received: {'Battery': {'P Setpoint': -0.9435199447283964}}
2018-01-01 20:20:00 house sending: {"Total Electric Power (kW)": 3.115806527840634, "Battery Electric Power (kW)": 0.0}
2018-01-01 20:30:00 house received: {'Battery': {'P Setpoint': -0.999812872416294}}
2018-01-01 20:30:00 house sending: {"Total Electric Power (kW)": 3.171046464807564, "Battery Electric Power (kW)": 0.0}
2018-01-01 20:40:00 house received: {'Battery': {'P Setpoint': -0.9762386344676472}}
2018-01-01 20:40:00 house sending: {"Total Electric Power (kW)": 3.2362363412561126, "Battery Electric Power (kW)": 0.0}
2018-01-01 20:50:00 house received: {'Battery': {'P Setpoint': -1.0045857653917034}}
2018-01-01 20:50:00 house sending: {"Total Electric Power (kW)": 3.1825378267115028, "Battery Electric Power (kW)": 0.0}
2018-01-01 21:00:00 house received: {'Battery': {'P Setpoint': -1.0376424846649757}}
2018-01-01 21:00:00 house sending: {"Total Electric Power (kW)": 3.0666119675407746, "Battery Electric Power (kW)": 0.0}
2018-01-01 21:10:00 house received: {'Battery': {'P Setpoint': -1.0112537140764273}}
2018-01-01 21:10:00 house sending: {"Total Electric Power (kW)": 3.0844610845322586, "Battery Electric Power (kW)": 0.0}
2018-01-01 21:20:00 house received: {'Battery': {'P Setpoint': -0.922966083565905}}
2018-01-01 21:20:00 house sending: {"Total Electric Power (kW)": 3.3312688362066947, "Battery Electric Power (kW)": 0.0}
2018-01-01 21:30:00 house received: {'Battery': {'P Setpoint': -0.9334075315552055}}
2018-01-01 21:30:00 house sending: {"Total Electric Power (kW)": 3.3075184635772708, "Battery Electric Power (kW)": 0.0}
2018-01-01 21:40:00 house received: {'Battery': {'P Setpoint': -1.0573020633372665}}
2018-01-01 21:40:00 house sending: {"Total Electric Power (kW)": 3.1880975562296845, "Battery Electric Power (kW)": 0.0}
2018-01-01 21:50:00 house received: {'Battery': {'P Setpoint': -1.046110097231618}}
2018-01-01 21:50:00 house sending: {"Total Electric Power (kW)": 3.15316342570859, "Battery Electric Power (kW)": 0.0}
2018-01-01 22:00:00 house received: {'Battery': {'P Setpoint': -0.9868687837885313}}
2018-01-01 22:00:00 house sending: {"Total Electric Power (kW)": 3.084173432579598, "Battery Electric Power (kW)": 0.0}
2018-01-01 22:10:00 house received: {'Battery': {'P Setpoint': -0.9698616820125485}}
2018-01-01 22:10:00 house sending: {"Total Electric Power (kW)": 3.1162120229863035, "Battery Electric Power (kW)": 0.0}
2018-01-01 22:20:00 house received: {'Battery': {'P Setpoint': -0.9046241127043515}}
2018-01-01 22:20:00 house sending: {"Total Electric Power (kW)": 3.122409021310637, "Battery Electric Power (kW)": 0.0}
2018-01-01 22:30:00 house received: {'Battery': {'P Setpoint': -0.922127059346669}}
2018-01-01 22:30:00 house sending: {"Total Electric Power (kW)": 3.1367258329331507, "Battery Electric Power (kW)": 0.0}
2018-01-01 22:40:00 house received: {'Battery': {'P Setpoint': -0.9256920177039782}}
2018-01-01 22:40:00 house sending: {"Total Electric Power (kW)": 3.1437876846797765, "Battery Electric Power (kW)": 0.0}
2018-01-01 22:50:00 house received: {'Battery': {'P Setpoint': -0.9341777307070678}}
2018-01-01 22:50:00 house sending: {"Total Electric Power (kW)": 3.1516805858319605, "Battery Electric Power (kW)": 0.0}
2018-01-01 23:00:00 house received: {'Battery': {'P Setpoint': -0.938142690136937}}
2018-01-01 23:00:00 house sending: {"Total Electric Power (kW)": 3.055840457917322, "Battery Electric Power (kW)": 0.0}
2018-01-01 23:10:00 house received: {'Battery': {'P Setpoint': -0.9425108253991785}}
2018-01-01 23:10:00 house sending: {"Total Electric Power (kW)": 3.1135006005933983, "Battery Electric Power (kW)": 0.0}
2018-01-01 23:20:00 house received: {'Battery': {'P Setpoint': -0.8430935232984162}}
2018-01-01 23:20:00 house sending: {"Total Electric Power (kW)": 3.1223929287286647, "Battery Electric Power (kW)": 0.0}
2018-01-01 23:30:00 house received: {'Battery': {'P Setpoint': -0.874096796562231}}
2018-01-01 23:30:00 house sending: {"Total Electric Power (kW)": 3.424674902941944, "Battery Electric Power (kW)": 0.0}
2018-01-01 23:40:00 house received: {'Battery': {'P Setpoint': -0.8789871533089606}}
2018-01-01 23:40:00 house sending: {"Total Electric Power (kW)": 3.7044461132137085, "Battery Electric Power (kW)": 0.0}
2018-01-01 23:50:00 house received: {'Battery': {'P Setpoint': -1.0317115632259268}}
2018-01-01 23:50:00 house sending: {"Total Electric Power (kW)": 3.5226758005761214, "Battery Electric Power (kW)": 0.0}
2025-10-17 17:57:55.234197 - House_2 at 2018-01-02 00:00:00: Simulation complete, time series results saved to: /home/deras/gld-opedss-ochre-helics/ochre_helics_example/my_examples/trial/cosimulation/bldg0112631/up11/House_2.csv
2025-10-17 17:57:55.236487 - House_2 at 2018-01-02 00:00:00: Post-processing metrics saved to: /home/deras/gld-opedss-ochre-helics/ochre_helics_example/my_examples/trial/cosimulation/bldg0112631/up11/House_2_metrics.csv
2025-10-17 17:57:55.241512 - House_2 at 2018-01-02 00:00:00: Hourly results saved to: /home/deras/gld-opedss-ochre-helics/ochre_helics_example/my_examples/trial/cosimulation/bldg0112631/up11/House_2_hourly.csv
