2025-10-17 17:57:51.320735 - House_1 at 2018-01-01 00:00:00: Initializing House_1 (OCHRE v0.9.1)
WARNING: Properties file weather station (G0800310) may be different from weather file used: /home/deras/.local/lib/python3.12/site-packages/ochre/defaults/Weather/USA_CO_Denver.Intl.AP.725650_TMY3.epw
WARNING: Cooling setpoint is within 1C of heating setpoint. Separating setpoints by at least 1C.
2025-10-17 17:57:54.170144 - PV at 2018-01-01 00:00:00: Running SAM
2025-10-17 17:57:54.577337 - House_1 at 2018-01-01 00:00:00: Running initialization for 1 day, 0:00:00
2025-10-17 17:57:54.775861 - House_1 at 2018-01-01 00:00:00: Dwelling Initialized
House_1 initialized
House_1 sending to agg: {"Battery Electric Power (kW)": 0, "Total Electric Power (kW)": 0}
2018-01-01 00:00:00 house received bad data: -9999999999999999464902769475481793196872414789632.000000
2018-01-01 00:00:00 house sending: {"Total Electric Power (kW)": 0.6200118022662962, "Battery Electric Power (kW)": 0}
2018-01-01 00:10:00 house received: {'Battery': {'P Setpoint': 0.0}}
2018-01-01 00:10:00 house sending: {"Total Electric Power (kW)": 0.6244661576573309, "Battery Electric Power (kW)": 0}
2018-01-01 00:20:00 house received: {'Battery': {'P Setpoint': -3.225089979457265}}
2018-01-01 00:20:00 house sending: {"Total Electric Power (kW)": -2.600473817210144, "Battery Electric Power (kW)": -3.225089979457265}
2018-01-01 00:30:00 house received: {'Battery': {'P Setpoint': -3.210809187988146}}
2018-01-01 00:30:00 house sending: {"Total Electric Power (kW)": -2.5857301289550905, "Battery Electric Power (kW)": -3.210809187988146}
2018-01-01 00:40:00 house received: {'Battery': {'P Setpoint': -3.3100449567948944}}
2018-01-01 00:40:00 house sending: {"Total Electric Power (kW)": -2.683914080237803, "Battery Electric Power (kW)": -3.3100449567948944}
2018-01-01 00:50:00 house received: {'Battery': {'P Setpoint': -3.353770617614712}}
2018-01-01 00:50:00 house sending: {"Total Electric Power (kW)": -2.7266269723114114, "Battery Electric Power (kW)": -3.353770617614712}
2018-01-01 01:00:00 house received: {'Battery': {'P Setpoint': -3.2546562403827854}}
2018-01-01 01:00:00 house sending: {"Total Electric Power (kW)": -2.6273701491518673, "Battery Electric Power (kW)": -3.2546562403827854}
2018-01-01 01:10:00 house received: {'Battery': {'P Setpoint': -3.2243498576147553}}
2018-01-01 01:10:00 house sending: {"Total Electric Power (kW)": -2.595991983736467, "Battery Electric Power (kW)": -3.2243498576147553}
2018-01-01 01:20:00 house received: {'Battery': {'P Setpoint': -3.2187439957817494}}
2018-01-01 01:20:00 house sending: {"Total Electric Power (kW)": -0.02296814612667608, "Battery Electric Power (kW)": -0.6524011704957058}
2018-01-01 01:30:00 house received: {'Battery': {'P Setpoint': -3.2230638292065716}}
2018-01-01 01:30:00 house sending: {"Total Electric Power (kW)": 0.6144459663509527, "Battery Electric Power (kW)": -0.00010712979797341906}
2018-01-01 01:40:00 house received: {'Battery': {'P Setpoint': -3.402774479390989}}
2018-01-01 01:40:00 house sending: {"Total Electric Power (kW)": 0.6156418668551871, "Battery Electric Power (kW)": -2.8710150590391623e-12}
2018-01-01 01:50:00 house received: {'Battery': {'P Setpoint': -2.6385272906211537}}
2018-01-01 01:50:00 house sending: {"Total Electric Power (kW)": 0.6167916965320347, "Battery Electric Power (kW)": 0.0}
2018-01-01 02:00:00 house received: {'Battery': {'P Setpoint': -2.5103703097815795}}
2018-01-01 02:00:00 house sending: {"Total Electric Power (kW)": 0.6170953602201431, "Battery Electric Power (kW)": 0.0}
2018-01-01 02:10:00 house received: {'Battery': {'P Setpoint': -2.471747317910328}}
2018-01-01 02:10:00 house sending: {"Total Electric Power (kW)": 0.6183288458415893, "Battery Electric Power (kW)": 0.0}
2018-01-01 02:20:00 house received: {'Battery': {'P Setpoint': -2.465623755260845}}
2018-01-01 02:20:00 house sending: {"Total Electric Power (kW)": 0.6195469587995536, "Battery Electric Power (kW)": 0.0}
2018-01-01 02:30:00 house received: {'Battery': {'P Setpoint': -2.471343432623548}}
2018-01-01 02:30:00 house sending: {"Total Electric Power (kW)": 0.6066320691856836, "Battery Electric Power (kW)": 0.0}
2018-01-01 02:40:00 house received: {'Battery': {'P Setpoint': -2.4807880387808097}}
2018-01-01 02:40:00 house sending: {"Total Electric Power (kW)": 0.6077895061580664, "Battery Electric Power (kW)": 0.0}
2018-01-01 02:50:00 house received: {'Battery': {'P Setpoint': -2.279631733616216}}
2018-01-01 02:50:00 house sending: {"Total Electric Power (kW)": 0.6089980432301728, "Battery Electric Power (kW)": 0.0}
2018-01-01 03:00:00 house received: {'Battery': {'P Setpoint': -2.2910010620375996}}
2018-01-01 03:00:00 house sending: {"Total Electric Power (kW)": 0.6092942522727561, "Battery Electric Power (kW)": 0.0}
2018-01-01 03:10:00 house received: {'Battery': {'P Setpoint': -2.3035650476651024}}
2018-01-01 03:10:00 house sending: {"Total Electric Power (kW)": 0.6104870352158206, "Battery Electric Power (kW)": 0.0}
2018-01-01 03:20:00 house received: {'Battery': {'P Setpoint': -2.3154201906479686}}
2018-01-01 03:20:00 house sending: {"Total Electric Power (kW)": 0.6116296475498497, "Battery Electric Power (kW)": 0.0}
2018-01-01 03:30:00 house received: {'Battery': {'P Setpoint': -2.3288284894727265}}
2018-01-01 03:30:00 house sending: {"Total Electric Power (kW)": 0.6026540786972455, "Battery Electric Power (kW)": 0.0}
2018-01-01 03:40:00 house received: {'Battery': {'P Setpoint': -2.3418584130428513}}
2018-01-01 03:40:00 house sending: {"Total Electric Power (kW)": 0.6036935814775297, "Battery Electric Power (kW)": 0.0}
2018-01-01 03:50:00 house received: {'Battery': {'P Setpoint': -2.2077019507019626}}
2018-01-01 03:50:00 house sending: {"Total Electric Power (kW)": 0.6047515876625849, "Battery Electric Power (kW)": 0.0}
2018-01-01 04:00:00 house received: {'Battery': {'P Setpoint': -2.2198225772320295}}
2018-01-01 04:00:00 house sending: {"Total Electric Power (kW)": 0.6048758408462831, "Battery Electric Power (kW)": 0.0}
2018-01-01 04:10:00 house received: {'Battery': {'P Setpoint': -2.232371019281831}}
2018-01-01 04:10:00 house sending: {"Total Electric Power (kW)": 0.6058800847382715, "Battery Electric Power (kW)": 0.0}
2018-01-01 04:20:00 house received: {'Battery': {'P Setpoint': -2.2434030261772646}}
2018-01-01 04:20:00 house sending: {"Total Electric Power (kW)": 0.6068094913856836, "Battery Electric Power (kW)": 0.0}
2018-01-01 04:30:00 house received: {'Battery': {'P Setpoint': -2.255837155754246}}
2018-01-01 04:30:00 house sending: {"Total Electric Power (kW)": 0.5942822877903065, "Battery Electric Power (kW)": 0.0}
2018-01-01 04:40:00 house received: {'Battery': {'P Setpoint': -2.267143154020212}}
2018-01-01 04:40:00 house sending: {"Total Electric Power (kW)": 0.5950839523241398, "Battery Electric Power (kW)": 0.0}
2018-01-01 04:50:00 house received: {'Battery': {'P Setpoint': -2.0600217511762793}}
2018-01-01 04:50:00 house sending: {"Total Electric Power (kW)": 0.5958995247988272, "Battery Electric Power (kW)": 0.0}
2018-01-01 05:00:00 house received: {'Battery': {'P Setpoint': -2.0697885858871974}}
2018-01-01 05:00:00 house sending: {"Total Electric Power (kW)": 0.5957082236047271, "Battery Electric Power (kW)": 0.0}
2018-01-01 05:10:00 house received: {'Battery': {'P Setpoint': -2.079842826578802}}
2018-01-01 05:10:00 house sending: {"Total Electric Power (kW)": 0.5964901160451438, "Battery Electric Power (kW)": 0.0}
2018-01-01 05:20:00 house received: {'Battery': {'P Setpoint': -2.180589460062874}}
2018-01-01 05:20:00 house sending: {"Total Electric Power (kW)": 0.5971795971362256, "Battery Electric Power (kW)": 0.0}
2018-01-01 05:30:00 house received: {'Battery': {'P Setpoint': -2.3229008187028732}}
2018-01-01 05:30:00 house sending: {"Total Electric Power (kW)": 0.578597496722398, "Battery Electric Power (kW)": 0.0}
2018-01-01 05:40:00 house received: {'Battery': {'P Setpoint': -2.296185117638267}}
2018-01-01 05:40:00 house sending: {"Total Electric Power (kW)": 0.5791502383687981, "Battery Electric Power (kW)": 0.0}
2018-01-01 05:50:00 house received: {'Battery': {'P Setpoint': -1.8983343045010703}}
2018-01-01 05:50:00 house sending: {"Total Electric Power (kW)": 0.6237447083884116, "Battery Electric Power (kW)": 0.0}
2018-01-01 06:00:00 house received: {'Battery': {'P Setpoint': -1.8678426284920664}}
2018-01-01 06:00:00 house sending: {"Total Electric Power (kW)": 0.6634522797806295, "Battery Electric Power (kW)": 0.0}
2018-01-01 06:10:00 house received: {'Battery': {'P Setpoint': -1.904326945566881}}
2018-01-01 06:10:00 house sending: {"Total Electric Power (kW)": 0.6625155149783497, "Battery Electric Power (kW)": 0.0}
2018-01-01 06:20:00 house received: {'Battery': {'P Setpoint': -1.9230617763948685}}
2018-01-01 06:20:00 house sending: {"Total Electric Power (kW)": 0.6628872260801776, "Battery Electric Power (kW)": 0.0}
2018-01-01 06:30:00 house received: {'Battery': {'P Setpoint': -1.9039588102006206}}
2018-01-01 06:30:00 house sending: {"Total Electric Power (kW)": 0.9842145322903475, "Battery Electric Power (kW)": 0.0}
2018-01-01 06:40:00 house received: {'Battery': {'P Setpoint': -1.905483746438024}}
2018-01-01 06:40:00 house sending: {"Total Electric Power (kW)": 0.976110764409689, "Battery Electric Power (kW)": 0.0}
2018-01-01 06:50:00 house received: {'Battery': {'P Setpoint': -2.0215531208799953}}
2018-01-01 06:50:00 house sending: {"Total Electric Power (kW)": 0.9761195105880359, "Battery Electric Power (kW)": 0.0}
2018-01-01 07:00:00 house received: {'Battery': {'P Setpoint': -1.8993566157038924}}
2018-01-01 07:00:00 house sending: {"Total Electric Power (kW)": 1.122317515687517, "Battery Electric Power (kW)": 0.0}
2018-01-01 07:10:00 house received: {'Battery': {'P Setpoint': -1.897116030966814}}
2018-01-01 07:10:00 house sending: {"Total Electric Power (kW)": 1.1175130700058296, "Battery Electric Power (kW)": 0.0}
2018-01-01 07:20:00 house received: {'Battery': {'P Setpoint': -2.0420761418303055}}
2018-01-01 07:20:00 house sending: {"Total Electric Power (kW)": 1.1174245804869682, "Battery Electric Power (kW)": 0.0}
2018-01-01 07:30:00 house received: {'Battery': {'P Setpoint': -1.9695396855444929}}
2018-01-01 07:30:00 house sending: {"Total Electric Power (kW)": 1.0961650247243904, "Battery Electric Power (kW)": 0.0}
2018-01-01 07:40:00 house received: {'Battery': {'P Setpoint': -1.9667500062494772}}
2018-01-01 07:40:00 house sending: {"Total Electric Power (kW)": 1.0965487101015494, "Battery Electric Power (kW)": 0.0}
2018-01-01 07:50:00 house received: {'Battery': {'P Setpoint': -1.6820960128857467}}
2018-01-01 07:50:00 house sending: {"Total Electric Power (kW)": 1.0952925093693906, "Battery Electric Power (kW)": 0.0}
2018-01-01 08:00:00 house received: {'Battery': {'P Setpoint': -1.6762830136599747}}
2018-01-01 08:00:00 house sending: {"Total Electric Power (kW)": 1.1076828060086519, "Battery Electric Power (kW)": 0.0}
2018-01-01 08:10:00 house received: {'Battery': {'P Setpoint': -1.6714059613629817}}
2018-01-01 08:10:00 house sending: {"Total Electric Power (kW)": 1.1056720368398179, "Battery Electric Power (kW)": 0.0}
2018-01-01 08:20:00 house received: {'Battery': {'P Setpoint': -1.6807608966779624}}
2018-01-01 08:20:00 house sending: {"Total Electric Power (kW)": 1.1024255289751126, "Battery Electric Power (kW)": 0.0}
2018-01-01 08:30:00 house received: {'Battery': {'P Setpoint': -1.668202514697601}}
2018-01-01 08:30:00 house sending: {"Total Electric Power (kW)": 0.7824281743455136, "Battery Electric Power (kW)": 0.0}
2018-01-01 08:40:00 house received: {'Battery': {'P Setpoint': -1.6619796252086303}}
2018-01-01 08:40:00 house sending: {"Total Electric Power (kW)": 0.7612707695048212, "Battery Electric Power (kW)": 0.0}
2018-01-01 08:50:00 house received: {'Battery': {'P Setpoint': -1.1370395642952116}}
2018-01-01 08:50:00 house sending: {"Total Electric Power (kW)": 0.7421178575661888, "Battery Electric Power (kW)": 0.0}
2018-01-01 09:00:00 house received: {'Battery': {'P Setpoint': -1.1024917757119752}}
2018-01-01 09:00:00 house sending: {"Total Electric Power (kW)": 0.7267416195419839, "Battery Electric Power (kW)": 0.0}
2018-01-01 09:10:00 house received: {'Battery': {'P Setpoint': -1.076519825761519}}
2018-01-01 09:10:00 house sending: {"Total Electric Power (kW)": 0.7098381852686184, "Battery Electric Power (kW)": 0.0}
2018-01-01 09:20:00 house received: {'Battery': {'P Setpoint': -1.055277523961922}}
2018-01-01 09:20:00 house sending: {"Total Electric Power (kW)": 0.6938774023431615, "Battery Electric Power (kW)": 0.0}
2018-01-01 09:30:00 house received: {'Battery': {'P Setpoint': -1.03263546009102}}
2018-01-01 09:30:00 house sending: {"Total Electric Power (kW)": -0.14536205458473056, "Battery Electric Power (kW)": 0.0}
2018-01-01 09:40:00 house received: {'Battery': {'P Setpoint': -1.0118973447175081}}
2018-01-01 09:40:00 house sending: {"Total Electric Power (kW)": -0.23764549470729213, "Battery Electric Power (kW)": 0.0}
2018-01-01 09:50:00 house received: {'Battery': {'P Setpoint': 0.0}}
2018-01-01 09:50:00 house sending: {"Total Electric Power (kW)": -0.3256557849103788, "Battery Electric Power (kW)": 0}
2018-01-01 10:00:00 house received: {'Battery': {'P Setpoint': 0.0}}
2018-01-01 10:00:00 house sending: {"Total Electric Power (kW)": -0.41380191063082206, "Battery Electric Power (kW)": 0}
2018-01-01 10:10:00 house received: {'Battery': {'P Setpoint': 0.0}}
2018-01-01 10:10:00 house sending: {"Total Electric Power (kW)": -0.49309093299402934, "Battery Electric Power (kW)": 0}
2018-01-01 10:20:00 house received: {'Battery': {'P Setpoint': 0.0}}
2018-01-01 10:20:00 house sending: {"Total Electric Power (kW)": -0.5684742071961996, "Battery Electric Power (kW)": 0}
2018-01-01 10:30:00 house received: {'Battery': {'P Setpoint': 0.0}}
2018-01-01 10:30:00 house sending: {"Total Electric Power (kW)": -0.8588119213301614, "Battery Electric Power (kW)": 0}
2018-01-01 10:40:00 house received: {'Battery': {'P Setpoint': 0.0}}
2018-01-01 10:40:00 house sending: {"Total Electric Power (kW)": -0.9258726781461839, "Battery Electric Power (kW)": 0}
2018-01-01 10:50:00 house received: {'Battery': {'P Setpoint': 0.0}}
2018-01-01 10:50:00 house sending: {"Total Electric Power (kW)": -0.9885978499338766, "Battery Electric Power (kW)": 0}
2018-01-01 11:00:00 house received: {'Battery': {'P Setpoint': 0.0}}
2018-01-01 11:00:00 house sending: {"Total Electric Power (kW)": -1.0452171897002098, "Battery Electric Power (kW)": 0}
2018-01-01 11:10:00 house received: {'Battery': {'P Setpoint': 0.0}}
2018-01-01 11:10:00 house sending: {"Total Electric Power (kW)": -1.1012212983107674, "Battery Electric Power (kW)": 0}
2018-01-01 11:20:00 house received: {'Battery': {'P Setpoint': 0.0}}
2018-01-01 11:20:00 house sending: {"Total Electric Power (kW)": -1.1537852133924023, "Battery Electric Power (kW)": 0}
2018-01-01 11:30:00 house received: {'Battery': {'P Setpoint': 0.0}}
2018-01-01 11:30:00 house sending: {"Total Electric Power (kW)": -1.7867654685790832, "Battery Electric Power (kW)": 0}
2018-01-01 11:40:00 house received: {'Battery': {'P Setpoint': 0.0}}
2018-01-01 11:40:00 house sending: {"Total Electric Power (kW)": -1.8276893822431375, "Battery Electric Power (kW)": 0}
2018-01-01 11:50:00 house received: {'Battery': {'P Setpoint': 0.12595660917723595}}
2018-01-01 11:50:00 house sending: {"Total Electric Power (kW)": -1.7470962942506145, "Battery Electric Power (kW)": 0.12595660917723595}
2018-01-01 12:00:00 house received: {'Battery': {'P Setpoint': 0.11920391546706055}}
2018-01-01 12:00:00 house sending: {"Total Electric Power (kW)": -1.7894175703529263, "Battery Electric Power (kW)": 0.11920391546706055}
2018-01-01 12:10:00 house received: {'Battery': {'P Setpoint': 0.2122282308422998}}
2018-01-01 12:10:00 house sending: {"Total Electric Power (kW)": -1.734666108856438, "Battery Electric Power (kW)": 0.2122282308422998}
2018-01-01 12:20:00 house received: {'Battery': {'P Setpoint': 0.2911255693904229}}
2018-01-01 12:20:00 house sending: {"Total Electric Power (kW)": -1.6901999742307219, "Battery Electric Power (kW)": 0.2911255693904229}
2018-01-01 12:30:00 house received: {'Battery': {'P Setpoint': 0.3558958549534881}}
2018-01-01 12:30:00 house sending: {"Total Electric Power (kW)": -1.151169501775341, "Battery Electric Power (kW)": 0.3558958549534881}
2018-01-01 12:40:00 house received: {'Battery': {'P Setpoint': 0.4091681670545064}}
2018-01-01 12:40:00 house sending: {"Total Electric Power (kW)": -1.1192591245773649, "Battery Electric Power (kW)": 0.4091681670545064}
2018-01-01 12:50:00 house received: {'Battery': {'P Setpoint': 0.0}}
2018-01-01 12:50:00 house sending: {"Total Electric Power (kW)": -1.5478116598569467, "Battery Electric Power (kW)": 0}
2018-01-01 13:00:00 house received: {'Battery': {'P Setpoint': 0.0}}
2018-01-01 13:00:00 house sending: {"Total Electric Power (kW)": -1.5661461511104722, "Battery Electric Power (kW)": 0}
2018-01-01 13:10:00 house received: {'Battery': {'P Setpoint': 0.016470401410583424}}
2018-01-01 13:10:00 house sending: {"Total Electric Power (kW)": -1.5648647732808556, "Battery Electric Power (kW)": 0.016470401410583424}
2018-01-01 13:20:00 house received: {'Battery': {'P Setpoint': 0.043600321057114755}}
2018-01-01 13:20:00 house sending: {"Total Electric Power (kW)": -1.5509218314115905, "Battery Electric Power (kW)": 0.043600321057114755}
2018-01-01 13:30:00 house received: {'Battery': {'P Setpoint': 0.0677282930946217}}
2018-01-01 13:30:00 house sending: {"Total Electric Power (kW)": -1.744935484392469, "Battery Electric Power (kW)": 0.0677282930946217}
2018-01-01 13:40:00 house received: {'Battery': {'P Setpoint': 0.09029974304181065}}
2018-01-01 13:40:00 house sending: {"Total Electric Power (kW)": -1.7265392867941491, "Battery Electric Power (kW)": 0.09029974304181065}
2018-01-01 13:50:00 house received: {'Battery': {'P Setpoint': 0.2744241307053432}}
2018-01-01 13:50:00 house sending: {"Total Electric Power (kW)": -1.5428551996375115, "Battery Electric Power (kW)": 0.2744241307053432}
2018-01-01 14:00:00 house received: {'Battery': {'P Setpoint': 0.28934909594946356}}
2018-01-01 14:00:00 house sending: {"Total Electric Power (kW)": -1.5309665436498179, "Battery Electric Power (kW)": 0.28934909594946356}
2018-01-01 14:10:00 house received: {'Battery': {'P Setpoint': 0.30034675204931016}}
2018-01-01 14:10:00 house sending: {"Total Electric Power (kW)": -1.5125537740819743, "Battery Electric Power (kW)": 0.30034675204931016}
2018-01-01 14:20:00 house received: {'Battery': {'P Setpoint': 0.27962396654249266}}
2018-01-01 14:20:00 house sending: {"Total Electric Power (kW)": -1.5220448313852268, "Battery Electric Power (kW)": 0.27962396654249266}
2018-01-01 14:30:00 house received: {'Battery': {'P Setpoint': 0.25077041452195914}}
2018-01-01 14:30:00 house sending: {"Total Electric Power (kW)": -0.9641169892515904, "Battery Electric Power (kW)": 0.25077041452195914}
2018-01-01 14:40:00 house received: {'Battery': {'P Setpoint': 0.2722694932456524}}
2018-01-01 14:40:00 house sending: {"Total Electric Power (kW)": -0.9431958194207091, "Battery Electric Power (kW)": 0.2722694932456524}
2018-01-01 14:50:00 house received: {'Battery': {'P Setpoint': 0.0}}
2018-01-01 14:50:00 house sending: {"Total Electric Power (kW)": -1.216889658987637, "Battery Electric Power (kW)": 0}
2018-01-01 15:00:00 house received: {'Battery': {'P Setpoint': 0.0}}
2018-01-01 15:00:00 house sending: {"Total Electric Power (kW)": -1.1952279925658273, "Battery Electric Power (kW)": 0}
2018-01-01 15:10:00 house received: {'Battery': {'P Setpoint': 0.0}}
2018-01-01 15:10:00 house sending: {"Total Electric Power (kW)": -1.2020016557791713, "Battery Electric Power (kW)": 0}
2018-01-01 15:20:00 house received: {'Battery': {'P Setpoint': 0.0}}
2018-01-01 15:20:00 house sending: {"Total Electric Power (kW)": -1.2132202342547547, "Battery Electric Power (kW)": 0}
2018-01-01 15:30:00 house received: {'Battery': {'P Setpoint': 0.0}}
2018-01-01 15:30:00 house sending: {"Total Electric Power (kW)": -0.7753962461302322, "Battery Electric Power (kW)": 0}
2018-01-01 15:40:00 house received: {'Battery': {'P Setpoint': 0.0}}
2018-01-01 15:40:00 house sending: {"Total Electric Power (kW)": -0.7430762249758971, "Battery Electric Power (kW)": 0}
2018-01-01 15:50:00 house received: {'Battery': {'P Setpoint': 0.0}}
2018-01-01 15:50:00 house sending: {"Total Electric Power (kW)": -0.7044876749684416, "Battery Electric Power (kW)": 0}
2018-01-01 16:00:00 house received: {'Battery': {'P Setpoint': 0.0}}
2018-01-01 16:00:00 house sending: {"Total Electric Power (kW)": -0.6091404076455758, "Battery Electric Power (kW)": 0}
2018-01-01 16:10:00 house received: {'Battery': {'P Setpoint': 0.0}}
2018-01-01 16:10:00 house sending: {"Total Electric Power (kW)": -0.5185319243243671, "Battery Electric Power (kW)": 0}
2018-01-01 16:20:00 house received: {'Battery': {'P Setpoint': 0.0}}
2018-01-01 16:20:00 house sending: {"Total Electric Power (kW)": -0.28632514794558955, "Battery Electric Power (kW)": 0}
2018-01-01 16:30:00 house received: {'Battery': {'P Setpoint': 0.0}}
2018-01-01 16:30:00 house sending: {"Total Electric Power (kW)": 0.3540826840487796, "Battery Electric Power (kW)": 0}
2018-01-01 16:40:00 house received: {'Battery': {'P Setpoint': 0.0}}
2018-01-01 16:40:00 house sending: {"Total Electric Power (kW)": 0.374435922278587, "Battery Electric Power (kW)": 0}
2018-01-01 16:50:00 house received: {'Battery': {'P Setpoint': -0.10117846529863228}}
2018-01-01 16:50:00 house sending: {"Total Electric Power (kW)": 0.6265102366265489, "Battery Electric Power (kW)": -0.10117846529863228}
2018-01-01 17:00:00 house received: {'Battery': {'P Setpoint': -0.23226040242970214}}
2018-01-01 17:00:00 house sending: {"Total Electric Power (kW)": 0.5737888303891566, "Battery Electric Power (kW)": -0.23226040242970214}
2018-01-01 17:10:00 house received: {'Battery': {'P Setpoint': -0.5306809238216068}}
2018-01-01 17:10:00 house sending: {"Total Electric Power (kW)": 0.27343949393641576, "Battery Electric Power (kW)": -0.5306809238216068}
2018-01-01 17:20:00 house received: {'Battery': {'P Setpoint': -0.5298567380220045}}
2018-01-01 17:20:00 house sending: {"Total Electric Power (kW)": 0.2748876346382786, "Battery Electric Power (kW)": -0.5298567380220045}
2018-01-01 17:30:00 house received: {'Battery': {'P Setpoint': -0.49663487326047884}}
2018-01-01 17:30:00 house sending: {"Total Electric Power (kW)": 0.3265397542265107, "Battery Electric Power (kW)": -0.49663487326047884}
2018-01-01 17:40:00 house received: {'Battery': {'P Setpoint': -0.6102242687518316}}
2018-01-01 17:40:00 house sending: {"Total Electric Power (kW)": 0.21435861330788653, "Battery Electric Power (kW)": -0.6102242687518316}
2018-01-01 17:50:00 house received: {'Battery': {'P Setpoint': -0.7258903225278028}}
2018-01-01 17:50:00 house sending: {"Total Electric Power (kW)": 0.13928331376433412, "Battery Electric Power (kW)": -0.6864166419291358}
2018-01-01 18:00:00 house received: {'Battery': {'P Setpoint': -0.6763211454074101}}
2018-01-01 18:00:00 house sending: {"Total Electric Power (kW)": 0.6644138259265706, "Battery Electric Power (kW)": -0.00011863034643196282}
2018-01-01 18:10:00 house received: {'Battery': {'P Setpoint': -0.7452394568813288}}
2018-01-01 18:10:00 house sending: {"Total Electric Power (kW)": 0.6709639594346452, "Battery Electric Power (kW)": -3.5205659773738055e-12}
2018-01-01 18:20:00 house received: {'Battery': {'P Setpoint': -0.6789151106357214}}
2018-01-01 18:20:00 house sending: {"Total Electric Power (kW)": 0.6719813462524994, "Battery Electric Power (kW)": 0.0}
2018-01-01 18:30:00 house received: {'Battery': {'P Setpoint': -0.7581613243803182}}
2018-01-01 18:30:00 house sending: {"Total Electric Power (kW)": 0.6932284669518151, "Battery Electric Power (kW)": 0.0}
2018-01-01 18:40:00 house received: {'Battery': {'P Setpoint': -0.691443597140581}}
2018-01-01 18:40:00 house sending: {"Total Electric Power (kW)": 0.694216329814956, "Battery Electric Power (kW)": 0.0}
2018-01-01 18:50:00 house received: {'Battery': {'P Setpoint': -0.8339070881461492}}
2018-01-01 18:50:00 house sending: {"Total Electric Power (kW)": 0.6951583917325438, "Battery Electric Power (kW)": 0.0}
2018-01-01 19:00:00 house received: {'Battery': {'P Setpoint': -0.8568751928597624}}
2018-01-01 19:00:00 house sending: {"Total Electric Power (kW)": 0.6858509499058102, "Battery Electric Power (kW)": 0.0}
2018-01-01 19:10:00 house received: {'Battery': {'P Setpoint': -0.8252296400054651}}
2018-01-01 19:10:00 house sending: {"Total Electric Power (kW)": 0.6870939229678198, "Battery Electric Power (kW)": 0.0}
2018-01-01 19:20:00 house received: {'Battery': {'P Setpoint': -0.7854120065509196}}
2018-01-01 19:20:00 house sending: {"Total Electric Power (kW)": 0.6880185037370831, "Battery Electric Power (kW)": 0.0}
2018-01-01 19:30:00 house received: {'Battery': {'P Setpoint': -0.7805181588340464}}
2018-01-01 19:30:00 house sending: {"Total Electric Power (kW)": 0.6928080380786487, "Battery Electric Power (kW)": 0.0}
2018-01-01 19:40:00 house received: {'Battery': {'P Setpoint': -0.8229931791192737}}
2018-01-01 19:40:00 house sending: {"Total Electric Power (kW)": 0.6937665207171955, "Battery Electric Power (kW)": 0.0}
2018-01-01 19:50:00 house received: {'Battery': {'P Setpoint': -0.8504319535696128}}
2018-01-01 19:50:00 house sending: {"Total Electric Power (kW)": 0.8997052969951236, "Battery Electric Power (kW)": 0.0}
2018-01-01 20:00:00 house received: {'Battery': {'P Setpoint': -0.832498936255917}}
2018-01-01 20:00:00 house sending: {"Total Electric Power (kW)": 0.8329927786648997, "Battery Electric Power (kW)": 0.0}
2018-01-01 20:10:00 house received: {'Battery': {'P Setpoint': -1.0144476092623922}}
2018-01-01 20:10:00 house sending: {"Total Electric Power (kW)": 0.835797139814329, "Battery Electric Power (kW)": 0.0}
2018-01-01 20:20:00 house received: {'Battery': {'P Setpoint': -0.9435199447283964}}
2018-01-01 20:20:00 house sending: {"Total Electric Power (kW)": 0.8366707410946604, "Battery Electric Power (kW)": 0.0}
2018-01-01 20:30:00 house received: {'Battery': {'P Setpoint': -0.999812872416294}}
2018-01-01 20:30:00 house sending: {"Total Electric Power (kW)": 0.838125065975843, "Battery Electric Power (kW)": 0.0}
2018-01-01 20:40:00 house received: {'Battery': {'P Setpoint': -0.9762386344676472}}
2018-01-01 20:40:00 house sending: {"Total Electric Power (kW)": 0.8390486280738391, "Battery Electric Power (kW)": 0.0}
2018-01-01 20:50:00 house received: {'Battery': {'P Setpoint': -1.0045857653917034}}
2018-01-01 20:50:00 house sending: {"Total Electric Power (kW)": 0.8399696014413517, "Battery Electric Power (kW)": 0.0}
2018-01-01 21:00:00 house received: {'Battery': {'P Setpoint': -1.0376424846649757}}
2018-01-01 21:00:00 house sending: {"Total Electric Power (kW)": 0.7793201995910353, "Battery Electric Power (kW)": 0.0}
2018-01-01 21:10:00 house received: {'Battery': {'P Setpoint': -1.0112537140764273}}
2018-01-01 21:10:00 house sending: {"Total Electric Power (kW)": 0.7823539785781524, "Battery Electric Power (kW)": 0.0}
2018-01-01 21:20:00 house received: {'Battery': {'P Setpoint': -0.922966083565905}}
2018-01-01 21:20:00 house sending: {"Total Electric Power (kW)": 0.783335290467838, "Battery Electric Power (kW)": 0.0}
2018-01-01 21:30:00 house received: {'Battery': {'P Setpoint': -0.9334075315552055}}
2018-01-01 21:30:00 house sending: {"Total Electric Power (kW)": 0.7847017308859647, "Battery Electric Power (kW)": 0.0}
2018-01-01 21:40:00 house received: {'Battery': {'P Setpoint': -1.0573020633372665}}
2018-01-01 21:40:00 house sending: {"Total Electric Power (kW)": 0.785640011347378, "Battery Electric Power (kW)": 0.0}
2018-01-01 21:50:00 house received: {'Battery': {'P Setpoint': -1.046110097231618}}
2018-01-01 21:50:00 house sending: {"Total Electric Power (kW)": 0.7865599383165072, "Battery Electric Power (kW)": 0.0}
2018-01-01 22:00:00 house received: {'Battery': {'P Setpoint': -0.9868687837885313}}
2018-01-01 22:00:00 house sending: {"Total Electric Power (kW)": 0.7250747928291048, "Battery Electric Power (kW)": 0.0}
2018-01-01 22:10:00 house received: {'Battery': {'P Setpoint': -0.9698616820125485}}
2018-01-01 22:10:00 house sending: {"Total Electric Power (kW)": 0.7280420957070346, "Battery Electric Power (kW)": 0.0}
2018-01-01 22:20:00 house received: {'Battery': {'P Setpoint': -0.9046241127043515}}
2018-01-01 22:20:00 house sending: {"Total Electric Power (kW)": 0.7289750140973194, "Battery Electric Power (kW)": 0.0}
2018-01-01 22:30:00 house received: {'Battery': {'P Setpoint': -0.922127059346669}}
2018-01-01 22:30:00 house sending: {"Total Electric Power (kW)": 0.7316296284809849, "Battery Electric Power (kW)": 0.0}
2018-01-01 22:40:00 house received: {'Battery': {'P Setpoint': -0.9256920177039782}}
2018-01-01 22:40:00 house sending: {"Total Electric Power (kW)": 0.7324976955940973, "Battery Electric Power (kW)": 0.0}
2018-01-01 22:50:00 house received: {'Battery': {'P Setpoint': -0.9341777307070678}}
2018-01-01 22:50:00 house sending: {"Total Electric Power (kW)": 0.7333410649663964, "Battery Electric Power (kW)": 0.0}
2018-01-01 23:00:00 house received: {'Battery': {'P Setpoint': -0.938142690136937}}
2018-01-01 23:00:00 house sending: {"Total Electric Power (kW)": 0.6303465886795103, "Battery Electric Power (kW)": 0.0}
2018-01-01 23:10:00 house received: {'Battery': {'P Setpoint': -0.9425108253991785}}
2018-01-01 23:10:00 house sending: {"Total Electric Power (kW)": 0.6346929925310639, "Battery Electric Power (kW)": 0.0}
2018-01-01 23:20:00 house received: {'Battery': {'P Setpoint': -0.8430935232984162}}
2018-01-01 23:20:00 house sending: {"Total Electric Power (kW)": 0.6355813778892563, "Battery Electric Power (kW)": 0.0}
2018-01-01 23:30:00 house received: {'Battery': {'P Setpoint': -0.874096796562231}}
2018-01-01 23:30:00 house sending: {"Total Electric Power (kW)": 0.63874822350991, "Battery Electric Power (kW)": 0.0}
2018-01-01 23:40:00 house received: {'Battery': {'P Setpoint': -0.8789871533089606}}
2018-01-01 23:40:00 house sending: {"Total Electric Power (kW)": 0.6394942670719223, "Battery Electric Power (kW)": 0.0}
2018-01-01 23:50:00 house received: {'Battery': {'P Setpoint': -1.0317115632259268}}
2018-01-01 23:50:00 house sending: {"Total Electric Power (kW)": 0.6402395580155971, "Battery Electric Power (kW)": 0.0}
2025-10-17 17:57:55.234292 - House_1 at 2018-01-02 00:00:00: Simulation complete, time series results saved to: /home/deras/gld-opedss-ochre-helics/ochre_helics_example/my_examples/trial/cosimulation/bldg0112631/up00/House_1.csv
2025-10-17 17:57:55.236588 - House_1 at 2018-01-02 00:00:00: Post-processing metrics saved to: /home/deras/gld-opedss-ochre-helics/ochre_helics_example/my_examples/trial/cosimulation/bldg0112631/up00/House_1_metrics.csv
2025-10-17 17:57:55.241672 - House_1 at 2018-01-02 00:00:00: Hourly results saved to: /home/deras/gld-opedss-ochre-helics/ochre_helics_example/my_examples/trial/cosimulation/bldg0112631/up00/House_1_hourly.csv
