========================================================================================================================
Simulation start time is:	2025-10-23 17:05:00
Simulation duration is:	13:00:00
simulation times are as follows: 
DatetimeIndex(['2025-10-23 17:05:00', '2025-10-23 17:05:05',
               '2025-10-23 17:05:10', '2025-10-23 17:05:15',
               '2025-10-23 17:05:20', '2025-10-23 17:05:25',
               '2025-10-23 17:05:30', '2025-10-23 17:05:35',
               '2025-10-23 17:05:40', '2025-10-23 17:05:45',
               ...
               '2025-10-24 06:04:10', '2025-10-24 06:04:15',
               '2025-10-24 06:04:20', '2025-10-24 06:04:25',
               '2025-10-24 06:04:30', '2025-10-24 06:04:35',
               '2025-10-24 06:04:40', '2025-10-24 06:04:45',
               '2025-10-24 06:04:50', '2025-10-24 06:04:55'],
              dtype='datetime64[ns]', length=9360, freq='5s')
========================================================================================================================
Starting house federate: House_1
Initializing OCHRE dwelling...
2025-10-30 16:28:21.583810 - House_1 at 2025-10-23 17:05:00: Initializing House_1 (OCHRE v0.9.1)
WARNING: Properties file weather station (G0800310) may be different from weather file used: /home/deras/.local/lib/python3.12/site-packages/ochre/defaults/Weather/USA_OR_Portland-Hillsboro.AP.726986_TMY3.epw
WARNING: Cooling setpoint is within 1C of heating setpoint. Separating setpoints by at least 1C.
2025-10-30 16:28:26.079945 - House_1 at 2025-10-23 17:05:00: Running initialization for 1 day, 0:00:00
2025-10-30 16:28:44.120885 - House_1 at 2025-10-23 17:05:00: Dwelling Initialized
House_1 initialized successfully!
House_1 entering simulation loop...
============================================================
In the step_to function

HELICS information:

time at the moment is: 2025-10-23 17:05:00
t_requested (in seconds) is: 60.0
HELICS requested time: 60.0
============================================================
================================================================================================================================================================
The published complex power (VA) is: (745.7940655912996+0j)
================================================================================================================================================================
============================================================
In the step_to function

HELICS information:

time at the moment is: 2025-10-23 17:05:05
t_requested (in seconds) is: 65.0
HELICS requested time: 65.0
============================================================
================================================================================================================================================================
The published complex power (VA) is: (745.7940655912996+0j)
================================================================================================================================================================
============================================================
In the step_to function

HELICS information:

time at the moment is: 2025-10-23 17:05:10
t_requested (in seconds) is: 70.0
HELICS requested time: 70.0
============================================================
================================================================================================================================================================
The published complex power (VA) is: (745.7940655912996+0j)
================================================================================================================================================================
============================================================
In the step_to function

HELICS information:

time at the moment is: 2025-10-23 17:05:15
t_requested (in seconds) is: 75.0
HELICS requested time: 75.0
============================================================
================================================================================================================================================================
The published complex power (VA) is: (745.7940655912996+0j)
================================================================================================================================================================
============================================================
In the step_to function

HELICS information:

time at the moment is: 2025-10-23 17:05:20
t_requested (in seconds) is: 80.0
HELICS requested time: 80.0
============================================================
================================================================================================================================================================
The published complex power (VA) is: (745.7940655912996+0j)
================================================================================================================================================================
============================================================
In the step_to function

HELICS information:

time at the moment is: 2025-10-23 17:05:25
t_requested (in seconds) is: 85.0
HELICS requested time: 85.0
============================================================
================================================================================================================================================================
The published complex power (VA) is: (745.7940655912996+0j)
================================================================================================================================================================
============================================================
In the step_to function

HELICS information:

time at the moment is: 2025-10-23 17:05:30
t_requested (in seconds) is: 90.0
HELICS requested time: 90.0
============================================================
================================================================================================================================================================
The published complex power (VA) is: (745.7940655912996+0j)
================================================================================================================================================================
============================================================
In the step_to function

HELICS information:

time at the moment is: 2025-10-23 17:05:35
t_requested (in seconds) is: 95.0
HELICS requested time: 95.0
============================================================
================================================================================================================================================================
The published complex power (VA) is: (745.7940655912996+0j)
================================================================================================================================================================
============================================================
In the step_to function

HELICS information:

time at the moment is: 2025-10-23 17:05:40
t_requested (in seconds) is: 100.0
HELICS requested time: 100.0
============================================================
================================================================================================================================================================
The published complex power (VA) is: (745.7940655912996+0j)
================================================================================================================================================================
============================================================
In the step_to function

HELICS information:

time at the moment is: 2025-10-23 17:05:45
t_requested (in seconds) is: 105.0
HELICS requested time: 105.0
============================================================
================================================================================================================================================================
The published complex power (VA) is: (745.7940655912996+0j)
================================================================================================================================================================
============================================================
In the step_to function

HELICS information:

time at the moment is: 2025-10-23 17:05:50
t_requested (in seconds) is: 110.0
HELICS requested time: 110.0
============================================================
================================================================================================================================================================
The published complex power (VA) is: (745.7940655912996+0j)
================================================================================================================================================================
============================================================
In the step_to function

HELICS information:

time at the moment is: 2025-10-23 17:05:55
t_requested (in seconds) is: 115.0
HELICS requested time: 115.0
============================================================
================================================================================================================================================================
The published complex power (VA) is: (745.7940655912996+0j)
================================================================================================================================================================
============================================================
In the step_to function

HELICS information:

time at the moment is: 2025-10-23 17:06:00
t_requested (in seconds) is: 120.0
HELICS requested time: 120.0
============================================================
================================================================================================================================================================
The published complex power (VA) is: (745.7940655912996+0j)
================================================================================================================================================================
============================================================
In the step_to function

HELICS information:

time at the moment is: 2025-10-23 17:06:05
t_requested (in seconds) is: 125.0
HELICS requested time: 125.0
============================================================
================================================================================================================================================================
The published complex power (VA) is: (745.7940655912996+0j)
================================================================================================================================================================
============================================================
In the step_to function

HELICS information:

time at the moment is: 2025-10-23 17:06:10
t_requested (in seconds) is: 130.0
HELICS requested time: 130.0
============================================================
================================================================================================================================================================
The published complex power (VA) is: (745.7940655912996+0j)
================================================================================================================================================================
============================================================
In the step_to function

HELICS information:

time at the moment is: 2025-10-23 17:06:15
t_requested (in seconds) is: 135.0
HELICS requested time: 135.0
============================================================
================================================================================================================================================================
The published complex power (VA) is: (745.7940655912996+0j)
================================================================================================================================================================
============================================================
In the step_to function

HELICS information:

time at the moment is: 2025-10-23 17:06:20
t_requested (in seconds) is: 140.0
HELICS requested time: 140.0
============================================================
================================================================================================================================================================
The published complex power (VA) is: (745.7940655912996+0j)
================================================================================================================================================================
============================================================
In the step_to function

HELICS information:

time at the moment is: 2025-10-23 17:06:25
t_requested (in seconds) is: 145.0
HELICS requested time: 145.0
============================================================
================================================================================================================================================================
The published complex power (VA) is: (745.7940655912996+0j)
================================================================================================================================================================
============================================================
In the step_to function

HELICS information:

time at the moment is: 2025-10-23 17:06:30
t_requested (in seconds) is: 150.0
HELICS requested time: 150.0
============================================================
================================================================================================================================================================
The published complex power (VA) is: (745.7940655912996+0j)
================================================================================================================================================================
============================================================
In the step_to function

HELICS information:

time at the moment is: 2025-10-23 17:06:35
t_requested (in seconds) is: 155.0
HELICS requested time: 155.0
============================================================
================================================================================================================================================================
The published complex power (VA) is: (745.7940655912996+0j)
================================================================================================================================================================
============================================================
In the step_to function

HELICS information:

time at the moment is: 2025-10-23 17:06:40
t_requested (in seconds) is: 160.0
HELICS requested time: 160.0
============================================================
================================================================================================================================================================
The published complex power (VA) is: (745.7940655912996+0j)
================================================================================================================================================================
============================================================
In the step_to function

HELICS information:

time at the moment is: 2025-10-23 17:06:45
t_requested (in seconds) is: 165.0
HELICS requested time: 165.0
============================================================
================================================================================================================================================================
The published complex power (VA) is: (745.7940655912996+0j)
================================================================================================================================================================
============================================================
In the step_to function

HELICS information:

time at the moment is: 2025-10-23 17:06:50
t_requested (in seconds) is: 170.0
HELICS requested time: 170.0
============================================================
================================================================================================================================================================
The published complex power (VA) is: (745.7940655912996+0j)
================================================================================================================================================================
============================================================
In the step_to function

HELICS information:

time at the moment is: 2025-10-23 17:06:55
t_requested (in seconds) is: 175.0
HELICS requested time: 175.0
============================================================
================================================================================================================================================================
The published complex power (VA) is: (745.7940655912996+0j)
================================================================================================================================================================
============================================================
In the step_to function

HELICS information:

time at the moment is: 2025-10-23 17:07:00
t_requested (in seconds) is: 180.0
HELICS requested time: 180.0
============================================================
================================================================================================================================================================
The published complex power (VA) is: (745.7940655912996+0j)
================================================================================================================================================================
============================================================
In the step_to function

HELICS information:

time at the moment is: 2025-10-23 17:07:05
t_requested (in seconds) is: 185.0
HELICS requested time: 185.0
============================================================
================================================================================================================================================================
The published complex power (VA) is: (745.7940655912996+0j)
================================================================================================================================================================
============================================================
In the step_to function

HELICS information:

time at the moment is: 2025-10-23 17:07:10
t_requested (in seconds) is: 190.0
HELICS requested time: 190.0
============================================================
================================================================================================================================================================
The published complex power (VA) is: (745.7940655912996+0j)
================================================================================================================================================================
============================================================
In the step_to function

HELICS information:

time at the moment is: 2025-10-23 17:07:15
t_requested (in seconds) is: 195.0
HELICS requested time: 195.0
============================================================
================================================================================================================================================================
The published complex power (VA) is: (745.7940655912996+0j)
================================================================================================================================================================
============================================================
In the step_to function

HELICS information:

time at the moment is: 2025-10-23 17:07:20
t_requested (in seconds) is: 200.0
HELICS requested time: 200.0
============================================================
================================================================================================================================================================
The published complex power (VA) is: (745.7940655912996+0j)
================================================================================================================================================================
============================================================
In the step_to function

HELICS information:

time at the moment is: 2025-10-23 17:07:25
t_requested (in seconds) is: 205.0
HELICS requested time: 205.0
============================================================
================================================================================================================================================================
The published complex power (VA) is: (745.7940655912996+0j)
================================================================================================================================================================
============================================================
In the step_to function

HELICS information:

time at the moment is: 2025-10-23 17:07:30
t_requested (in seconds) is: 210.0
HELICS requested time: 210.0
============================================================
================================================================================================================================================================
The published complex power (VA) is: (745.7940655912996+0j)
================================================================================================================================================================
============================================================
In the step_to function

HELICS information:

time at the moment is: 2025-10-23 17:07:35
t_requested (in seconds) is: 215.0
HELICS requested time: 215.0
============================================================
================================================================================================================================================================
The published complex power (VA) is: (745.7940655912996+0j)
================================================================================================================================================================
============================================================
In the step_to function

HELICS information:

time at the moment is: 2025-10-23 17:07:40
t_requested (in seconds) is: 220.0
HELICS requested time: 220.0
============================================================
================================================================================================================================================================
The published complex power (VA) is: (745.7940655912996+0j)
================================================================================================================================================================
============================================================
In the step_to function

HELICS information:

time at the moment is: 2025-10-23 17:07:45
t_requested (in seconds) is: 225.0
HELICS requested time: 225.0
============================================================
================================================================================================================================================================
The published complex power (VA) is: (745.7940655912996+0j)
================================================================================================================================================================
============================================================
In the step_to function

HELICS information:

time at the moment is: 2025-10-23 17:07:50
t_requested (in seconds) is: 230.0
HELICS requested time: 230.0
============================================================
================================================================================================================================================================
The published complex power (VA) is: (745.7940655912996+0j)
================================================================================================================================================================
============================================================
In the step_to function

HELICS information:

time at the moment is: 2025-10-23 17:07:55
t_requested (in seconds) is: 235.0
HELICS requested time: 235.0
============================================================
================================================================================================================================================================
The published complex power (VA) is: (745.7940655912996+0j)
================================================================================================================================================================
============================================================
In the step_to function

HELICS information:

time at the moment is: 2025-10-23 17:08:00
t_requested (in seconds) is: 240.0
HELICS requested time: 240.0
============================================================
================================================================================================================================================================
The published complex power (VA) is: (745.7940655912996+0j)
================================================================================================================================================================
============================================================
In the step_to function

HELICS information:

time at the moment is: 2025-10-23 17:08:05
t_requested (in seconds) is: 245.0
HELICS requested time: 245.0
============================================================
================================================================================================================================================================
The published complex power (VA) is: (745.7940655912996+0j)
================================================================================================================================================================
============================================================
In the step_to function

HELICS information:

time at the moment is: 2025-10-23 17:08:10
t_requested (in seconds) is: 250.0
HELICS requested time: 250.0
============================================================
================================================================================================================================================================
The published complex power (VA) is: (745.7940655912996+0j)
================================================================================================================================================================
============================================================
In the step_to function

HELICS information:

time at the moment is: 2025-10-23 17:08:15
t_requested (in seconds) is: 255.0
HELICS requested time: 255.0
============================================================
================================================================================================================================================================
The published complex power (VA) is: (745.7940655912996+0j)
================================================================================================================================================================
============================================================
In the step_to function

HELICS information:

time at the moment is: 2025-10-23 17:08:20
t_requested (in seconds) is: 260.0
HELICS requested time: 260.0
============================================================
================================================================================================================================================================
The published complex power (VA) is: (745.7940655912996+0j)
================================================================================================================================================================
============================================================
In the step_to function

HELICS information:

time at the moment is: 2025-10-23 17:08:25
t_requested (in seconds) is: 265.0
HELICS requested time: 265.0
============================================================
================================================================================================================================================================
The published complex power (VA) is: (745.7940655912996+0j)
================================================================================================================================================================
============================================================
In the step_to function

HELICS information:

time at the moment is: 2025-10-23 17:08:30
t_requested (in seconds) is: 270.0
HELICS requested time: 270.0
============================================================
================================================================================================================================================================
The published complex power (VA) is: (745.7940655912996+0j)
================================================================================================================================================================
============================================================
In the step_to function

HELICS information:

time at the moment is: 2025-10-23 17:08:35
t_requested (in seconds) is: 275.0
HELICS requested time: 275.0
============================================================
================================================================================================================================================================
The published complex power (VA) is: (745.7940655912996+0j)
================================================================================================================================================================
============================================================
In the step_to function

HELICS information:

time at the moment is: 2025-10-23 17:08:40
t_requested (in seconds) is: 280.0
HELICS requested time: 280.0
============================================================
================================================================================================================================================================
The published complex power (VA) is: (745.7940655912996+0j)
================================================================================================================================================================
============================================================
In the step_to function

HELICS information:

time at the moment is: 2025-10-23 17:08:45
t_requested (in seconds) is: 285.0
HELICS requested time: 285.0
============================================================
================================================================================================================================================================
The published complex power (VA) is: (745.7940655912996+0j)
================================================================================================================================================================
============================================================
In the step_to function

HELICS information:

time at the moment is: 2025-10-23 17:08:50
t_requested (in seconds) is: 290.0
HELICS requested time: 290.0
============================================================
================================================================================================================================================================
The published complex power (VA) is: (745.7940655912996+0j)
================================================================================================================================================================
============================================================
In the step_to function

HELICS information:

time at the moment is: 2025-10-23 17:08:55
t_requested (in seconds) is: 295.0
HELICS requested time: 295.0
============================================================
================================================================================================================================================================
The published complex power (VA) is: (745.7940655912996+0j)
================================================================================================================================================================
============================================================
In the step_to function

HELICS information:

time at the moment is: 2025-10-23 17:09:00
t_requested (in seconds) is: 300.0
HELICS requested time: 300.0
============================================================
================================================================================================================================================================
The published complex power (VA) is: (745.7940655912996+0j)
================================================================================================================================================================
============================================================
In the step_to function

HELICS information:

time at the moment is: 2025-10-23 17:09:05
t_requested (in seconds) is: 305.0
HELICS requested time: 305.0
============================================================
================================================================================================================================================================
The published complex power (VA) is: (745.7940655912996+0j)
================================================================================================================================================================
============================================================
In the step_to function

HELICS information:

time at the moment is: 2025-10-23 17:09:10
t_requested (in seconds) is: 310.0
HELICS requested time: 310.0
============================================================
================================================================================================================================================================
The published complex power (VA) is: (745.7940655912996+0j)
================================================================================================================================================================
============================================================
In the step_to function

HELICS information:

time at the moment is: 2025-10-23 17:09:15
t_requested (in seconds) is: 315.0
HELICS requested time: 315.0
============================================================
================================================================================================================================================================
The published complex power (VA) is: (745.7940655912996+0j)
================================================================================================================================================================
============================================================
In the step_to function

HELICS information:

time at the moment is: 2025-10-23 17:09:20
t_requested (in seconds) is: 320.0
HELICS requested time: 320.0
============================================================
================================================================================================================================================================
The published complex power (VA) is: (745.7940655912996+0j)
================================================================================================================================================================
============================================================
In the step_to function

HELICS information:

time at the moment is: 2025-10-23 17:09:25
t_requested (in seconds) is: 325.0
HELICS requested time: 325.0
============================================================
================================================================================================================================================================
The published complex power (VA) is: (745.7940655912996+0j)
================================================================================================================================================================
============================================================
In the step_to function

HELICS information:

time at the moment is: 2025-10-23 17:09:30
t_requested (in seconds) is: 330.0
HELICS requested time: 330.0
============================================================
================================================================================================================================================================
The published complex power (VA) is: (745.7940655912996+0j)
================================================================================================================================================================
============================================================
In the step_to function

HELICS information:

time at the moment is: 2025-10-23 17:09:35
t_requested (in seconds) is: 335.0
HELICS requested time: 335.0
============================================================
================================================================================================================================================================
The published complex power (VA) is: (745.7940655912996+0j)
================================================================================================================================================================
============================================================
In the step_to function

HELICS information:

time at the moment is: 2025-10-23 17:09:40
t_requested (in seconds) is: 340.0
HELICS requested time: 340.0
============================================================
================================================================================================================================================================
The published complex power (VA) is: (745.7940655912996+0j)
================================================================================================================================================================
============================================================
In the step_to function

HELICS information:

time at the moment is: 2025-10-23 17:09:45
t_requested (in seconds) is: 345.0
HELICS requested time: 345.0
============================================================
================================================================================================================================================================
The published complex power (VA) is: (745.7940655912996+0j)
================================================================================================================================================================
============================================================
In the step_to function

HELICS information:

time at the moment is: 2025-10-23 17:09:50
t_requested (in seconds) is: 350.0
HELICS requested time: 350.0
============================================================
================================================================================================================================================================
The published complex power (VA) is: (745.7940655912996+0j)
================================================================================================================================================================
============================================================
In the step_to function

HELICS information:

time at the moment is: 2025-10-23 17:09:55
t_requested (in seconds) is: 355.0
HELICS requested time: 355.0
============================================================
================================================================================================================================================================
The published complex power (VA) is: (745.7940655912996+0j)
================================================================================================================================================================
============================================================
In the step_to function

HELICS information:

time at the moment is: 2025-10-23 17:10:00
t_requested (in seconds) is: 360.0
HELICS requested time: 360.0
============================================================
================================================================================================================================================================
The published complex power (VA) is: (745.7940655912996+0j)
================================================================================================================================================================
============================================================
In the step_to function

HELICS information:

time at the moment is: 2025-10-23 17:10:05
t_requested (in seconds) is: 365.0
HELICS requested time: 365.0
============================================================
================================================================================================================================================================
The published complex power (VA) is: (745.7940655912996+0j)
================================================================================================================================================================
============================================================
In the step_to function

HELICS information:

time at the moment is: 2025-10-23 17:10:10
t_requested (in seconds) is: 370.0
HELICS requested time: 370.0
============================================================
================================================================================================================================================================
The published complex power (VA) is: (745.7940655912996+0j)
================================================================================================================================================================
============================================================
In the step_to function

HELICS information:

time at the moment is: 2025-10-23 17:10:15
t_requested (in seconds) is: 375.0
HELICS requested time: 375.0
============================================================
================================================================================================================================================================
The published complex power (VA) is: (745.7940655912996+0j)
================================================================================================================================================================
============================================================
In the step_to function

HELICS information:

time at the moment is: 2025-10-23 17:10:20
t_requested (in seconds) is: 380.0
HELICS requested time: 380.0
============================================================
================================================================================================================================================================
The published complex power (VA) is: (745.7940655912996+0j)
================================================================================================================================================================
============================================================
In the step_to function

HELICS information:

time at the moment is: 2025-10-23 17:10:25
t_requested (in seconds) is: 385.0
HELICS requested time: 385.0
============================================================
================================================================================================================================================================
The published complex power (VA) is: (745.7940655912996+0j)
================================================================================================================================================================
============================================================
In the step_to function

HELICS information:

time at the moment is: 2025-10-23 17:10:30
t_requested (in seconds) is: 390.0
HELICS requested time: 390.0
============================================================
================================================================================================================================================================
The published complex power (VA) is: (745.7940655912996+0j)
================================================================================================================================================================
============================================================
In the step_to function

HELICS information:

time at the moment is: 2025-10-23 17:10:35
t_requested (in seconds) is: 395.0
HELICS requested time: 395.0
============================================================
================================================================================================================================================================
The published complex power (VA) is: (745.7940655912996+0j)
================================================================================================================================================================
============================================================
In the step_to function

HELICS information:

time at the moment is: 2025-10-23 17:10:40
t_requested (in seconds) is: 400.0
HELICS requested time: 400.0
============================================================
================================================================================================================================================================
The published complex power (VA) is: (745.7940655912996+0j)
================================================================================================================================================================
============================================================
In the step_to function

HELICS information:

time at the moment is: 2025-10-23 17:10:45
t_requested (in seconds) is: 405.0
HELICS requested time: 405.0
============================================================
================================================================================================================================================================
The published complex power (VA) is: (745.7940655912996+0j)
================================================================================================================================================================
============================================================
In the step_to function

HELICS information:

time at the moment is: 2025-10-23 17:10:50
t_requested (in seconds) is: 410.0
HELICS requested time: 410.0
============================================================
================================================================================================================================================================
The published complex power (VA) is: (745.7940655912996+0j)
================================================================================================================================================================
============================================================
In the step_to function

HELICS information:

time at the moment is: 2025-10-23 17:10:55
t_requested (in seconds) is: 415.0
HELICS requested time: 415.0
============================================================
================================================================================================================================================================
The published complex power (VA) is: (745.7940655912996+0j)
================================================================================================================================================================
============================================================
In the step_to function

HELICS information:

time at the moment is: 2025-10-23 17:11:00
t_requested (in seconds) is: 420.0
HELICS requested time: 420.0
============================================================
================================================================================================================================================================
The published complex power (VA) is: (745.7940655912996+0j)
================================================================================================================================================================
============================================================
In the step_to function

HELICS information:

time at the moment is: 2025-10-23 17:11:05
t_requested (in seconds) is: 425.0
HELICS requested time: 425.0
============================================================
================================================================================================================================================================
The published complex power (VA) is: (745.7940655912996+0j)
================================================================================================================================================================
============================================================
In the step_to function

HELICS information:

time at the moment is: 2025-10-23 17:11:10
t_requested (in seconds) is: 430.0
HELICS requested time: 430.0
============================================================
================================================================================================================================================================
The published complex power (VA) is: (745.7940655912996+0j)
================================================================================================================================================================
============================================================
In the step_to function

HELICS information:

time at the moment is: 2025-10-23 17:11:15
t_requested (in seconds) is: 435.0
HELICS requested time: 435.0
============================================================
================================================================================================================================================================
The published complex power (VA) is: (745.7940655912996+0j)
================================================================================================================================================================
============================================================
In the step_to function

HELICS information:

time at the moment is: 2025-10-23 17:11:20
t_requested (in seconds) is: 440.0
HELICS requested time: 440.0
============================================================
================================================================================================================================================================
The published complex power (VA) is: (745.7940655912996+0j)
================================================================================================================================================================
============================================================
In the step_to function

HELICS information:

time at the moment is: 2025-10-23 17:11:25
t_requested (in seconds) is: 445.0
                                                                                                                                                                                                                                                                                                                                                                                                                                                                                                                                                                                                                                                                                                                                                 