[2025-08-01 13:08:32.297] [console] [info] DSSfederate::registering Input 
[2025-08-01 13:08:32.298] [console] [debug] DSSfederate (131073)[initializing]::Granting Initialization
[2025-08-01 13:08:32.298] [console] [debug] DSSfederate (131073)[initializing]::Granted Time=-9223372036.854776
[2025-08-01 13:08:32.299] [console] [debug] DSSfederate (131073)[initializing]::receive PUBLICATION pub:From (131072) handle(0) size 0 at 0 to 131073 from storage_powers
[2025-08-01 13:08:32.299] [console] [debug] DSSfederate (131073)[executing]::Granting Execution
[2025-08-01 13:08:32.299] [console] [debug] DSSfederate (131073)[0]::Granted Time=0
[2025-08-01 13:08:42.054] [console] [info] DSSfederate_core_AYXE5i (1879048193)[operating]:: core tick
[2025-08-01 13:08:52.054] [console] [info] DSSfederate_core_AYXE5i (1879048193)[operating]:: core tick
[2025-08-01 13:09:02.054] [console] [info] DSSfederate_core_AYXE5i (1879048193)[operating]:: core tick
[2025-08-01 13:09:12.055] [console] [info] DSSfederate_core_AYXE5i (1879048193)[operating]:: core tick
[2025-08-01 13:09:22.055] [console] [info] DSSfederate_core_AYXE5i (1879048193)[operating]:: core tick
[2025-08-01 13:09:32.055] [console] [info] DSSfederate_core_AYXE5i (1879048193)[operating]:: core tick
[2025-08-01 13:09:32.300] [console] [debug] DSSfederate (131073)[0]::receive PUBLICATION pub:From (131072) handle(0) size 0 at 60 to 131073 from storage_powers
[2025-08-01 13:09:32.300] [console] [debug] DSSfederate (131073)[60]::Granted Time=60
[2025-08-01 13:09:42.055] [console] [info] DSSfederate_core_AYXE5i (1879048193)[operating]:: core tick
[2025-08-01 13:09:52.056] [console] [info] DSSfederate_core_AYXE5i (1879048193)[operating]:: core tick
[2025-08-01 13:10:02.056] [console] [info] DSSfederate_core_AYXE5i (1879048193)[operating]:: core tick
[2025-08-01 13:10:12.056] [console] [info] DSSfederate_core_AYXE5i (1879048193)[operating]:: core tick
[2025-08-01 13:10:22.057] [console] [info] DSSfederate_core_AYXE5i (1879048193)[operating]:: core tick
[2025-08-01 13:10:32.057] [console] [info] DSSfederate_core_AYXE5i (1879048193)[operating]:: core tick
[2025-08-01 13:10:32.300] [console] [debug] DSSfederate (131073)[60]::receive PUBLICATION pub:From (131072) handle(0) size 0 at 120 to 131073 from storage_powers
[2025-08-01 13:10:32.300] [console] [debug] DSSfederate (131073)[120]::Granted Time=120
[2025-08-01 13:10:42.057] [console] [info] DSSfederate_core_AYXE5i (1879048193)[operating]:: core tick
[2025-08-01 13:10:52.057] [console] [info] DSSfederate_core_AYXE5i (1879048193)[operating]:: core tick
[2025-08-01 13:11:02.058] [console] [info] DSSfederate_core_AYXE5i (1879048193)[operating]:: core tick
[2025-08-01 13:11:12.058] [console] [info] DSSfederate_core_AYXE5i (1879048193)[operating]:: core tick
[2025-08-01 13:11:22.058] [console] [info] DSSfederate_core_AYXE5i (1879048193)[operating]:: core tick
[2025-08-01 13:11:32.058] [console] [info] DSSfederate_core_AYXE5i (1879048193)[operating]:: core tick
[2025-08-01 13:11:32.300] [console] [debug] DSSfederate (131073)[120]::receive PUBLICATION pub:From (131072) handle(0) size 0 at 180 to 131073 from storage_powers
[2025-08-01 13:11:32.300] [console] [debug] DSSfederate (131073)[180]::Granted Time=180
[2025-08-01 13:11:42.059] [console] [info] DSSfederate_core_AYXE5i (1879048193)[operating]:: core tick
[2025-08-01 13:11:52.059] [console] [info] DSSfederate_core_AYXE5i (1879048193)[operating]:: core tick
[2025-08-01 13:12:02.059] [console] [info] DSSfederate_core_AYXE5i (1879048193)[operating]:: core tick
[2025-08-01 13:12:12.060] [console] [info] DSSfederate_core_AYXE5i (1879048193)[operating]:: core tick
[2025-08-01 13:12:22.060] [console] [info] DSSfederate_core_AYXE5i (1879048193)[operating]:: core tick
[2025-08-01 13:12:32.060] [console] [info] DSSfederate_core_AYXE5i (1879048193)[operating]:: core tick
[2025-08-01 13:12:32.299] [console] [debug] DSSfederate (131073)[180]::receive PUBLICATION pub:From (131072) handle(0) size 0 at 240 to 131073 from storage_powers
[2025-08-01 13:12:32.299] [console] [debug] DSSfederate (131073)[240]::Granted Time=240
[2025-08-01 13:12:42.060] [console] [info] DSSfederate_core_AYXE5i (1879048193)[operating]:: core tick
[2025-08-01 13:12:52.061] [console] [info] DSSfederate_core_AYXE5i (1879048193)[operating]:: core tick
[2025-08-01 13:13:02.061] [console] [info] DSSfederate_core_AYXE5i (1879048193)[operating]:: core tick
[2025-08-01 13:13:12.061] [console] [info] DSSfederate_core_AYXE5i (1879048193)[operating]:: core tick
[2025-08-01 13:13:22.062] [console] [info] DSSfederate_core_AYXE5i (1879048193)[operating]:: core tick
[2025-08-01 13:13:32.062] [console] [info] DSSfederate_core_AYXE5i (1879048193)[operating]:: core tick
[2025-08-01 13:13:32.300] [console] [debug] DSSfederate (131073)[300]::Granted Time=300
[2025-08-01 13:13:32.400] [console] [debug] DSSfederate (131073)[300]::Terminating
[2025-08-01 13:13:32.400] [console] [debug] DSSfederate (131073)[300]::Granted Time=300
Entering executing mode...


This is coming from the publisher, federate1.py, and it is grabbed by helicsInputGetString


:  {"bat_1": 11.0, "bat_2": 21.0} 


t=60.0: Received dict with 2 keys, values: {'bat_1': 11.0, 'bat_2': 21.0}


This is coming from the publisher, federate1.py, and it is grabbed by helicsInputGetString


:  {"bat_1": 12.0, "bat_2": 22.0} 


t=120.0: Received dict with 2 keys, values: {'bat_1': 12.0, 'bat_2': 22.0}


This is coming from the publisher, federate1.py, and it is grabbed by helicsInputGetString


:  {"bat_1": 13.0, "bat_2": 23.0} 


t=180.0: Received dict with 2 keys, values: {'bat_1': 13.0, 'bat_2': 23.0}


This is coming from the publisher, federate1.py, and it is grabbed by helicsInputGetString


:  {"bat_1": 14.0, "bat_2": 24.0} 


t=240.0: Received dict with 2 keys, values: {'bat_1': 14.0, 'bat_2': 24.0}


This is coming from the publisher, federate1.py, and it is grabbed by helicsInputGetString


:  {"bat_1": 14.0, "bat_2": 24.0} 


t=300.0: Received dict with 2 keys, values: {'bat_1': 14.0, 'bat_2': 24.0}
DSSfederate done.
DSSfederate execution completed.
