
Processing 2017-12-31 21:30:00 PST...
Core profiler results
======================

Total objects                 24 objects
Parallelism                    1 thread
Total time                   6.0 seconds
  Core time                  1.5 seconds (24.3%)
    Compiler                 0.0 seconds (0.3%)
    Instances                0.0 seconds (0.0%)
    Random variables         0.0 seconds (0.0%)
    Schedules                0.0 seconds (0.0%)
    Loadshapes               0.0 seconds (0.0%)
    Enduses                  0.0 seconds (0.0%)
    Transforms               0.0 seconds (0.0%)
  Model time                 4.5 seconds/thread (75.7%)
Simulation time                1 days
Simulation speed              96 object.hours/second
Passes completed             218 passes
Time steps completed         145 timesteps
Convergence efficiency      1.50 passes/timestep
Read lock contention        0.0%
Write lock contention       0.0%
Average timestep            596 seconds/timestep
Simulation rate           14400 x realtime


Model profiler results
======================

Class            Time (s) Time (%) msec/obj
---------------- -------- -------- --------
helics_msg         4.533     99.7%   4533.0
node               0.003      0.1%      0.8
overhead_line      0.002      0.0%      0.7
recorder           0.002      0.0%      0.7
transformer        0.001      0.0%      0.7
triplex_load       0.001      0.0%      0.9
triplex_meter      0.001      0.0%      0.8
meter              0.001      0.0%      0.8
overhead_line_co   0.000      0.0%      0.0
transformer_conf   0.000      0.0%      0.0
triplex_line_con   0.000      0.0%      0.0
================ ======== ======== ========
Total              4.544    100.0%    189.4

