Starting house federate: House_1
Initializing OCHRE dwelling...
2025-10-18 12:01:32.000789 - House_1 at 2018-01-01 00:00:00: Initializing House_1 (OCHRE v0.9.1)
2025-10-18 12:01:32.000887 - House_1 at 2018-01-01 00:00:00: Removing previous results file: /home/deras/gld-opedss-ochre-helics/ochre_helics_example/my_examples/my_cosim/cosimulation/bldg0112631/up00/House_1.csv
2025-10-18 12:01:32.004695 - House_1 at 2018-01-01 00:00:00: Removing previous results file: /home/deras/gld-opedss-ochre-helics/ochre_helics_example/my_examples/my_cosim/cosimulation/bldg0112631/up00/House_1_metrics.csv
2025-10-18 12:01:32.004801 - House_1 at 2018-01-01 00:00:00: Removing previous results file: /home/deras/gld-opedss-ochre-helics/ochre_helics_example/my_examples/my_cosim/cosimulation/bldg0112631/up00/House_1_hourly.csv
WARNING: Properties file weather station (G0800310) may be different from weather file used: /home/deras/.local/lib/python3.12/site-packages/ochre/defaults/Weather/USA_CO_Denver.Intl.AP.725650_TMY3.epw
WARNING: Cooling setpoint is within 1C of heating setpoint. Separating setpoints by at least 1C.
2025-10-18 12:01:34.802012 - House_1 at 2018-01-01 00:00:00: Running initialization for 1 day, 0:00:00
2025-10-18 12:01:34.961243 - House_1 at 2018-01-01 00:00:00: Dwelling Initialized
House_1 initialized successfully!
House_1 entering simulation loop...
2018-01-01 00:00:00: Power = 0.62 kW (620 W)
2018-01-01 00:10:00: Power = 0.62 kW (624 W)
2018-01-01 00:20:00: Power = 0.62 kW (624 W)
2018-01-01 00:30:00: Power = 0.62 kW (625 W)
2018-01-01 00:40:00: Power = 0.63 kW (626 W)
2018-01-01 00:50:00: Power = 0.63 kW (627 W)
2018-01-01 01:00:00: Power = 0.63 kW (627 W)
2018-01-01 01:10:00: Power = 0.63 kW (628 W)
2018-01-01 01:20:00: Power = 0.63 kW (629 W)
2018-01-01 01:30:00: Power = 0.61 kW (614 W)
2018-01-01 01:40:00: Power = 0.62 kW (616 W)
2018-01-01 01:50:00: Power = 0.62 kW (617 W)
2018-01-01 02:00:00: Power = 0.62 kW (617 W)
2018-01-01 02:10:00: Power = 0.62 kW (618 W)
2018-01-01 02:20:00: Power = 0.62 kW (619 W)
2018-01-01 02:30:00: Power = 0.61 kW (607 W)
2018-01-01 02:40:00: Power = 0.61 kW (608 W)
2018-01-01 02:50:00: Power = 0.61 kW (609 W)
2018-01-01 03:00:00: Power = 0.61 kW (609 W)
2018-01-01 03:10:00: Power = 0.61 kW (610 W)
2018-01-01 03:20:00: Power = 0.61 kW (612 W)
2018-01-01 03:30:00: Power = 0.60 kW (603 W)
2018-01-01 03:40:00: Power = 0.60 kW (604 W)
2018-01-01 03:50:00: Power = 0.60 kW (605 W)
2018-01-01 04:00:00: Power = 0.60 kW (605 W)
2018-01-01 04:10:00: Power = 0.61 kW (606 W)
2018-01-01 04:20:00: Power = 0.61 kW (607 W)
2018-01-01 04:30:00: Power = 0.59 kW (594 W)
2018-01-01 04:40:00: Power = 0.59 kW (595 W)
2018-01-01 04:50:00: Power = 0.60 kW (596 W)
2018-01-01 05:00:00: Power = 0.60 kW (596 W)
2018-01-01 05:10:00: Power = 0.60 kW (596 W)
2018-01-01 05:20:00: Power = 0.60 kW (597 W)
2018-01-01 05:30:00: Power = 0.58 kW (579 W)
2018-01-01 05:40:00: Power = 0.58 kW (579 W)
2018-01-01 05:50:00: Power = 0.62 kW (624 W)
2018-01-01 06:00:00: Power = 0.66 kW (663 W)
2018-01-01 06:10:00: Power = 0.66 kW (662 W)
2018-01-01 06:20:00: Power = 0.66 kW (663 W)
2018-01-01 06:30:00: Power = 0.98 kW (984 W)
2018-01-01 06:40:00: Power = 0.98 kW (976 W)
2018-01-01 06:50:00: Power = 0.98 kW (976 W)
2018-01-01 07:00:00: Power = 1.12 kW (1122 W)
2018-01-01 07:10:00: Power = 1.12 kW (1117 W)
2018-01-01 07:20:00: Power = 1.12 kW (1117 W)
2018-01-01 07:30:00: Power = 1.10 kW (1099 W)
2018-01-01 07:40:00: Power = 1.10 kW (1099 W)
2018-01-01 07:50:00: Power = 1.10 kW (1098 W)
2018-01-01 08:00:00: Power = 1.11 kW (1113 W)
2018-01-01 08:10:00: Power = 1.11 kW (1113 W)
2018-01-01 08:20:00: Power = 1.11 kW (1112 W)
2018-01-01 08:30:00: Power = 1.09 kW (1093 W)
2018-01-01 08:40:00: Power = 1.09 kW (1092 W)
2018-01-01 08:50:00: Power = 1.09 kW (1091 W)
2018-01-01 09:00:00: Power = 1.09 kW (1092 W)
2018-01-01 09:10:00: Power = 1.09 kW (1091 W)
2018-01-01 09:20:00: Power = 1.09 kW (1091 W)
2018-01-01 09:30:00: Power = 1.05 kW (1051 W)
2018-01-01 09:40:00: Power = 1.05 kW (1048 W)
2018-01-01 09:50:00: Power = 1.04 kW (1045 W)
2018-01-01 10:00:00: Power = 1.04 kW (1037 W)
2018-01-01 10:10:00: Power = 1.04 kW (1035 W)
2018-01-01 10:20:00: Power = 1.03 kW (1033 W)
2018-01-01 10:30:00: Power = 1.00 kW (1003 W)
2018-01-01 10:40:00: Power = 1.00 kW (1000 W)
2018-01-01 10:50:00: Power = 1.00 kW (998 W)
2018-01-01 11:00:00: Power = 1.00 kW (998 W)
2018-01-01 11:10:00: Power = 0.99 kW (995 W)
2018-01-01 11:20:00: Power = 0.99 kW (992 W)
2018-01-01 11:30:00: Power = 0.65 kW (647 W)
2018-01-01 11:40:00: Power = 0.65 kW (652 W)
2018-01-01 11:50:00: Power = 0.65 kW (650 W)
2018-01-01 12:00:00: Power = 0.65 kW (653 W)
2018-01-01 12:10:00: Power = 0.65 kW (651 W)
2018-01-01 12:20:00: Power = 0.65 kW (648 W)
2018-01-01 12:30:00: Power = 0.65 kW (645 W)
2018-01-01 12:40:00: Power = 0.64 kW (644 W)
2018-01-01 12:50:00: Power = 0.64 kW (643 W)
2018-01-01 13:00:00: Power = 0.64 kW (640 W)
2018-01-01 13:10:00: Power = 0.64 kW (639 W)
2018-01-01 13:20:00: Power = 0.64 kW (637 W)
2018-01-01 13:30:00: Power = 0.64 kW (644 W)
2018-01-01 13:40:00: Power = 0.64 kW (642 W)
2018-01-01 13:50:00: Power = 0.64 kW (641 W)
2018-01-01 14:00:00: Power = 0.63 kW (632 W)
2018-01-01 14:10:00: Power = 0.63 kW (631 W)
2018-01-01 14:20:00: Power = 0.63 kW (629 W)
2018-01-01 14:30:00: Power = 0.63 kW (627 W)
2018-01-01 14:40:00: Power = 0.63 kW (626 W)
2018-01-01 14:50:00: Power = 0.63 kW (626 W)
2018-01-01 15:00:00: Power = 0.65 kW (650 W)
2018-01-01 15:10:00: Power = 0.65 kW (648 W)
2018-01-01 15:20:00: Power = 0.65 kW (646 W)
2018-01-01 15:30:00: Power = 0.66 kW (655 W)
2018-01-01 15:40:00: Power = 0.66 kW (655 W)
2018-01-01 15:50:00: Power = 0.65 kW (654 W)
2018-01-01 16:00:00: Power = 0.70 kW (698 W)
2018-01-01 16:10:00: Power = 0.70 kW (696 W)
2018-01-01 16:20:00: Power = 0.70 kW (696 W)
2018-01-01 16:30:00: Power = 0.57 kW (566 W)
2018-01-01 16:40:00: Power = 0.57 kW (573 W)
2018-01-01 16:50:00: Power = 0.73 kW (728 W)
2018-01-01 17:00:00: Power = 0.81 kW (806 W)
2018-01-01 17:10:00: Power = 0.80 kW (804 W)
2018-01-01 17:20:00: Power = 0.80 kW (805 W)
2018-01-01 17:30:00: Power = 0.82 kW (823 W)
2018-01-01 17:40:00: Power = 0.82 kW (825 W)
2018-01-01 17:50:00: Power = 0.83 kW (826 W)
2018-01-01 18:00:00: Power = 0.66 kW (664 W)
2018-01-01 18:10:00: Power = 0.67 kW (671 W)
2018-01-01 18:20:00: Power = 0.67 kW (672 W)
2018-01-01 18:30:00: Power = 0.69 kW (693 W)
2018-01-01 18:40:00: Power = 0.69 kW (694 W)
2018-01-01 18:50:00: Power = 0.70 kW (695 W)
2018-01-01 19:00:00: Power = 0.69 kW (686 W)
2018-01-01 19:10:00: Power = 0.69 kW (687 W)
2018-01-01 19:20:00: Power = 0.69 kW (688 W)
2018-01-01 19:30:00: Power = 0.69 kW (693 W)
2018-01-01 19:40:00: Power = 0.69 kW (694 W)
2018-01-01 19:50:00: Power = 0.90 kW (900 W)
2018-01-01 20:00:00: Power = 0.83 kW (833 W)
2018-01-01 20:10:00: Power = 0.84 kW (836 W)
2018-01-01 20:20:00: Power = 0.84 kW (837 W)
2018-01-01 20:30:00: Power = 0.84 kW (838 W)
2018-01-01 20:40:00: Power = 0.84 kW (839 W)
2018-01-01 20:50:00: Power = 0.84 kW (840 W)
2018-01-01 21:00:00: Power = 0.78 kW (779 W)
2018-01-01 21:10:00: Power = 0.78 kW (782 W)
2018-01-01 21:20:00: Power = 0.78 kW (783 W)
2018-01-01 21:30:00: Power = 0.78 kW (785 W)
2018-01-01 21:40:00: Power = 0.79 kW (786 W)
2018-01-01 21:50:00: Power = 0.79 kW (787 W)
2018-01-01 22:00:00: Power = 0.73 kW (725 W)
2018-01-01 22:10:00: Power = 0.73 kW (728 W)
2018-01-01 22:20:00: Power = 0.73 kW (729 W)
2018-01-01 22:30:00: Power = 0.73 kW (732 W)
2018-01-01 22:40:00: Power = 0.73 kW (732 W)
2018-01-01 22:50:00: Power = 0.73 kW (733 W)
2018-01-01 23:00:00: Power = 0.63 kW (630 W)
2018-01-01 23:10:00: Power = 0.63 kW (635 W)
2018-01-01 23:20:00: Power = 0.64 kW (636 W)
2018-01-01 23:30:00: Power = 0.64 kW (639 W)
2018-01-01 23:40:00: Power = 0.64 kW (639 W)
2018-01-01 23:50:00: Power = 0.64 kW (640 W)
House_1 simulation complete!
2025-10-18 12:01:35.140709 - House_1 at 2018-01-02 00:00:00: Simulation complete, time series results saved to: /home/deras/gld-opedss-ochre-helics/ochre_helics_example/my_examples/my_cosim/cosimulation/bldg0112631/up00/House_1.csv
2025-10-18 12:01:35.142812 - House_1 at 2018-01-02 00:00:00: Post-processing metrics saved to: /home/deras/gld-opedss-ochre-helics/ochre_helics_example/my_examples/my_cosim/cosimulation/bldg0112631/up00/House_1_metrics.csv
2025-10-18 12:01:35.146732 - House_1 at 2018-01-02 00:00:00: Hourly results saved to: /home/deras/gld-opedss-ochre-helics/ochre_helics_example/my_examples/my_cosim/cosimulation/bldg0112631/up00/House_1_hourly.csv
/home/deras/.local/lib/python3.12/site-packages/helics/capi.py:2090: UserWarning: This function is deprecated. Use the `HelicsFederate.disconnect` function instead.
  warnings.warn("This function is deprecated. Use the `HelicsFederate.disconnect` function instead.")
