2025-10-17 20:04:35.919348 - House_1 at 2018-01-01 00:00:00: Initializing House_1 (OCHRE v0.9.1)
WARNING: Properties file weather station (G0800310) may be different from weather file used: /home/deras/.local/lib/python3.12/site-packages/ochre/defaults/Weather/USA_CO_Denver.Intl.AP.725650_TMY3.epw
WARNING: Cooling setpoint is within 1C of heating setpoint. Separating setpoints by at least 1C.
2025-10-17 20:04:38.354104 - PV at 2018-01-01 00:00:00: Running SAM
2025-10-17 20:04:38.744441 - House_1 at 2018-01-01 00:00:00: Running initialization for 1 day, 0:00:00
2025-10-17 20:04:38.919886 - House_1 at 2018-01-01 00:00:00: Dwelling Initialized
House_1 initialized
House_1 entering simulation loop...
2018-01-01 00:00:00: Power = 0.62 kW
2018-01-01 00:10:00: Power = 0.62 kW
2018-01-01 00:20:00: Power = 0.62 kW
2018-01-01 00:30:00: Power = 0.62 kW
2018-01-01 00:40:00: Power = 0.63 kW
2018-01-01 00:50:00: Power = 0.63 kW
2018-01-01 01:00:00: Power = 0.63 kW
2018-01-01 01:10:00: Power = 0.63 kW
2018-01-01 01:20:00: Power = 0.63 kW
2018-01-01 01:30:00: Power = 0.61 kW
2018-01-01 01:40:00: Power = 0.62 kW
2018-01-01 01:50:00: Power = 0.62 kW
2018-01-01 02:00:00: Power = 0.62 kW
2018-01-01 02:10:00: Power = 0.62 kW
2018-01-01 02:20:00: Power = 0.62 kW
2018-01-01 02:30:00: Power = 0.61 kW
2018-01-01 02:40:00: Power = 0.61 kW
2018-01-01 02:50:00: Power = 0.61 kW
2018-01-01 03:00:00: Power = 0.61 kW
2018-01-01 03:10:00: Power = 0.61 kW
2018-01-01 03:20:00: Power = 0.61 kW
2018-01-01 03:30:00: Power = 0.60 kW
2018-01-01 03:40:00: Power = 0.60 kW
2018-01-01 03:50:00: Power = 0.60 kW
2018-01-01 04:00:00: Power = 0.60 kW
2018-01-01 04:10:00: Power = 0.61 kW
2018-01-01 04:20:00: Power = 0.61 kW
2018-01-01 04:30:00: Power = 0.59 kW
2018-01-01 04:40:00: Power = 0.59 kW
2018-01-01 04:50:00: Power = 0.60 kW
2018-01-01 05:00:00: Power = 0.60 kW
2018-01-01 05:10:00: Power = 0.60 kW
2018-01-01 05:20:00: Power = 0.60 kW
2018-01-01 05:30:00: Power = 0.58 kW
2018-01-01 05:40:00: Power = 0.58 kW
2018-01-01 05:50:00: Power = 0.62 kW
2018-01-01 06:00:00: Power = 0.66 kW
2018-01-01 06:10:00: Power = 0.66 kW
2018-01-01 06:20:00: Power = 0.66 kW
2018-01-01 06:30:00: Power = 0.98 kW
2018-01-01 06:40:00: Power = 0.98 kW
2018-01-01 06:50:00: Power = 0.98 kW
2018-01-01 07:00:00: Power = 1.12 kW
2018-01-01 07:10:00: Power = 1.12 kW
2018-01-01 07:20:00: Power = 1.12 kW
2018-01-01 07:30:00: Power = 1.10 kW
2018-01-01 07:40:00: Power = 1.10 kW
2018-01-01 07:50:00: Power = 1.10 kW
2018-01-01 08:00:00: Power = 1.11 kW
2018-01-01 08:10:00: Power = 1.11 kW
2018-01-01 08:20:00: Power = 1.10 kW
2018-01-01 08:30:00: Power = 0.78 kW
2018-01-01 08:40:00: Power = 0.76 kW
2018-01-01 08:50:00: Power = 0.74 kW
2018-01-01 09:00:00: Power = 0.73 kW
2018-01-01 09:10:00: Power = 0.71 kW
2018-01-01 09:20:00: Power = 0.69 kW
2018-01-01 09:30:00: Power = -0.15 kW
2018-01-01 09:40:00: Power = -0.24 kW
2018-01-01 09:50:00: Power = -0.33 kW
2018-01-01 10:00:00: Power = -0.41 kW
2018-01-01 10:10:00: Power = -0.49 kW
2018-01-01 10:20:00: Power = -0.57 kW
2018-01-01 10:30:00: Power = -0.86 kW
2018-01-01 10:40:00: Power = -0.93 kW
2018-01-01 10:50:00: Power = -0.99 kW
2018-01-01 11:00:00: Power = -1.05 kW
2018-01-01 11:10:00: Power = -1.10 kW
2018-01-01 11:20:00: Power = -1.15 kW
2018-01-01 11:30:00: Power = -1.79 kW
2018-01-01 11:40:00: Power = -1.83 kW
2018-01-01 11:50:00: Power = -1.87 kW
2018-01-01 12:00:00: Power = -1.91 kW
2018-01-01 12:10:00: Power = -1.95 kW
2018-01-01 12:20:00: Power = -1.98 kW
2018-01-01 12:30:00: Power = -1.51 kW
2018-01-01 12:40:00: Power = -1.53 kW
2018-01-01 12:50:00: Power = -1.55 kW
2018-01-01 13:00:00: Power = -1.57 kW
2018-01-01 13:10:00: Power = -1.58 kW
2018-01-01 13:20:00: Power = -1.59 kW
2018-01-01 13:30:00: Power = -1.81 kW
2018-01-01 13:40:00: Power = -1.82 kW
2018-01-01 13:50:00: Power = -1.82 kW
2018-01-01 14:00:00: Power = -1.82 kW
2018-01-01 14:10:00: Power = -1.81 kW
2018-01-01 14:20:00: Power = -1.80 kW
2018-01-01 14:30:00: Power = -1.21 kW
2018-01-01 14:40:00: Power = -1.22 kW
2018-01-01 14:50:00: Power = -1.22 kW
2018-01-01 15:00:00: Power = -1.20 kW
2018-01-01 15:10:00: Power = -1.20 kW
2018-01-01 15:20:00: Power = -1.21 kW
2018-01-01 15:30:00: Power = -0.78 kW
2018-01-01 15:40:00: Power = -0.74 kW
2018-01-01 15:50:00: Power = -0.70 kW
2018-01-01 16:00:00: Power = -0.61 kW
2018-01-01 16:10:00: Power = -0.52 kW
2018-01-01 16:20:00: Power = -0.29 kW
2018-01-01 16:30:00: Power = 0.35 kW
2018-01-01 16:40:00: Power = 0.37 kW
2018-01-01 16:50:00: Power = 0.73 kW
2018-01-01 17:00:00: Power = 0.81 kW
2018-01-01 17:10:00: Power = 0.80 kW
2018-01-01 17:20:00: Power = 0.80 kW
2018-01-01 17:30:00: Power = 0.82 kW
2018-01-01 17:40:00: Power = 0.82 kW
2018-01-01 17:50:00: Power = 0.83 kW
2018-01-01 18:00:00: Power = 0.66 kW
2018-01-01 18:10:00: Power = 0.67 kW
2018-01-01 18:20:00: Power = 0.67 kW
2018-01-01 18:30:00: Power = 0.69 kW
2018-01-01 18:40:00: Power = 0.69 kW
2018-01-01 18:50:00: Power = 0.70 kW
2018-01-01 19:00:00: Power = 0.69 kW
2018-01-01 19:10:00: Power = 0.69 kW
2018-01-01 19:20:00: Power = 0.69 kW
2018-01-01 19:30:00: Power = 0.69 kW
2018-01-01 19:40:00: Power = 0.69 kW
2018-01-01 19:50:00: Power = 0.90 kW
2018-01-01 20:00:00: Power = 0.83 kW
2018-01-01 20:10:00: Power = 0.84 kW
2018-01-01 20:20:00: Power = 0.84 kW
2018-01-01 20:30:00: Power = 0.84 kW
2018-01-01 20:40:00: Power = 0.84 kW
2018-01-01 20:50:00: Power = 0.84 kW
2018-01-01 21:00:00: Power = 0.78 kW
2018-01-01 21:10:00: Power = 0.78 kW
2018-01-01 21:20:00: Power = 0.78 kW
2018-01-01 21:30:00: Power = 0.78 kW
2018-01-01 21:40:00: Power = 0.79 kW
2018-01-01 21:50:00: Power = 0.79 kW
2018-01-01 22:00:00: Power = 0.73 kW
2018-01-01 22:10:00: Power = 0.73 kW
2018-01-01 22:20:00: Power = 0.73 kW
2018-01-01 22:30:00: Power = 0.73 kW
2018-01-01 22:40:00: Power = 0.73 kW
2018-01-01 22:50:00: Power = 0.73 kW
2018-01-01 23:00:00: Power = 0.63 kW
2018-01-01 23:10:00: Power = 0.63 kW
2018-01-01 23:20:00: Power = 0.64 kW
2018-01-01 23:30:00: Power = 0.64 kW
2018-01-01 23:40:00: Power = 0.64 kW
2018-01-01 23:50:00: Power = 0.64 kW
2025-10-17 20:04:39.109400 - House_1 at 2018-01-02 00:00:00: Simulation complete, time series results saved to: /home/deras/gld-opedss-ochre-helics/ochre_helics_example/my_examples/my_cosim/cosimulation/bldg0112631/up00/House_1.csv
2025-10-17 20:04:39.111434 - House_1 at 2018-01-02 00:00:00: Post-processing metrics saved to: /home/deras/gld-opedss-ochre-helics/ochre_helics_example/my_examples/my_cosim/cosimulation/bldg0112631/up00/House_1_metrics.csv
2025-10-17 20:04:39.116102 - House_1 at 2018-01-02 00:00:00: Hourly results saved to: /home/deras/gld-opedss-ochre-helics/ochre_helics_example/my_examples/my_cosim/cosimulation/bldg0112631/up00/House_1_hourly.csv
